Starting power gadget at 1435616496.581210866
Clock resolution:
	tv_sec: 0
	tv_nsec: 1
Current time:
	tv_sec: 6188
	tv_nsec: 218807055
Current time (s): 6188.218807
Total energy consumed: 39512.422821
Time (s) Power (W)
Starting stress at 1435616501.584690498
Welcome to the powerclamp cpu limiter. Please make sure you have
the module loaded. Type the limiting values. Press CTRL+C or q to exit.
The range is 0-50. The value is sleep injection percent.
Set to 0
Step to 0 at 1435616521.665698561
Set to 0.000
Step to 49.750 at 1435616536.717697056
Set to 49.750
Step to .250 at 1435616551.801921546
Set to 0.250
Step to 49.500 at 1435616566.873720913
Set to 49.500
Step to .500 at 1435616581.945967879
Set to 0.500
Step to 49.250 at 1435616597.021698848
Set to 49.250
Step to .750 at 1435616612.097899832
Set to 0.750
Step to 49.000 at 1435616627.173713806
Set to 49.000
Step to 1.000 at 1435616642.277979228
Set to 1.000
Step to 48.750 at 1435616657.321712270
Set to 48.750
Step to 1.250 at 1435616672.425913440
Set to 1.250
Step to 48.500 at 1435616687.509718774
Set to 48.500
Step to 1.500 at 1435616702.612325996
Set to 1.500
Step to 48.250 at 1435616717.689716008
Set to 48.250
Step to 1.750 at 1435616732.709077933
Set to 1.750
Step to 48.000 at 1435616747.749712847
Set to 48.000
Step to 2.000 at 1435616762.846055561
Set to 2.000
Step to 47.750 at 1435616777.901718055
Set to 47.750
Step to 2.250 at 1435616793.038130977
Set to 2.250
Step to 47.500 at 1435616808.093698910
Set to 47.500
Step to 2.500 at 1435616823.193925873
Set to 2.500
Step to 47.250 at 1435616838.265764852
Set to 47.250
Step to 2.750 at 1435616853.337912485
Set to 2.750
Step to 47.000 at 1435616868.415814799
Set to 47.000
Step to 3.000 at 1435616883.485965098
Set to 3.000
Step to 46.750 at 1435616898.557703108
Set to 46.750
Step to 3.250 at 1435616913.629901668
Set to 3.250
Step to 46.500 at 1435616928.701704020
Set to 46.500
Step to 3.500 at 1435616943.806053714
Set to 3.500
Step to 46.250 at 1435616958.853808465
Set to 46.250
Step to 3.750 at 1435616973.961958017
Set to 3.750
Step to 46.000 at 1435616989.037720968
Set to 46.000
Step to 4.000 at 1435617004.110440529
Set to 4.000
Step to 45.750 at 1435617019.181722093
Set to 45.750
Step to 4.250 at 1435617034.297993557
Set to 4.250
Step to 45.500 at 1435617049.349712445
Set to 45.500
Step to 4.500 at 1435617064.477995850
Set to 4.500
Step to 45.250 at 1435617079.541700409
Set to 45.250
Step to 4.750 at 1435617094.642478825
Set to 4.750
Step to 45.000 at 1435617109.721702336
Set to 45.000
Step to 5.000 at 1435617124.814028375
Set to 5.000
Step to 44.750 at 1435617139.864654756
Set to 44.750
Step to 5.250 at 1435617154.961927196
Set to 5.250
Step to 44.500 at 1435617170.049705836
Set to 44.500
Step to 5.500 at 1435617185.121863907
Set to 5.500
Step to 44.250 at 1435617200.205763272
Set to 44.250
Step to 5.750 at 1435617215.294036646
Set to 5.750
Step to 44.000 at 1435617230.341705052
Set to 44.000
Step to 6.000 at 1435617245.392899338
Set to 6.000
Step to 43.750 at 1435617260.450463988
Set to 43.750
Step to 6.250 at 1435617275.546603880
Set to 6.250
Step to 43.500 at 1435617290.649699607
Set to 43.500
Step to 6.500 at 1435617305.726026612
Set to 6.500
Step to 43.250 at 1435617320.837732499
Set to 43.250
Step to 6.750 at 1435617335.885884152
Set to 6.750
Step to 43.000 at 1435617350.961727951
Set to 43.000
Step to 7.000 at 1435617366.073752233
Set to 7.000
Step to 42.750 at 1435617381.153712352
Set to 42.750
Step to 7.250 at 1435617396.313905953
Set to 7.250
Step to 42.500 at 1435617411.401688296
Set to 42.500
Step to 7.500 at 1435617426.501848680
Set to 7.500
Step to 42.250 at 1435617441.560310934
Set to 42.250
Step to 7.750 at 1435617456.653740273
Set to 7.750
Step to 42.000 at 1435617471.733749924
Set to 42.000
Step to 8.000 at 1435617486.848360263
Set to 8.000
Step to 41.750 at 1435617501.929722307
Set to 41.750
Step to 8.250 at 1435617517.050337335
Set to 8.250
Step to 41.500 at 1435617532.125849940
Set to 41.500
Step to 8.500 at 1435617547.221905353
Set to 8.500
Step to 41.250 at 1435617562.273702527
Set to 41.250
Step to 8.750 at 1435617577.381842503
Set to 8.750
Step to 41.000 at 1435617592.463685624
Set to 41.000
Step to 9.000 at 1435617607.553991117
Set to 9.000
Step to 40.750 at 1435617622.621811016
Set to 40.750
Step to 9.250 at 1435617637.709929360
Set to 9.250
Step to 40.500 at 1435617652.765735729
Set to 40.500
Step to 9.500 at 1435617667.841691546
Set to 9.500
Step to 40.250 at 1435617682.953793898
Set to 40.250
Step to 9.750 at 1435617698.086037981
Set to 9.750
Step to 40.000 at 1435617713.165868138
Set to 40.000
Step to 10.000 at 1435617728.234120718
Set to 10.000
Step to 39.750 at 1435617743.297945573
Set to 39.750
Step to 10.250 at 1435617758.365899840
Set to 10.250
Step to 39.500 at 1435617773.445792346
Set to 39.500
Step to 10.500 at 1435617788.529901650
Set to 10.500
Step to 39.250 at 1435617803.605726872
Set to 39.250
Step to 10.750 at 1435617818.717876258
Set to 10.750
Step to 39.000 at 1435617833.809817274
Set to 39.000
Step to 11.000 at 1435617848.910574911
Set to 11.000
Step to 38.750 at 1435617863.985728111
Set to 38.750
Step to 11.250 at 1435617879.097876493
Set to 11.250
Step to 38.500 at 1435617894.169721136
Set to 38.500
Step to 11.500 at 1435617909.285926709
Set to 11.500
Step to 38.250 at 1435617924.353883731
Set to 38.250
Step to 11.750 at 1435617939.469944705
Set to 11.750
Step to 38.000 at 1435617954.525689239
Set to 38.000
Step to 12.000 at 1435617969.568917463
Set to 12.000
Step to 37.750 at 1435617984.653823228
Set to 37.750
Step to 12.250 at 1435617999.729824200
Set to 12.250
Step to 37.500 at 1435618014.828909227
Set to 37.500
Step to 12.500 at 1435618029.921849505
Set to 12.500
Step to 37.250 at 1435618044.981783397
Set to 37.250
Step to 12.750 at 1435618060.142054681
Set to 12.750
Step to 37.000 at 1435618075.251915006
Set to 37.000
Step to 13.000 at 1435618090.353860969
Set to 13.000
Step to 36.750 at 1435618105.465729585
Set to 36.750
Step to 13.250 at 1435618120.541955172
Set to 13.250
Step to 36.500 at 1435618135.637743812
Set to 36.500
Step to 13.500 at 1435618150.687546660
Set to 13.500
Step to 36.250 at 1435618165.798022280
Set to 36.250
Step to 13.750 at 1435618180.880593878
Set to 13.750
Step to 36.000 at 1435618195.933701311
Set to 36.000
Step to 14.000 at 1435618211.033857423
Set to 14.000
Step to 35.750 at 1435618226.081738628
Set to 35.750
Step to 14.250 at 1435618241.149883857
Set to 14.250
Step to 35.500 at 1435618256.193883832
Set to 35.500
Step to 14.500 at 1435618271.273873333
Set to 14.500
Step to 35.250 at 1435618286.341688059
Set to 35.250
Step to 14.750 at 1435618301.457934084
Set to 14.750
Step to 35.000 at 1435618316.525749527
Set to 35.000
Step to 15.000 at 1435618331.641961344
Set to 15.000
Step to 34.750 at 1435618346.734598422
Set to 34.750
Step to 15.250 at 1435618361.757524011
Set to 15.250
Step to 34.500 at 1435618376.825919252
Set to 34.500
Step to 15.500 at 1435618391.918079845
Set to 15.500
Step to 34.250 at 1435618406.997765713
Set to 34.250
Step to 15.750 at 1435618422.077910742
Set to 15.750
Step to 34.000 at 1435618437.149840340
Set to 34.000
Step to 16.000 at 1435618452.221775192
Set to 16.000
Step to 33.750 at 1435618467.333832943
Set to 33.750
Step to 16.250 at 1435618482.393820530
Set to 16.250
Step to 33.500 at 1435618497.437714023
Set to 33.500
Step to 16.500 at 1435618512.517870709
Set to 16.500
Step to 33.250 at 1435618527.613720234
Set to 33.250
Step to 16.750 at 1435618542.709847102
Set to 16.750
Step to 33.000 at 1435618557.785751444
Set to 33.000
Step to 17.000 at 1435618572.879807378
Set to 17.000
Step to 32.750 at 1435618587.945748020
Set to 32.750
Step to 17.250 at 1435618603.009903468
Set to 17.250
Step to 32.500 at 1435618618.117953424
Set to 32.500
Step to 17.500 at 1435618633.177834679
Set to 17.500
Step to 32.250 at 1435618648.297885288
Set to 32.250
Step to 17.750 at 1435618663.393866738
Set to 17.750
Step to 32.000 at 1435618678.501973631
Set to 32.000
Step to 18.000 at 1435618693.585702699
Set to 18.000
Step to 31.750 at 1435618708.657694452
Set to 31.750
Step to 18.250 at 1435618723.789948379
Set to 18.250
Step to 31.500 at 1435618738.894414191
Set to 31.500
Step to 18.500 at 1435618753.997946992
Set to 18.500
Step to 31.250 at 1435618769.073901437
Set to 31.250
Step to 18.750 at 1435618784.189803167
Set to 18.750
Step to 31.000 at 1435618799.277722072
Set to 31.000
Step to 19.000 at 1435618814.385959320
Set to 19.000
Step to 30.750 at 1435618829.481866776
Set to 30.750
Step to 19.250 at 1435618844.573932951
Set to 19.250
Step to 30.500 at 1435618859.665973300
Set to 30.500
Step to 19.500 at 1435618874.765928870
Set to 19.500
Step to 30.250 at 1435618889.857906282
Set to 30.250
Step to 19.750 at 1435618904.990080988
Set to 19.750
Step to 30.000 at 1435618920.029747111
Set to 30.000
Step to 20.000 at 1435618935.149793356
Set to 20.000
Step to 29.750 at 1435618950.281816668
Set to 29.750
Step to 20.250 at 1435618965.386350487
Set to 20.250
Step to 29.500 at 1435618980.465828625
Set to 29.500
Step to 20.500 at 1435618995.566149308
Set to 20.500
Step to 29.250 at 1435619010.641800302
Set to 29.250
Step to 20.750 at 1435619025.758043172
Set to 20.750
Step to 29.000 at 1435619040.865792086
Set to 29.000
Step to 21.000 at 1435619055.945965651
Set to 21.000
Step to 28.750 at 1435619071.013878841
Set to 28.750
Step to 21.250 at 1435619086.105836818
Set to 21.250
Step to 28.500 at 1435619101.205709075
Set to 28.500
Step to 21.500 at 1435619116.285787313
Set to 21.500
Step to 28.250 at 1435619131.375071098
Set to 28.250
Step to 21.750 at 1435619146.445761715
Set to 21.750
Step to 28.000 at 1435619161.525721852
Set to 28.000
Step to 22.000 at 1435619176.597856999
Set to 22.000
Step to 27.750 at 1435619191.701806731
Set to 27.750
Step to 22.250 at 1435619206.777921575
Set to 22.250
Step to 27.500 at 1435619221.913986512
Set to 27.500
Step to 22.500 at 1435619237.006062576
Set to 22.500
Step to 27.250 at 1435619252.077782557
Set to 27.250
Step to 22.750 at 1435619267.181869195
Set to 22.750
Step to 27.000 at 1435619282.282798397
Set to 27.000
Step to 23.000 at 1435619297.353784348
Set to 23.000
Step to 26.750 at 1435619312.486048146
Set to 26.750
Step to 23.250 at 1435619327.586186362
Set to 23.250
Step to 26.500 at 1435619342.669770208
Set to 26.500
Step to 23.500 at 1435619357.781718470
Set to 23.500
Step to 26.250 at 1435619372.881866623
Set to 26.250
Step to 23.750 at 1435619388.006031890
Set to 23.750
Step to 26.000 at 1435619403.077860924
Set to 26.000
Step to 24.000 at 1435619418.206155499
Set to 24.000
Step to 25.750 at 1435619433.293839113
Set to 25.750
Step to 24.250 at 1435619448.445851751
Set to 24.250
Step to 25.500 at 1435619463.537917301
Set to 25.500
Step to 24.500 at 1435619478.593859576
Set to 24.500
Step to 25.250 at 1435619493.674400611
Set to 25.250
Step to 24.750 at 1435619508.745700175
Set to 24.750
Step to 25.000 at 1435619523.837752731
Set to 25.000
Step to 25.000 at 1435619538.945778624
Set to 25.000
Step to 24.750 at 1435619554.053517311
Set to 24.750
Step to 25.250 at 1435619569.121963169
Set to 25.250
Step to 24.500 at 1435619584.201792016
Set to 24.500
Step to 25.500 at 1435619599.329776353
Set to 25.500
Step to 24.250 at 1435619614.445920808
Set to 24.250
Step to 25.750 at 1435619629.529886431
Set to 25.750
Step to 24.000 at 1435619644.625793092
Set to 24.000
Step to 26.000 at 1435619659.665767314
Set to 26.000
Step to 23.750 at 1435619674.769837787
Set to 23.750
Step to 26.250 at 1435619689.837741085
Set to 26.250
Step to 23.500 at 1435619704.893759947
Set to 23.500
Step to 26.500 at 1435619719.973959276
Set to 26.500
Step to 23.250 at 1435619735.101882264
Set to 23.250
Step to 26.750 at 1435619750.181917400
Set to 26.750
Step to 23.000 at 1435619765.310031338
Set to 23.000
Step to 27.000 at 1435619780.394832423
Set to 27.000
Step to 22.750 at 1435619795.441896922
Set to 22.750
Step to 27.250 at 1435619810.513768705
Set to 27.250
Step to 22.500 at 1435619825.638315894
Set to 22.500
Step to 27.500 at 1435619840.725806107
Set to 27.500
Step to 22.250 at 1435619855.824572226
Set to 22.250
Step to 27.750 at 1435619870.925903936
Set to 27.750
Step to 22.000 at 1435619886.022036654
Set to 22.000
Step to 28.000 at 1435619901.088142584
Set to 28.000
Step to 21.750 at 1435619916.221897278
Set to 21.750
Step to 28.250 at 1435619931.285756069
Set to 28.250
Step to 21.500 at 1435619946.373786359
Set to 21.500
Step to 28.500 at 1435619961.450012131
Set to 28.500
Step to 21.250 at 1435619976.521706139
Set to 21.250
Step to 28.750 at 1435619991.633840363
Set to 28.750
Step to 21.000 at 1435620006.738023323
Set to 21.000
Step to 29.000 at 1435620021.814046218
Set to 29.000
Step to 20.750 at 1435620036.909956957
Set to 20.750
Step to 29.250 at 1435620051.985940942
Set to 29.250
Step to 20.500 at 1435620067.024934896
Set to 20.500
Step to 29.500 at 1435620082.061744644
Set to 29.500
Step to 20.250 at 1435620097.121289284
Set to 20.250
Step to 29.750 at 1435620112.214229608
Set to 29.750
Step to 20.000 at 1435620127.310087720
Set to 20.000
Step to 30.000 at 1435620142.364756614
Set to 30.000
Step to 19.750 at 1435620157.469929599
Set to 19.750
Step to 30.250 at 1435620172.585879407
Set to 30.250
Step to 19.500 at 1435620187.653788271
Set to 19.500
Step to 30.500 at 1435620202.721867851
Set to 30.500
Step to 19.250 at 1435620217.797852725
Set to 19.250
Step to 30.750 at 1435620232.857705368
Set to 30.750
Step to 19.000 at 1435620248.001998494
Set to 19.000
Step to 31.000 at 1435620263.114306133
Set to 31.000
Step to 18.750 at 1435620278.193697971
Set to 18.750
Step to 31.250 at 1435620293.326055115
Set to 31.250
Step to 18.500 at 1435620308.425796749
Set to 18.500
Step to 31.500 at 1435620323.533887688
Set to 31.500
Step to 18.250 at 1435620338.653852777
Set to 18.250
Step to 31.750 at 1435620353.761858279
Set to 31.750
Step to 18.000 at 1435620368.861949421
Set to 18.000
Step to 32.000 at 1435620383.921746617
Set to 32.000
Step to 17.750 at 1435620399.002130045
Set to 17.750
Step to 32.250 at 1435620414.077764441
Set to 32.250
Step to 17.500 at 1435620429.149905592
Set to 17.500
Step to 32.500 at 1435620444.217859612
Set to 32.500
Step to 17.250 at 1435620459.289970603
Set to 17.250
Step to 32.750 at 1435620474.397895439
Set to 32.750
Step to 17.000 at 1435620489.481274516
Set to 17.000
Step to 33.000 at 1435620504.553780972
Set to 33.000
Step to 16.750 at 1435620519.677940564
Set to 16.750
Step to 33.250 at 1435620534.773828118
Set to 33.250
Step to 16.500 at 1435620549.865968377
Set to 16.500
Step to 33.500 at 1435620564.937702850
Set to 33.500
Step to 16.250 at 1435620580.061769546
Set to 16.250
Step to 33.750 at 1435620595.149978546
Set to 33.750
Step to 16.000 at 1435620610.213786189
Set to 16.000
Step to 34.000 at 1435620625.277718661
Set to 34.000
Step to 15.750 at 1435620640.389935074
Set to 15.750
Step to 34.250 at 1435620655.461740330
Set to 34.250
Step to 15.500 at 1435620670.542009899
Set to 15.500
Step to 34.500 at 1435620685.645788146
Set to 34.500
Step to 15.250 at 1435620700.765843235
Set to 15.250
Step to 34.750 at 1435620715.814044377
Set to 34.750
Step to 15.000 at 1435620730.921959215
Set to 15.000
Step to 35.000 at 1435620746.029787742
Set to 35.000
Step to 14.750 at 1435620761.103864899
Set to 14.750
Step to 35.250 at 1435620776.177700227
Set to 35.250
Step to 14.500 at 1435620791.246059481
Set to 14.500
Step to 35.500 at 1435620806.289758572
Set to 35.500
Step to 14.250 at 1435620821.405931965
Set to 14.250
Step to 35.750 at 1435620836.477731173
Set to 35.750
Step to 14.000 at 1435620851.537849730
Set to 14.000
Step to 36.000 at 1435620866.630283355
Set to 36.000
Step to 13.750 at 1435620881.741888077
Set to 13.750
Step to 36.250 at 1435620896.841771981
Set to 36.250
Step to 13.500 at 1435620911.909836776
Set to 13.500
Step to 36.500 at 1435620927.021724586
Set to 36.500
Step to 13.250 at 1435620942.085758566
Set to 13.250
Step to 36.750 at 1435620957.181704246
Set to 36.750
Step to 13.000 at 1435620972.265899961
Set to 13.000
Step to 37.000 at 1435620987.369825712
Set to 37.000
Step to 12.750 at 1435621002.449964156
Set to 12.750
Step to 37.250 at 1435621017.525816492
Set to 37.250
Step to 12.500 at 1435621032.602084505
Set to 12.500
Step to 37.500 at 1435621047.677698401
Set to 37.500
Step to 12.250 at 1435621062.749950561
Set to 12.250
Step to 37.750 at 1435621077.840737927
Set to 37.750
Step to 12.000 at 1435621092.929853906
Set to 12.000
Step to 38.000 at 1435621107.977721349
Set to 38.000
Step to 11.750 at 1435621123.069980998
Set to 11.750
Step to 38.250 at 1435621138.133705851
Set to 38.250
Step to 11.500 at 1435621153.229990692
Set to 11.500
Step to 38.500 at 1435621168.305711832
Set to 38.500
Step to 11.250 at 1435621183.394014214
Set to 11.250
Step to 38.750 at 1435621198.441690645
Set to 38.750
Step to 11.000 at 1435621213.565918313
Set to 11.000
Step to 39.000 at 1435621228.653703662
Set to 39.000
Step to 10.750 at 1435621243.750000120
Set to 10.750
Step to 39.250 at 1435621258.825708068
Set to 39.250
Step to 10.500 at 1435621273.905829336
Set to 10.500
Step to 39.500 at 1435621288.977700689
Set to 39.500
Step to 10.250 at 1435621304.089989353
Set to 10.250
Step to 39.750 at 1435621319.141693313
Set to 39.750
Step to 10.000 at 1435621334.237978314
Set to 10.000
Step to 40.000 at 1435621349.345747276
Set to 40.000
Step to 9.750 at 1435621364.367862747
Set to 9.750
Step to 40.250 at 1435621379.401692899
Set to 40.250
Step to 9.500 at 1435621394.510078468
Set to 9.500
Step to 40.500 at 1435621409.569690569
Set to 40.500
Step to 9.250 at 1435621424.665966278
Set to 9.250
Step to 40.750 at 1435621439.737302486
Set to 40.750
Step to 9.000 at 1435621454.808243310
Set to 9.000
Step to 41.000 at 1435621469.901795459
Set to 41.000
Step to 8.750 at 1435621485.001917887
Set to 8.750
Step to 41.250 at 1435621500.073700446
Set to 41.250
Step to 8.500 at 1435621515.148923118
Set to 8.500
Step to 41.500 at 1435621530.225851511
Set to 41.500
Step to 8.250 at 1435621545.297882748
Set to 8.250
Step to 41.750 at 1435621560.401699252
Set to 41.750
Step to 8.000 at 1435621575.485878066
Set to 8.000
Step to 42.000 at 1435621590.589814683
Set to 42.000
Step to 7.750 at 1435621605.677814214
Set to 7.750
Step to 42.250 at 1435621620.745695155
Set to 42.250
Step to 7.500 at 1435621635.854037506
Set to 7.500
Step to 42.500 at 1435621650.901772134
Set to 42.500
Step to 7.250 at 1435621665.998521612
Set to 7.250
Step to 42.750 at 1435621681.049695302
Set to 42.750
Step to 7.000 at 1435621696.161765583
Set to 7.000
Step to 43.000 at 1435621711.261692396
Set to 43.000
Step to 6.750 at 1435621726.334105123
Set to 6.750
Step to 43.250 at 1435621741.445752816
Set to 43.250
Step to 6.500 at 1435621756.545996281
Set to 6.500
Step to 43.500 at 1435621771.649813239
Set to 43.500
Step to 6.250 at 1435621786.766127293
Set to 6.250
Step to 43.750 at 1435621801.837821898
Set to 43.750
Step to 6.000 at 1435621816.925878083
Set to 6.000
Step to 44.000 at 1435621832.025698454
Set to 44.000
Step to 5.750 at 1435621847.102040572
Set to 5.750
Step to 44.250 at 1435621862.176984502
Set to 44.250
Step to 5.500 at 1435621877.282052787
Set to 5.500
Step to 44.500 at 1435621892.329688313
Set to 44.500
Step to 5.250 at 1435621907.405920879
Set to 5.250
Step to 44.750 at 1435621922.473765865
Set to 44.750
Step to 5.000 at 1435621937.545887277
Set to 5.000
Step to 45.000 at 1435621952.597712947
Set to 45.000
Step to 4.750 at 1435621967.693924368
Set to 4.750
Step to 45.250 at 1435621982.773690549
Set to 45.250
Step to 4.500 at 1435621997.885929801
Set to 4.500
Step to 45.500 at 1435622012.961701453
Set to 45.500
Step to 4.250 at 1435622028.062073721
Set to 4.250
Step to 45.750 at 1435622043.109704079
Set to 45.750
Step to 4.000 at 1435622058.205777004
Set to 4.000
Step to 46.000 at 1435622073.281713299
Set to 46.000
Step to 3.750 at 1435622088.418416638
Set to 3.750
Step to 46.250 at 1435622103.497706589
Set to 46.250
Step to 3.500 at 1435622118.601901519
Set to 3.500
Step to 46.500 at 1435622133.673704030
Set to 46.500
Step to 3.250 at 1435622148.749949411
Set to 3.250
Step to 46.750 at 1435622163.825707067
Set to 46.750
Step to 3.000 at 1435622178.926402105
Set to 3.000
Step to 47.000 at 1435622193.973696191
Set to 47.000
Step to 2.750 at 1435622209.089923992
Set to 2.750
Step to 47.250 at 1435622224.169695243
Set to 47.250
Step to 2.500 at 1435622239.273991207
Set to 2.500
Step to 47.500 at 1435622254.349693564
Set to 47.500
Step to 2.250 at 1435622269.454068511
Set to 2.250
Step to 47.750 at 1435622284.505694640
Set to 47.750
Step to 2.000 at 1435622299.609950150
Set to 2.000
Step to 48.000 at 1435622314.685719207
Set to 48.000
Step to 1.750 at 1435622329.761899356
Set to 1.750
Step to 48.250 at 1435622344.857810550
Set to 48.250
Step to 1.500 at 1435622359.947301627
Set to 1.500
Step to 48.500 at 1435622375.033697728
Set to 48.500
Step to 1.250 at 1435622390.126070391
Set to 1.250
Step to 48.750 at 1435622405.173691899
Set to 48.750
Step to 1.000 at 1435622420.270032755
Set to 1.000
Step to 49.000 at 1435622435.321689226
Set to 49.000
Step to .750 at 1435622450.372458915
Set to 0.750
Step to 49.250 at 1435622465.417697268
Set to 49.250
Step to .500 at 1435622480.464967010
Set to 0.500
Step to 49.500 at 1435622495.505695489
Set to 49.500
Step to .250 at 1435622510.606460367
Set to 0.250
Step to 49.750 at 1435622525.653717284
Set to 49.750
Step to 0 at 1435622540.708856996
Set to 0.000
Quitting at 1435622555.725714754
Reset powerclamp.
Done
Stopping stress at 1435622560.757709039
stress: FAIL: [12417] (416) <-- worker 12419 got signal 15
stress: WARN: [12417] (418) now reaping child worker processes
stress: FAIL: [12417] (422) kill error: No such process
stress: FAIL: [12417] (416) <-- worker 12420 got signal 15
stress: WARN: [12417] (418) now reaping child worker processes
stress: FAIL: [12417] (422) kill error: No such process
stress: FAIL: [12417] (416) <-- worker 12421 got signal 15
stress: WARN: [12417] (418) now reaping child worker processes
stress: FAIL: [12417] (422) kill error: No such process
stress: FAIL: [12417] (416) <-- worker 12422 got signal 15
stress: WARN: [12417] (418) now reaping child worker processes
stress: FAIL: [12417] (422) kill error: No such process
stress: FAIL: [12417] (452) failed run completed in 6059s
Stopping power gadget at 1435622565.857713419
Done.
