8254.273912 13.525378
8254.424558 19.543544
8254.575105 16.632305
8254.725640 10.834868
8254.876196 9.567694
8255.026725 10.411676
8255.177253 10.328480
8255.327790 9.195071
8255.478312 10.584306
8255.628841 9.814746
8255.779369 10.676541
8255.929894 10.619844
8256.080424 9.987823
8256.230950 9.399673
8256.381479 9.763167
8256.531993 10.962791
8256.682556 19.537135
8256.833107 19.538858
8256.983643 9.792092
8257.134171 9.867809
8257.284693 9.318561
8257.435211 9.906177
8257.585739 10.247917
8257.736293 9.730498
8257.886821 10.430710
8258.037349 10.502773
8258.187878 10.394823
8258.338401 10.285651
8258.488935 10.712833
8258.639458 10.378747
8258.789980 9.710417
8258.940584 17.371772
8259.091129 19.563852
8259.241472 30.795921
8259.391774 35.065275
8259.542065 35.085766
8259.692355 35.095161
8259.842643 35.109694
8259.992930 34.857771
8260.143222 35.105415
8260.293513 35.099955
8260.443801 35.092907
8260.594091 35.093351
8260.744379 35.086593
8260.894665 35.082088
8261.044975 35.084442
8261.195277 35.206325
8261.345595 35.330072
8261.495896 35.117203
8261.646181 34.890157
8261.796469 35.097405
8261.946756 35.112943
8262.097055 35.125920
8262.247338 35.101142
8262.397626 35.093799
8262.547915 35.102445
8262.698202 35.094413
8262.848486 34.882318
8262.998773 35.122125
8263.149061 35.109887
8263.299347 35.130985
8263.449655 35.309067
8263.599969 35.396495
8263.750268 35.126234
8263.900555 35.119905
8264.050846 35.095494
the module loaded and acpi-cpufreq driver installed (try 
8264.201142 35.172535
8264.351441 34.914550
8264.501730 35.115130
8264.652022 35.131857
8264.802308 35.131978
8264.952594 35.143155
8265.102882 35.142263
8265.253175 35.137956
8265.403464 35.153526
8265.553753 34.929409
8265.704058 35.347742
8265.856244 35.425709
8266.006553 35.161146
8266.156847 35.142362
8266.307134 35.136851
8266.457420 35.144795
8266.607709 35.149527
8266.757997 35.137879
8266.908287 35.148497
8267.058578 34.917358
8267.208874 35.148239
8267.359161 35.157972
8267.509445 35.169062
8267.659733 35.151302
8267.810020 35.149291
8267.960328 35.303150
8268.110644 35.396356
8268.260946 35.166463
8268.411234 35.149095
8268.561524 34.932308
8268.711813 35.151427
8268.862099 35.151206
8269.012387 35.151939
8269.162675 35.149234
8269.312962 35.152367
8269.463248 35.146269
8269.613536 35.146430
8269.763822 35.156598
8269.914109 35.167050
8270.064396 34.926528
8270.216244 35.483138
8270.366571 34.242252
8270.516878 35.171573
8270.667167 35.164633
8270.817455 34.937396
8270.967741 35.158811
8271.118031 35.155673
8271.268319 35.162264
8271.418607 35.169075
8271.568897 35.162919
8271.719184 35.160064
8271.869472 35.168223
8272.019762 35.163002
8272.170051 35.158959
8272.340066 35.102567
8272.490387 35.341509
8272.640775 35.354805
8272.791079 35.161953
8272.941362 35.177389
8273.091648 35.168912
8273.241931 35.173403
8273.392222 34.933137
8273.542503 35.172729
8273.692789 35.170848
8273.843071 35.179507
8273.993359 35.177701
8274.143640 35.164736
8274.293929 35.171547
8274.444216 35.180399
8274.594502 34.940685
8274.744808 35.381555
8274.895124 35.427418
8275.045418 35.164728
8275.195711 35.164219
8275.345998 35.176877
8275.496287 35.182664
8275.646568 35.174970
8275.796857 35.177827
8275.947140 35.185552
8276.097425 35.186445
8276.247709 34.945954
8276.397998 35.185672
8276.548279 35.171975
8276.698563 35.156330
8276.856238 35.124736
8277.012257 35.407657
8277.162573 35.388056
8277.312875 35.136522
8277.463174 35.150394
8277.613462 35.145928
8277.763747 35.111321
8277.914033 34.905634
8278.064322 35.151132
8278.214610 35.172288
8278.364896 35.169884
8278.515185 35.185381
8278.665473 35.189983
8278.815759 35.171274
8278.966046 35.174426
8279.116333 35.170651
8279.266638 35.395828
8279.416952 35.186289
8279.567255 35.168297
8279.717542 35.171639
8279.867831 35.143480
8280.018121 35.176542
8280.168412 35.196936
8280.318705 35.182661
8280.468995 35.096313
8280.619281 35.183915
8280.769564 35.176073
8280.919853 34.900412
8281.070139 35.174421
8281.220426 35.145398
8281.370715 35.163972
8281.521020 35.350605
8281.671335 35.423807
8281.821638 35.195343
8281.971929 35.206308
8282.122230 35.157461
8282.272516 35.192009
8282.422806 34.932963
8282.573101 35.145265
8282.723388 35.114066
8282.873675 35.039125
8283.023963 35.048887
8283.174248 35.036487
8283.324535 35.022372
8283.474822 35.059594
8283.625107 35.091047
8283.775406 35.253142
8283.925724 35.058121
8284.076041 35.156355
8284.226338 35.071937
8284.376627 35.073136
8284.526916 35.049839
8284.677201 35.068054
8284.827489 35.098179
8284.977777 35.069498
8285.128068 35.064501
8285.278355 35.052986
8285.428645 34.833614
8285.578935 35.051793
8285.729221 35.050483
8285.879509 35.085706
8286.029802 35.153805
8286.192241 35.215777
8286.342562 35.225486
8286.492863 35.072323
8286.643155 35.070523
8286.793442 35.067608
8286.943731 35.068110
8287.094024 34.821800
8287.244315 35.074749
8287.394601 35.076238
8287.544891 35.071177
8287.695189 35.070294
8287.845478 35.069914
8287.995764 35.075244
8288.146055 35.068350
8288.296344 35.068466
8288.448028 35.186077
8288.598354 35.035510
8288.748658 35.062558
8288.898948 35.063920
8289.049240 35.067377
8289.199530 34.830764
8289.349818 35.075164
8289.500110 35.064221
8289.650401 35.054142
8289.800690 35.061404
8289.950978 35.052384
8290.101267 35.068149
8290.251563 35.056485
8290.401857 35.074317
8290.552157 34.881631
8290.702464 35.264759
8290.854322 35.376271
8291.004635 35.096661
8291.154933 35.078564
8291.305223 35.077506
8291.455512 34.853342
8291.605803 35.084384
8291.756095 35.095891
8291.906382 35.077573
8292.056671 35.077809
8292.206960 35.095808
8292.357249 35.084363
8292.507535 35.099666
8292.657824 35.100477
8292.808127 34.856051
8292.958428 35.213606
8293.112283 35.374474
8293.262610 34.010912
8293.412915 35.104297
8293.563208 35.093775
8293.713498 34.870073
8293.863786 35.100494
8294.014073 35.080089
8294.164362 35.083994
8294.314820 34.677543
8294.465298 23.590466
8294.615775 23.600586
8294.766246 23.584542
8294.916715 23.582954
8295.067188 23.579321
8295.217668 23.766080
8295.368162 23.675710
8295.518654 23.681394
8295.669147 23.471027
8295.819625 23.585854
8295.970091 23.583304
8296.120553 23.575689
8296.271020 23.574975
8296.421491 23.574388
8296.571955 23.561616
8296.722417 23.569059
8296.872879 23.571715
8297.023344 23.563640
8297.173809 23.727944
8297.324278 23.409873
8297.474739 23.721565
8297.625217 23.605139
8297.776684 23.650217
8297.927225 23.705512
8298.077723 23.463673
8298.228204 23.561655
8298.378662 23.578779
8298.529131 23.579331
8298.679594 23.573880
8298.830056 23.578855
8298.980517 23.575280
8299.130985 23.586589
8299.281445 23.736221
8299.431905 23.582036
8299.582367 23.580736
8299.732829 23.584597
8299.883294 23.583205
8300.033766 23.621671
8300.184258 23.675943
8300.334753 23.682292
8300.485239 23.506550
8300.635716 23.585908
8300.786176 23.581995
8300.936636 23.584548
8301.087099 23.577536
8301.237563 23.571085
8301.388027 23.580586
8301.538494 23.572582
8301.688955 23.732505
8301.839417 23.572834
8301.989875 23.576907
8302.140348 23.583122
8302.290808 23.573303
8302.441284 23.590853
8302.596412 23.756590
8302.746923 23.716351
8302.897416 23.443937
8303.047895 23.577612
8303.198357 23.578081
8303.348826 23.579274
8303.499296 23.575281
8303.649763 23.574911
8303.800233 23.576698
8303.950701 23.571830
8304.101169 23.731995
8304.251638 23.574261
8304.402106 23.574503
8304.552575 23.576978
8304.703062 23.571070
8304.853540 23.625104
8305.004032 23.651503
8305.154527 23.676671
8305.305022 23.602739
8305.455499 23.574111
8305.605967 23.577572
8305.756434 23.575553
8305.906898 23.585651
8306.057366 23.577100
8306.207828 23.735663
8306.358290 23.572567
8306.508758 23.574752
8306.659227 23.580003
8306.809694 23.577960
8306.960171 23.580508
8307.110635 23.576741
8307.261102 23.587664
8307.420412 23.701217
8307.570908 23.664847
8307.721408 23.533226
8307.871892 23.570488
8308.022361 23.570619
8308.172845 23.576390
8308.323317 23.580701
8308.473784 23.572500
8308.624258 23.736209
8308.774726 23.575292
8308.925192 23.579767
8309.075658 23.582052
8309.226119 23.577429
8309.376436 25.621814
8309.526740 33.706781
8309.677040 33.717045
8309.827352 33.891639
8309.980258 33.826747
8310.130601 32.862665
8310.280913 33.746239
8310.431213 33.741202
8310.581512 33.767437
8310.731816 33.531717
8310.882119 33.754249
8311.032422 33.764777
8311.182722 33.773191
8311.333021 33.762596
8311.483320 33.764133
8311.633620 33.759152
8311.783922 33.764739
8311.934225 33.768843
8312.084544 33.885252
8312.234869 33.938602
8312.385204 33.273100
8312.535519 33.534313
8312.685821 33.755634
8312.836127 33.765488
8312.986427 33.776711
8313.136729 33.776540
8313.287042 33.760985
8313.437339 33.763032
8313.587640 33.759016
8313.737941 33.759032
8313.888234 33.773150
8314.038535 33.761851
8314.188836 33.558161
8314.342269 34.047799
8314.492587 33.782458
8314.642913 33.556358
8314.793219 33.771014
8314.943513 33.782558
8315.093809 33.763363
8315.244169 33.763797
8315.394467 33.786244
8315.544762 33.794049
8315.695056 33.790734
8315.845352 33.558259
8315.995647 33.782284
8316.145942 33.794184
8316.296228 33.789239
8316.446520 33.798139
8316.596828 33.896448
8316.747162 33.939242
8316.897485 32.598854
8317.047791 33.782176
8317.198085 33.772434
8317.348377 33.549101
8317.498670 33.777934
8317.648964 33.787737
8317.799256 33.780024
8317.949547 33.787425
8318.099840 33.787281
8318.250133 33.783678
8318.400432 33.783021
8318.550727 33.780332
8318.701020 33.556856
8318.851324 33.884965
8319.001638 33.938412
8319.151962 33.970408
8319.302271 33.768705
8319.452565 33.787690
8319.602861 33.796022
8319.753156 33.802091
8319.903449 33.790142
8320.053744 33.794973
8320.204048 33.799673
8320.354344 33.553932
8320.504637 33.781315
8320.654931 33.789291
8320.805225 33.783972
8320.955517 33.792071
8321.105813 33.786459
8321.256129 33.946332
8321.406447 34.069152
8321.556755 33.783601
8321.707048 33.789947
8321.857341 33.780824
8322.007636 33.543853
8322.157932 33.779007
8322.308229 33.781348
8322.458521 33.782939
8322.608817 33.787987
8322.759110 33.791854
8322.909408 33.806808
8323.059703 33.789483
8323.209995 33.787302
8323.360291 33.792948
8323.510611 33.987203
8323.660976 29.526695
8323.811302 33.198099
8323.961612 33.778464
8324.111915 33.770070
8324.262215 33.783314
8324.412641 31.892017
8324.563087 24.510010
8324.713525 24.507241
8324.863968 24.504220
8325.014477 24.493100
8325.164926 24.501624
8325.315367 24.502974
8325.465812 24.496788
8325.616759 24.593911
8325.772388 24.570560
8325.922860 24.646014
8326.073320 24.496772
8326.223751 24.488842
8326.374196 24.486090
8326.524636 24.475892
8326.675072 24.484888
8326.825506 24.507744
8326.975954 24.488329
8327.126389 24.481533
8327.276833 24.640801
8327.427273 24.477564
8327.577715 24.474626
8327.728157 24.475701
8327.878598 24.480918
8328.029050 24.562911
8328.179571 24.567719
8328.330033 24.535869
8328.480481 24.482381
8328.630925 24.479054
8328.781357 24.481099
8328.931788 24.481592
8329.082227 24.481557
8329.232658 24.481014
8329.383092 24.481753
8329.533526 24.488297
8329.683960 24.476828
8329.834390 24.473491
8329.984822 24.474004
8330.135262 24.477164
8330.285701 24.477971
8330.436157 24.569287
8330.586622 24.708160
8330.737075 24.601416
8330.887521 24.474099
8331.037956 24.472238
8331.188368 24.473233
8331.338802 24.472668
8331.489235 24.474349
8331.639666 24.476872
8331.790099 24.474375
8331.940529 24.472673
8332.090965 24.477196
8332.241396 24.477357
8332.391829 24.474773
8332.542260 24.485502
8332.692693 24.473276
8332.843140 24.568035
8332.996379 24.598972
8333.146884 24.486328
8333.297358 24.389075
8333.447812 24.471809
8333.598254 24.479808
8333.748716 24.470799
8333.899154 24.474474
8334.049600 24.475259
8334.200051 24.637401
8334.350492 24.482253
8334.500934 24.478955
8334.651378 24.490632
8334.801816 24.484086
8334.952264 24.480077
8335.102710 24.477502
8335.253169 24.559472
8335.403649 24.577687
8335.554115 24.447288
8335.704561 24.476299
8335.854998 24.481979
8336.005439 24.484500
8336.155874 24.484526
8336.306310 24.493935
8336.456747 24.496284
8336.607182 24.478676
8336.757619 24.481020
8336.908146 24.470448
8337.058583 24.476601
8337.209023 24.639684
8337.359463 24.482886
8337.515622 24.431210
8337.672393 24.682201
8337.822861 24.565416
8337.973327 24.609719
8338.123796 24.476588
8338.274235 24.480662
8338.424678 24.476939
8338.575116 24.479009
8338.725552 24.472251
8338.876007 24.473033
8339.026444 24.479876
8339.176879 24.481395
8339.327312 24.483803
8339.477635 28.051075
8339.627948 32.298668
8339.778256 32.289056
8339.928564 32.307242
8340.078892 32.445860
8340.229269 31.020775
8340.379605 29.917609
8340.529920 32.294898
8340.680236 32.290200
8340.830544 32.078610
8340.980858 32.286014
8341.131173 32.273708
8341.281480 32.302637
8341.431793 32.290490
8341.582106 32.289047
8341.732417 32.277162
8341.882730 32.280873
8342.033046 32.290248
8342.183356 32.277404
8342.333687 32.428558
8342.492268 32.388435
8342.642610 32.397516
8342.792934 32.282555
8342.943241 32.281691
8343.093555 32.287730
8343.243868 32.062678
8343.394184 32.282854
8343.544494 32.277996
8343.694806 32.280412
8343.845115 32.285326
8343.995429 32.281899
8344.145737 32.283517
8344.296071 32.274734
8344.446384 32.280896
8344.596707 32.388472
8344.747036 32.428211
8344.897373 32.418501
8345.047695 32.284584
8345.198011 32.281406
8345.348326 32.062288
8345.498637 32.271700
8345.649193 32.437653
8345.799501 32.059171
8345.949812 32.277970
8346.100126 32.272302
8346.250433 32.281191
8346.400744 32.283296
8346.551050 32.287060
8346.701362 32.277583
8346.851670 32.322357
8347.001994 32.440835
8347.152329 32.437924
8347.302657 32.274097
8347.452966 32.272204
8347.603279 32.286775
8347.753587 32.063772
8347.903899 32.275958
8348.054208 32.286539
8348.204522 32.272973
8348.354827 32.282732
8348.505141 32.282247
8348.655449 32.280721
8348.805763 32.284277
8348.956074 32.283225
8349.120749 32.255830
8349.271080 32.451133
8349.421413 32.456787
8349.571738 32.289537
8349.722051 32.272985
8349.872361 32.283281
8350.022673 32.069835
8350.172984 32.295150
8350.323300 32.276602
8350.473607 32.281523
8350.623919 32.293635
8350.774231 32.290195
8350.924544 32.292732
8351.074853 32.295976
8351.225160 32.293555
8351.375468 32.304492
8351.525797 32.491312
8351.676185 29.274701
8351.826517 32.284902
8351.976831 32.287289
8352.127141 32.075049
8352.277450 32.284624
8352.427765 32.291179
8352.578074 32.296826
8352.728388 32.283934
8352.878702 32.287077
8353.029016 32.283674
8353.179323 32.286883
8353.329637 32.297195
8353.479952 32.284150
8353.640258 32.107918
8353.790587 32.465412
8353.940922 32.527556
8354.091244 32.285077
8354.241570 32.287895
8354.391880 32.306564
8354.542298 27.708551
8354.692710 25.422947
8354.843126 25.416411
8354.993535 25.413603
8355.143946 25.417391
8355.294364 25.414104
8355.444778 25.409711
8355.595188 25.412454
8355.745596 25.418688
8355.900356 25.537270
8356.050793 25.579443
8356.201230 25.602834
8356.351646 25.419340
8356.502062 25.418830
8356.652478 25.414063
8356.802885 25.415696
8356.953301 25.413700
8357.103717 25.411487
8357.254135 25.412428
8357.404553 25.403004
8357.554968 25.401576
8357.705384 25.386842
8357.855801 25.374787
8358.006229 25.387972
8358.156648 25.391065
8358.307081 25.510720
8358.457527 25.518011
8358.607966 25.553551
8358.758407 25.414264
8358.908828 25.416375
8359.059246 25.418515
8359.209664 25.414613
8359.360099 25.402055
8359.510517 25.412428
8359.660935 25.411871
8359.811348 25.393907
8359.961762 25.398441
8360.112186 25.383658
8360.262609 25.560436
8360.413031 25.395316
8360.563444 25.408552
8360.713870 25.505341
8360.864312 25.538948
8361.014755 25.291216
8361.165174 25.388563
8361.315586 25.387339
8361.465998 25.379508
8361.616427 25.388884
8361.766855 25.393770
8361.917286 25.412123
8362.067716 25.399624
8362.218146 25.410378
8362.368579 25.393131
8362.519014 25.402474
8362.669449 25.409872
8362.819881 25.400487
8362.970332 25.444940
8363.120767 25.510386
8363.271210 25.521783
8363.421668 25.245086
8363.572095 25.382908
8363.722506 25.562925
8363.872916 25.396535
8364.023330 25.396145
8364.173743 25.199069
8364.324163 25.561768
8364.474587 25.382488
8364.624996 25.400387
8364.775408 25.385787
8364.925821 25.394283
8365.076240 25.391843
8365.226653 25.401155
8365.377183 25.420320
8365.528366 25.583045
8365.678815 24.716815
8365.829242 25.404907
8365.979649 25.399641
8366.130082 25.406969
8366.280490 25.398316
8366.430907 25.406324
8366.581314 25.401453
8366.731728 25.415766
8366.882137 25.418359
8367.032548 25.412446
8367.182952 25.409219
8367.333362 25.408524
8367.483771 25.413321
8367.634194 25.459717
8367.784619 25.545674
8367.935054 25.412335
8368.085469 25.391923
8368.235876 25.402360
8368.386284 25.407415
8368.536697 25.413756
8368.687104 25.406155
8368.837512 25.416321
8368.987917 25.411481
8369.138341 25.407546
8369.288764 25.407224
8369.439199 25.420139
8369.589553 29.897468
8369.739890 31.019860
8369.890224 31.025017
8370.040575 31.200436
8370.190944 31.223940
8370.341293 31.021053
8370.491625 31.027181
8370.641959 31.026728
8370.792264 31.036269
8370.942592 31.032847
8371.092920 31.027403
8371.243251 30.825607
8371.393583 31.042250
8371.543912 31.047799
8371.694242 31.057722
8371.844574 31.051017
8371.994907 31.053378
8372.145243 31.065307
8372.295605 31.231707
8372.445973 31.232747
8372.596332 30.893714
8372.746677 31.073014
8372.897013 31.079889
8373.047346 31.057905
8373.197678 31.060541
8373.348016 31.057154
8373.498347 30.855608
8373.648680 31.055452
8373.799011 31.069059
8373.949345 31.062571
8374.099675 31.082495
8374.250011 31.079260
8374.400339 31.076378
8374.550661 31.143990
8374.701012 31.241484
8374.851362 31.281283
8375.001700 31.110397
8375.152034 31.101192
8375.302356 31.108247
8375.452674 31.093315
8375.602990 31.100762
8375.753306 31.087734
8375.903622 30.878280
8376.053940 31.067692
8376.204250 31.057735
8376.354570 31.074731
8376.504890 31.060451
8376.655206 31.074770
8376.805522 31.069263
8376.955853 31.206865
8377.108276 31.326291
8377.258629 31.052847
8377.408958 31.086250
8377.559279 31.079428
8377.709596 31.085078
8377.859917 31.099758
8378.010234 31.089396
8378.160555 30.882573
8378.310876 31.076959
8378.461196 31.078762
8378.611513 31.091126
8378.761832 31.101399
8378.912155 31.089878
8379.062473 31.078169
8379.212811 31.257989
8379.363156 31.255569
8379.513498 31.211799
8379.663826 31.103027
8379.814154 31.109980
8379.964472 31.095563
8380.114787 31.099705
8380.265110 30.905102
8380.415430 31.113680
8380.565751 31.114364
8380.716074 31.110498
8380.866394 31.097237
8381.016714 31.095013
8381.167031 31.093031
8381.317351 31.100141
8381.476273 31.006484
8381.628293 31.332686
8381.778648 31.286689
8381.928986 31.116354
8382.079311 31.120897
8382.229633 31.117355
8382.379953 31.135463
8382.530276 31.122837
8382.680596 31.116434
8382.830916 30.902389
8382.981234 31.122025
8383.131553 31.090817
8383.281871 31.105389
8383.432194 31.120451
8383.582514 31.112176
8383.732833 31.107224
8383.883168 31.344402
8384.033516 31.265474
8384.183848 31.114249
8384.334167 31.108680
8384.484487 31.124352
8384.634876 27.445069
8384.785266 26.397075
8384.935662 26.384633
8385.086050 26.387680
8385.236444 26.386108
8385.386833 26.393846
8385.537221 26.394390
8385.687608 26.386836
8385.837992 26.385312
8385.988377 26.426655
8386.144347 26.412590
8386.300341 26.547001
8386.450764 26.024975
8386.601168 26.384483
8386.751563 26.386059
8386.901951 26.378211
8387.052322 26.394766
8387.202711 26.384753
8387.353096 26.384881
8387.503485 26.382572
8387.653881 26.382965
8387.804281 26.382491
8387.954665 26.386248
8388.105059 26.380534
8388.255455 26.380517
8388.405860 26.436962
8388.556279 26.513633
8388.706694 26.519472
8388.857093 26.390019
8389.007826 26.326017
8389.158219 26.381728
8389.308610 26.386605
8389.459001 26.384398
8389.609395 26.377845
8389.759782 26.383252
8389.910175 26.381166
8390.060571 26.385479
8390.210964 26.386595
8390.361361 26.377698
8390.511749 26.389480
8390.662142 26.385279
8390.812553 26.679959
8390.962964 26.493261
8391.113378 26.537030
8391.263784 26.383811
8391.414178 26.382523
8391.564573 26.381086
8391.714960 26.382395
8391.865350 26.380401
8392.015737 26.386261
8392.166130 26.213237
8392.316511 26.557967
8392.466901 26.391156
8392.617287 26.388044
8392.767681 26.387204
8392.918065 26.216642
8393.068457 26.553440
8393.218860 26.515857
8393.369274 26.499089
8393.519688 26.471551
8393.670092 26.386088
8393.820478 26.380254
8393.970868 26.384897
8394.121266 26.387842
8394.271653 26.382125
8394.422033 26.393117
8394.572423 26.391125
8394.722806 26.397833
8394.873190 26.398421
8395.023572 26.423276
8395.173981 26.396520
8395.324368 26.391719
8395.474771 26.436409
8395.632335 26.492193
8395.782762 26.492535
8395.933172 26.379590
8396.083564 26.385222
8396.233956 26.385014
8396.384320 26.392297
8396.534705 26.393830
8396.685095 26.385751
8396.835486 26.388852
8396.985875 26.383771
8397.136278 26.381222
8397.286669 26.385372
8397.437059 26.387410
8397.587449 26.389238
8397.737838 26.385192
8397.888249 26.468107
8398.038660 26.562752
8398.189059 26.389732
8398.339440 26.386104
8398.489824 26.390377
8398.640214 26.387751
8398.790598 26.390272
8398.940979 26.394223
8399.091365 26.385997
8399.241747 26.388761
8399.392133 26.389602
8399.542475 26.543784
8399.692812 29.739186
8399.843145 29.753726
8399.993477 29.752974
8400.148292 29.699498
8400.298687 29.298021
8400.449038 29.751664
8400.599379 29.750299
8400.749719 29.761796
8400.900061 29.764987
8401.050399 29.765764
8401.200734 29.766658
8401.351070 29.569575
8401.501406 29.979936
8401.651739 29.586891
8401.802075 29.777321
8401.952409 29.777485
8402.102746 29.789247
8402.253078 29.777990
8402.403433 29.922532
8402.553801 29.959436
8402.704165 29.825189
8402.854505 29.767992
8403.005123 29.702458
8403.155456 29.752523
8403.305788 29.761178
8403.456124 29.755441
8403.606461 29.764349
8403.756792 29.765315
8403.907124 29.753650
8404.057455 29.771689
8404.207787 29.776545
8404.358117 29.770192
8404.508450 29.783280
8404.658795 29.683081
8404.809149 29.898148
8404.959504 29.985420
8405.109851 29.784116
8405.260200 29.773698
8405.410548 29.786936
8405.560882 29.778804
8405.711213 29.782764
8405.861545 29.784861
8406.011876 29.783726
8406.162208 29.774406
8406.312540 29.754842
8406.462871 29.763412
8406.613204 29.756795
8406.763536 29.756599
8406.913868 29.553361
8407.064220 29.884848
8407.214622 27.838121
8407.364985 29.481794
8407.515330 29.759653
8407.665672 29.762376
8407.816014 29.763268
8407.966346 29.765912
8408.116687 29.771132
8408.267024 29.754144
8408.417361 29.759737
8408.567696 29.767151
8408.718035 29.768933
8408.868370 29.777632
8409.018707 29.753997
8409.169046 29.760573
8409.319393 29.626385
8409.469763 29.934506
8409.620122 29.565466
8409.770458 29.757147
8409.920797 29.762015
8410.071135 29.774108
8410.221479 29.761401
8410.371822 29.765372
8410.522173 29.775837
8410.672510 29.789710
8410.822846 29.789784
8410.973184 29.776961
8411.123523 29.778273
8411.273859 29.795662
8411.424278 29.806166
8411.576295 29.844739
8411.726678 27.721254
8411.877035 29.777634
8412.027377 29.783747
8412.177718 29.781846
8412.328062 29.791782
8412.478403 29.783053
8412.628742 29.788033
8412.779078 29.782623
8412.929413 29.798105
8413.079751 29.792579
8413.230088 29.792113
8413.380424 29.788795
8413.530762 29.790700
8413.692287 29.824136
8413.842658 29.937151
8413.993026 29.983886
8414.143371 29.803158
8414.293704 29.805544
8414.444044 29.805134
8414.594416 29.497451
8414.744804 27.526707
8414.895195 27.555264
8415.045588 27.555894
8415.195982 27.589765
8415.346413 27.533761
8415.496786 27.546345
8415.647168 27.520676
8415.797538 27.481618
8415.947903 27.549334
8416.098284 27.460312
8416.248675 27.819171
8416.399053 27.533586
8416.549480 27.366967
8416.699848 27.733317
8416.850217 27.290916
8417.000583 27.488864
8417.150948 27.512148
8417.301315 27.520497
8417.451681 27.559293
8417.602049 27.496353
8417.752411 27.453175
8417.902773 27.479886
8418.053135 27.480907
8418.203509 27.519690
8418.353896 27.593819
8418.504303 27.667569
8418.654689 27.295536
8418.805055 27.493933
8418.955417 27.484162
8419.105783 27.491795
8419.256150 27.500669
8419.406513 27.485353
8419.556874 27.479453
8419.707236 27.512790
8419.857599 27.591644
8420.007962 27.508935
8420.158331 27.497188
8420.308696 27.509839
8420.459055 27.483547
8420.612321 27.588651
8420.762738 27.535334
8420.913129 27.587319
8421.063500 27.558143
8421.213863 27.515953
8421.364230 27.304877
8421.514593 27.690085
8421.664954 27.509535
8421.815315 27.307011
8421.965674 27.493448
8422.116046 27.473517
8422.266418 27.489279
8422.416780 27.549716
8422.567142 27.529632
8422.717504 27.469234
8422.867877 27.606915
8423.018263 27.725130
8423.168645 26.885818
8423.319015 27.515292
8423.469375 27.514982
8423.619740 27.473126
8423.770100 27.482965
8423.920463 27.467727
8424.070824 27.504357
8424.221187 27.506733
8424.371545 27.557162
8424.521906 27.585623
8424.672272 27.559073
8424.822632 27.537010
8424.972991 27.495553
8425.123373 27.603797
8425.276320 27.593816
8425.426715 27.691538
8425.577102 27.552045
8425.727474 27.469676
8425.877844 27.513404
8426.028215 27.497776
8426.178577 27.484490
8426.328938 27.512684
8426.479299 27.498587
8426.629663 27.461966
8426.780033 27.496879
8426.930397 27.469962
8427.080766 27.461259
8427.231129 27.477064
8427.381489 27.510883
8427.531857 27.547332
8427.682242 27.607391
8427.836322 27.689375
8427.986714 27.491584
8428.137089 27.540342
8428.287454 27.374294
8428.437815 27.660639
8428.588183 27.282501
8428.738546 27.499355
8428.888905 27.494325
8429.039265 27.498827
8429.189625 27.502434
8429.339985 27.502614
8429.490350 27.463963
8429.640704 27.878542
8429.791050 28.693430
8429.941406 28.828377
8430.091778 28.700428
8430.242150 28.722531
8430.392502 28.694418
8430.542850 28.692715
8430.693197 28.682116
8430.843544 28.695726
8430.993889 28.697486
8431.144239 28.694628
8431.294583 28.692935
8431.444926 28.701831
8431.595273 28.699168
8431.745619 28.509472
8431.895962 28.698751
8432.046309 28.689009
8432.196669 28.797875
8432.347044 28.868904
8432.497409 28.772762
8432.647766 28.683116
8432.798113 28.686139
8432.948457 28.682176
8433.098802 28.682348
8433.249147 28.688371
8433.399491 28.694206
8433.549837 28.692198
8433.700187 28.691444
8433.850531 28.695265
8434.000874 28.690934
8434.151220 28.686999
8434.301566 28.681852
8434.451917 28.751624
8434.602281 28.822036
8434.752660 28.839663
8434.903031 28.557197
8435.053380 28.702059
8435.203732 28.694838
8435.354079 28.694152
8435.504427 28.694886
8435.654774 28.693181
8435.805119 28.698099
8435.955466 28.690042
8436.105829 28.697264
8436.256181 28.688041
8436.406525 28.690464
8436.556871 28.694046
8436.707216 28.702782
8436.857565 28.778760
8437.007934 28.920926
8437.158302 28.516443
8437.308651 28.708700
8437.458988 28.702984
8437.609332 28.700366
8437.759677 28.704908
8437.910022 28.697298
8438.060369 28.513094
8438.210714 28.697389
8438.361058 28.704119
8438.511402 28.700576
8438.661747 28.692792
8438.812103 28.686292
8438.962446 28.703954
8439.112799 28.680570
8439.264308 28.881858
8439.414700 28.648025
8439.565068 28.688030
8439.715421 28.691331
8439.865769 28.699687
8440.016127 28.698426
8440.166485 28.700186
8440.316837 28.695537
8440.467186 28.696977
8440.617538 28.700139
8440.767886 28.706517
8440.918234 28.704451
8441.068586 28.705106
8441.218949 28.705512
8441.369308 28.776264
8441.519680 28.967192
8441.670048 28.724717
8441.820399 28.515582
8441.970743 28.895045
8442.121092 28.517164
8442.271439 28.711317
8442.421782 28.695594
8442.572133 28.698778
8442.722478 28.707628
8442.872821 28.698449
8443.023168 28.706131
8443.173512 28.705998
8443.323856 28.705037
8443.474199 28.706224
8443.625009 28.698467
8443.775380 28.824861
8443.925755 28.846853
8444.076120 28.712285
8444.226467 28.704110
8444.376812 28.708004
8444.527160 28.704992
8444.677514 28.730402
8444.827864 28.705213
8444.978209 28.702054
8445.128556 28.700721
8445.278909 28.706203
8445.429257 28.710797
8445.579606 28.704117
8445.729951 28.704293
8445.880279 28.737187
8446.030642 28.828955
8446.184309 28.836711
8446.334710 28.263836
8446.485078 28.699398
8446.635430 28.696563
8446.785779 28.701149
8446.936136 28.701491
8447.086487 28.699944
8447.236836 28.702175
8447.387184 28.695998
8447.537535 28.701114
8447.687884 28.702380
8447.838232 28.517687
8447.988585 28.707120
8448.138936 28.698809
8448.289308 28.815005
8448.439831 28.799751
8448.590201 28.567014
8448.740560 28.702175
8448.891068 28.863631
8449.041419 28.513212
8449.191765 28.698209
8449.342110 28.710720
8449.492453 28.705524
8449.642799 28.702036
8449.793145 28.706046
8449.943493 28.704129
8450.093839 28.699468
8450.244265 28.689444
8450.394613 28.710739
8450.544961 28.711000
8450.695323 28.838102
8450.845695 28.816144
8450.996076 28.541923
8451.146433 28.709695
8451.296777 28.707196
8451.447133 28.709665
8451.597532 28.706465
8451.747876 28.709667
8451.898220 28.706600
8452.048564 28.707896
8452.198907 28.514926
8452.349251 28.712813
8452.499596 28.705566
8452.649941 28.705779
8452.800275 28.716393
8452.950622 28.709901
8453.104300 28.754564
8453.257416 28.998692
8453.407791 28.095071
8453.558148 28.707448
8453.708498 28.684267
8453.858853 28.702732
8454.009210 28.703182
8454.159561 28.701739
8454.309914 28.706150
8454.460274 28.684814
8454.610629 28.703413
8454.760983 28.715808
8454.911334 28.720054
8455.061688 28.707844
8455.212045 28.707357
8455.362433 28.776301
8455.512824 28.806983
8455.663216 28.815804
8455.813597 28.705043
8455.963963 28.719551
8456.114330 28.701744
8456.264695 28.706570
8456.415063 28.707502
8456.565448 28.725631
8456.715815 28.705778
8456.866184 28.511095
8457.016555 28.704588
8457.166921 28.713395
8457.317290 28.706387
8457.467652 28.705269
8457.618022 28.711855
8457.768407 28.826554
8457.918805 28.869773
8458.069194 28.745106
8458.219564 28.696800
8458.369928 28.687759
8458.520299 28.703264
8458.670663 28.698173
8458.821027 28.686454
8458.971388 28.696981
8459.121753 28.680302
8459.272121 28.699780
8459.422486 28.713513
8459.572851 28.717844
8459.723244 28.160032
8459.873631 27.477332
8460.024030 27.555981
8460.174445 27.579342
8460.328471 27.503312
8460.478871 27.425332
8460.629254 27.485566
8460.779625 27.485133
8460.929993 27.473581
8461.080368 27.471880
8461.230735 27.498672
8461.381106 27.487168
8461.531478 27.487575
8461.681861 27.489661
8461.832236 27.483306
8461.982603 27.484554
8462.132974 27.483062
8462.283344 27.492251
8462.433732 27.578179
8462.584334 27.668793
8462.734744 26.857734
8462.885126 27.490558
8463.035500 27.492252
8463.185874 27.493430
8463.336249 27.496821
8463.486618 27.492025
8463.636993 27.494855
8463.787365 27.498098
8463.937732 27.493895
8464.088110 27.484561
8464.238483 27.489131
8464.388855 27.494187
8464.539223 27.493814
8464.689705 27.541990
8464.840100 27.613906
8464.992322 27.691850
8465.142721 27.523682
8465.293105 27.495265
8465.443478 27.485523
8465.593852 27.504050
8465.744229 27.484109
8465.894598 27.493711
8466.044969 27.498605
8466.195339 27.500998
8466.345708 27.499821
8466.496081 27.500823
8466.646453 27.499193
8466.796837 27.499926
8466.947207 27.487912
8467.097592 27.396975
8467.247994 27.841811
8467.398404 27.372951
8467.548810 27.485946
8467.699178 27.490800
8467.849543 27.498408
8467.999907 27.491865
8468.150273 27.494275
8468.300639 27.315418
8468.451004 27.680766
8468.601371 27.305999
8468.751738 27.491979
8468.902103 27.496855
8469.052467 27.499884
8469.202834 27.494378
8469.353207 27.570246
8469.503597 27.638653
8469.653993 27.358298
8469.804371 27.498521
8469.954739 27.501436
8470.105106 27.495881
8470.255479 27.505845
8470.405852 27.507164
8470.556225 27.514794
8470.706590 27.504754
8470.856957 27.505796
8471.007325 27.514548
8471.157690 27.504135
8471.308060 27.489084
8471.458428 27.486247
8471.608806 27.554288
8471.768321 27.575896
8471.918743 27.089759
8472.069139 27.497931
8472.219516 27.499205
8472.369891 27.501846
8472.520271 27.498203
8472.670649 27.499305
8472.821024 27.501302
8472.971400 27.499533
8473.121770 27.498592
8473.272147 27.499454
8473.422524 27.492368
8473.572895 27.510247
8473.723262 27.510917
8473.873636 27.505700
8474.024036 27.631238
8474.174445 27.673129
8474.324846 27.553478
8474.475225 27.507706
8474.625594 27.526350
8474.775939 29.016333
8474.926278 29.836533
8475.076619 29.863225
8475.226964 29.854060
8475.377307 29.865796
8475.527652 29.633217
8475.677996 29.831659
8475.828332 29.848333
8475.978668 29.858261
8476.129062 29.850256
8476.279414 29.940625
8476.432288 30.005993
8476.582673 27.556633
8476.733025 29.867625
8476.883369 29.862108
8477.033708 29.879307
8477.184057 29.674084
8477.334393 29.873220
8477.484738 29.876133
8477.635073 29.881828
8477.785413 29.887146
8477.935746 29.860136
8478.086087 29.868942
8478.236431 29.850692
8478.386763 29.851608
8478.537858 29.958977
8478.688229 29.982712
8478.838599 27.865440
8478.988958 29.833609
8479.139292 29.836549
8479.289631 29.846657
8479.439964 29.834896
8479.590303 29.852303
8479.740640 29.856173
8479.890977 29.847913
8480.041313 29.868820
8480.191657 29.856379
8480.341992 29.855282
8480.492332 29.859235
8480.642666 29.869822
8480.793006 29.883293
8480.943361 30.022674
8481.093730 30.028141
8481.244156 29.044691
8481.394508 29.841855
8481.544850 29.862785
8481.695193 29.855872
8481.845534 29.651474
8481.995873 29.834658
8482.146224 29.837276
8482.296566 29.864785
8482.446900 29.862259
8482.597239 29.866131
8482.747574 29.859706
8482.897913 29.855639
8483.048256 29.835836
8483.198600 29.911863
8483.348960 30.028034
8483.499339 29.904516
8483.649698 29.842983
8483.800043 29.853007
8483.950380 29.849873
8484.100715 29.857740
8484.251056 29.670528
8484.401394 29.870071
8484.551728 29.846126
8484.702067 29.846212
8484.852399 29.850558
8485.002739 29.842880
8485.153075 29.854747
8485.303416 29.865524
8485.453749 29.862242
8485.604114 29.708776
8485.754485 29.980702
8485.904838 29.859514
8486.055179 29.870537
8486.205524 29.850643
8486.355860 29.854166
8486.506195 29.865717
8486.656530 29.870012
8486.806868 29.862446
8486.957206 29.670782
8487.107547 29.866587
8487.257898 29.847813
8487.408240 29.842353
8487.558578 29.856497
8487.714296 30.049360
8487.864654 30.025308
8488.015028 30.035921
8488.165382 29.672988
8488.315716 29.884539
8488.466057 29.891915
8488.616400 29.876187
8488.766739 29.867728
8488.917077 29.865731
8489.067416 29.879059
8489.217755 29.873012
8489.368100 29.868497
8489.518440 29.878677
8489.668776 29.880094
8489.819174 27.424337
8489.969570 26.484179
8490.119978 26.614601
8490.270409 26.720555
8490.420828 26.509494
8490.571226 26.483762
8490.721617 26.494355
8490.872015 26.477720
8491.022405 26.487151
8491.172797 26.488712
8491.323185 26.489324
8491.473569 26.497675
8491.623962 26.484492
8491.774349 26.473108
8491.924742 26.467462
8492.075133 26.478655
8492.225523 26.473460
8492.375923 26.554869
8492.526335 26.624994
8492.676752 26.600890
8492.827166 26.500556
8492.977565 26.480368
8493.127959 26.473959
8493.278354 26.482845
8493.428749 26.475311
8493.579144 26.479515
8493.729541 26.475775
8493.879927 26.476661
8494.030318 26.477916
8494.180711 26.466307
8494.331104 26.472582
8494.481493 26.479395
8494.631884 26.463334
8494.782286 26.566133
8494.932718 26.459863
8495.083138 25.961773
8495.233543 26.478211
8495.383933 26.460337
8495.534321 26.459293
8495.684711 26.473274
8495.835097 26.471920
8495.985484 26.475992
8496.135871 26.483174
8496.286258 26.481633
8496.436647 26.479870
8496.587034 26.476683
8496.737423 26.468516
8496.887810 26.474989
8497.044328 26.503967
8497.194739 26.579803
8497.345180 26.673889
8497.495635 26.479872
8497.646027 26.471327
8497.796419 26.467467
8497.946808 26.477120
8498.097196 26.474859
8498.247583 26.477690
8498.397973 26.470466
8498.548363 26.480249
8498.698753 26.475064
8498.849140 26.479240
8498.999525 26.470345
8499.149909 26.471031
8499.300301 26.481612
8499.450701 26.579097
8499.604334 26.642303
8499.754758 26.620486
8499.905165 26.483626
8500.055550 26.482005
8500.205942 26.486051
8500.356314 26.495199
8500.506703 26.493806
8500.657088 26.487432
8500.807469 26.483794
8500.957855 26.479627
8501.108246 26.491640
8501.258627 26.479856
8501.409012 26.488851
8501.559395 26.481835
8501.709791 26.511884
8501.868349 26.590878
8502.028348 26.529715
8502.178776 26.528202
8502.329174 26.488557
8502.479575 26.484791
8502.629959 26.483713
8502.780309 26.478259
8502.930695 26.470273
8503.081076 26.479796
8503.231456 26.483970
8503.381842 26.488893
8503.532239 26.479806
8503.682620 26.479051
8503.833002 26.484802
8503.983384 26.489196
8504.133785 26.555520
8504.284193 26.590669
8504.434601 26.532031
8504.585001 26.470122
8504.735394 26.492720
8504.885725 30.743293
8505.036054 31.061553
8505.186379 31.087691
8505.336701 31.079960
8505.487018 31.083179
8505.637339 31.085009
8505.787656 31.081937
8505.937973 31.078876
8506.088253 31.081905
8506.238582 31.078601
8506.388896 30.890200
8506.539228 31.211467
8506.689573 31.217208
8506.839915 31.176836
8506.990241 31.062040
8507.140561 31.066079
8507.290879 31.066223
8507.441198 31.058047
8507.591530 31.068466
8507.741849 31.075007
8507.892168 31.073369
8508.042485 31.087028
8508.192801 31.081616
8508.343117 31.085171
8508.493430 31.088438
8508.643747 30.883591
8508.794064 31.115014
8508.944397 31.237951
8509.094741 31.208459
8509.245068 31.061681
8509.395382 31.074502
8509.545701 31.076410
8509.696022 31.068668
8509.846336 31.072436
8509.996649 31.081080
8510.146970 31.076765
8510.297320 31.074950
8510.447649 31.064247
8510.597982 30.864536
8510.748311 31.051126
8510.898639 31.056311
8511.048972 31.054767
8511.212275 31.213807
8511.362626 31.282466
8511.512963 31.071035
8511.663283 31.074168
8511.813599 31.063020
8511.963914 31.080737
8512.114232 31.080667
8512.264550 31.079136
8512.414865 30.878042
8512.565183 31.082550
8512.715506 31.087985
8512.865824 31.079807
8513.016145 31.082219
8513.166462 31.085843
8513.316776 31.075008
8513.467106 31.221294
8513.617453 31.301124
8513.767791 31.094131
8513.918115 31.097654
8514.068434 31.085360
8514.218749 31.085828
8514.369063 30.890213
8514.519380 31.096879
8514.669695 31.094405
8514.820013 31.096893
8514.970330 31.091045
8515.120647 31.087190
8515.270967 31.095052
8515.421289 31.094272
8515.571608 31.085523
8515.721943 31.224144
8515.872272 31.332712
8516.022616 30.813466
8516.172940 31.091674
8516.323258 30.889625
8516.473578 31.086968
8516.623895 31.085577
8516.774209 31.087040
8516.924526 31.081973
8517.074843 31.090715
8517.225162 31.090749
8517.375481 31.090914
8517.525801 31.083358
8517.676126 31.092737
8517.826455 31.081382
8517.976788 31.187837
8518.127184 31.178318
8518.277518 31.085421
8518.427835 31.089227
8518.578154 30.886239
8518.728473 31.086592
8518.878790 31.079451
8519.029109 31.087327
8519.179428 31.089017
8519.329745 31.088523
8519.480065 31.095624
8519.630383 31.095505
8519.780792 30.385831
8519.931201 25.418358
8520.081613 25.432549
8520.232049 25.557603
8520.384365 25.617687
8520.534804 25.457228
8520.685219 25.434385
8520.835622 25.422843
8520.986029 25.412823
8521.136435 25.443346
8521.286839 25.465200
8521.437242 25.453690
8521.587650 25.450367
8521.738058 25.479605
8521.888463 25.443800
8522.038944 25.465755
8522.189346 25.486188
8522.339752 25.492524
8522.496361 25.569780
8522.648358 25.660442
8522.798816 25.306366
8522.949261 25.461962
8523.099670 25.465452
8523.250082 25.505630
8523.400491 25.524358
8523.550906 25.511060
8523.701315 25.505391
8523.851722 25.493258
8524.002132 25.514498
8524.152544 25.490001
8524.302952 25.450678
8524.453359 25.513077
8524.603762 25.532009
8524.754179 25.535071
8524.904600 25.631247
8525.056365 25.771112
8525.206803 25.507426
8525.357218 25.486281
8525.507625 25.476794
8525.658030 25.507966
8525.808433 25.455062
8525.958836 25.450637
8526.109239 25.479951
8526.259645 25.425649
8526.410045 25.444433
8526.560453 25.415400
8526.710855 25.427306
8526.861259 25.470723
8527.011662 25.504638
8527.162080 25.547102
8527.312513 25.619196
8527.462952 25.664114
8527.613378 25.536583
8527.763789 25.497388
8527.914194 25.507052
8528.064610 25.481797
8528.215018 25.494389
8528.365425 25.520999
8528.515831 25.490187
8528.666238 25.468842
8528.816643 25.499151
8528.967048 25.522035
8529.117455 25.502693
8529.267861 25.529413
8529.418264 25.525548
8529.568692 25.584734
8529.719125 25.648283
8529.869556 25.291396
8530.019973 25.521952
8530.170398 25.524168
8530.320805 25.535710
8530.471209 25.540937
8530.621614 25.532308
8530.772026 25.527636
8530.922426 25.531285
8531.072834 25.522437
8531.223235 25.526947
8531.373638 25.517383
8531.524048 25.522491
8531.674452 25.530293
8531.824859 25.750126
8531.976360 25.605172
8532.126808 25.609844
8532.277231 25.484517
8532.427635 25.472891
8532.578044 25.457245
8532.728450 25.497775
8532.878854 25.516822
8533.029262 25.487878
8533.179682 25.505242
8533.330085 25.500031
8533.480491 25.470650
8533.630900 25.508949
8533.781304 25.500020
8533.931706 25.506409
8534.082124 25.500436
8534.233753 25.650279
8534.384219 25.613309
8534.534650 25.506547
8534.685061 25.516338
8534.835380 27.832533
8534.985690 32.455221
8535.135999 32.459215
8535.286319 32.457226
8535.436627 32.476436
8535.586936 32.488395
8535.737244 32.478833
8535.887553 32.456461
8536.037862 32.458126
8536.188173 32.463779
8536.338479 32.449877
8536.488798 32.482651
8536.639136 32.639713
8536.789454 32.469714
8536.939757 32.471374
8537.090064 32.485262
8537.240367 32.497594
8537.390671 32.482004
8537.540976 32.487661
8537.691280 32.491769
8537.841581 32.478015
8537.991883 32.476798
8538.142186 32.440841
8538.292502 32.468088
8538.442804 32.245285
8538.599526 32.631927
8538.749860 32.385962
8538.900201 32.579538
8539.050524 32.187415
8539.200830 32.691406
8539.351132 32.268021
8539.501435 32.459956
8539.651738 32.423084
8539.802042 32.374065
8539.952344 32.449460
8540.102649 32.455303
8540.252960 32.423502
8540.403266 32.373319
8540.553574 32.384709
8540.703880 32.416848
8540.854198 32.527741
8541.004534 32.694527
8541.154867 32.497959
8541.305183 32.250999
8541.455485 32.455620
8541.605791 32.476777
8541.756100 32.477430
8541.906403 32.463556
8542.056708 32.478162
8542.207013 32.458258
8542.357316 32.451449
8542.507621 32.441164
8542.657926 32.456421
8542.808232 32.412857
8542.958534 32.390255
8543.108845 32.313587
8543.259173 32.613316
8543.409526 32.499529
8543.559848 32.416898
8543.710155 32.417136
8543.860459 32.366359
8544.010762 32.394319
8544.161066 32.423273
8544.311370 32.389883
8544.461671 32.397469
8544.611976 32.376065
8544.762280 32.317801
8544.912584 32.304598
8545.062890 32.094659
8545.213202 32.315550
8545.363509 32.307303
8545.513829 32.544488
8545.664172 32.574650
8545.814491 32.340563
8545.964796 32.308891
8546.115099 32.371320
8546.265405 32.306022
8546.415709 32.309789
8546.566012 32.307840
8546.716318 32.332859
8546.866626 32.093711
8547.016932 32.339628
8547.167234 32.328716
8547.317539 32.323876
8547.467845 32.309448
8547.618149 32.298181
8547.768468 32.548675
8547.918800 31.394303
8548.069116 32.310083
8548.219418 32.309882
8548.369725 32.308330
8548.520041 32.301668
8548.670344 32.327995
8548.820647 32.109614
8548.970952 32.321614
8549.121255 32.342561
8549.271558 32.374121
8549.421862 32.336418
8549.572170 32.360283
8549.722472 32.392583
8549.872911 28.726663
8550.023364 24.676083
8550.173816 24.425116
8550.324257 24.514078
8550.474685 24.512049
8550.625115 24.516212
8550.775541 24.510980
8550.925972 24.519798
8551.076359 24.524424
8551.226790 24.516545
8551.377218 24.518367
8551.527647 24.509965
8551.678147 24.506807
8551.828570 24.515809
8551.978995 24.516540
8552.129422 24.527890
8552.279863 24.617205
8552.440387 24.814776
8552.590868 24.158826
8552.741318 24.509026
8552.891757 24.509791
8553.042195 24.508586
8553.192632 24.513004
8553.343065 24.511758
8553.493498 24.511278
8553.643944 24.507953
8553.794378 24.510953
8553.944810 24.510660
8554.095247 24.507416
8554.245683 24.512441
8554.396122 24.509439
8554.546567 24.579051
8554.697026 24.607902
8554.847484 24.649896
8554.997933 24.503539
8555.148364 24.680085
8555.298804 24.509725
8555.449236 24.511322
8555.599671 24.512014
8555.750106 24.518270
8555.900539 24.511821
8556.050976 24.511930
8556.201411 24.514665
8556.351843 24.509875
8556.502277 24.506558
8556.652714 24.506356
8556.803148 24.507449
8556.953604 24.546761
8557.104091 24.668453
8557.254556 24.542952
8557.404999 24.506703
8557.555439 24.511783
8557.705876 24.505804
8557.856314 24.500570
8558.006747 24.506289
8558.157183 24.514000
8558.307618 24.511078
8558.458050 24.506270
8558.608487 24.501216
8558.758943 24.508475
8558.909375 24.672918
8559.059810 24.509043
8559.210260 24.563691
8559.360779 24.635831
8559.511298 24.347811
8559.661751 24.505974
8559.812211 24.501192
8559.962649 24.501732
8560.113090 24.501914
8560.263527 24.508026
8560.413962 24.509499
8560.564364 24.516073
8560.714803 24.507926
8560.865241 24.507043
8561.015681 24.514020
8561.166117 24.502436
8561.316553 24.502028
8561.466987 24.503485
8561.617469 24.591516
8561.767981 24.733975
8561.918455 24.361907
8562.068888 24.508152
8562.219326 24.500492
8562.369751 24.512447
8562.520181 24.507793
8562.670603 24.512719
8562.821021 24.509903
8562.971439 24.511648
8563.121857 24.512610
8563.272280 24.509666
8563.422697 24.510590
8563.573117 24.512919
8563.723538 24.514668
8563.873972 24.526877
8564.024373 24.605653
8564.174825 24.632381
8564.325273 24.614214
8564.475709 24.505205
8564.626128 24.513522
8564.776557 24.515881
8564.926869 30.013249
8565.077159 33.780134
8565.227445 33.780735
8565.377730 33.776610
8565.528021 33.775326
8565.678305 33.783906
8565.828594 33.778461
8565.978884 33.558392
8566.129171 33.789206
8566.279462 33.848691
8566.429777 33.940947
8566.580111 33.984691
8566.730416 33.782355
8566.880707 33.790496
8567.030996 33.782699
8567.181284 33.789334
8567.331572 33.795212
8567.481858 33.572322
8567.632147 33.797941
8567.782433 33.800136
8567.932720 33.803374
8568.083005 33.801656
8568.233292 33.799331
8568.383578 33.805402
8568.533866 33.797108
8568.684174 33.963562
8568.834488 34.061486
8568.984786 33.585189
8569.135072 33.800179
8569.285358 33.811281
8569.435643 33.794050
8569.585929 33.814876
8569.736217 33.808013
8569.886502 33.813142
8570.036788 33.812879
8570.187073 33.829883
8570.337359 33.601549
8570.487644 33.818204
8570.637932 33.810539
8570.788220 33.791611
8570.938522 34.105022
8571.088834 33.938196
8571.239130 33.814511
8571.389419 33.806941
8571.539705 33.819650
8571.689991 33.593268
8571.840279 33.806178
8571.990570 33.796248
8572.140858 33.792191
8572.291148 33.796655
8572.441435 33.824143
8572.591719 33.827620
8572.742003 33.843343
8572.892290 33.600164
8573.048250 33.988821
8573.198573 33.985617
8573.348898 33.971750
8573.499203 33.812029
8573.649493 33.803557
8573.799780 33.831062
8573.950067 33.827205
8574.100363 33.577025
8574.250655 33.797819
8574.400943 33.819100
8574.551229 33.836622
8574.701514 33.829914
8574.851799 33.840670
8575.002084 33.840654
8575.152368 33.849639
8575.302655 33.846484
8575.460252 33.992771
8575.610583 34.070838
8575.760890 33.841908
8575.911179 33.849659
8576.061465 33.604566
8576.211752 33.838524
8576.362040 33.822467
8576.512327 33.844504
8576.662613 33.827603
8576.812899 33.845958
8576.963185 33.852224
8577.113474 33.835119
8577.263762 33.824080
8577.414052 33.605246
8577.564342 33.877559
8577.714654 34.029039
8577.864972 34.040840
8578.015270 33.831417
8578.165557 33.817672
8578.315846 33.826674
8578.466136 33.841414
8578.616423 33.831302
8578.766708 33.817599
8578.916996 33.593803
8579.067283 33.823987
8579.217579 33.830895
8579.367868 33.831316
8579.518154 33.823041
8579.668438 33.827077
8579.818742 33.918113
8579.969219 27.564390
8580.119705 23.821464
8580.270171 23.691175
8580.420619 23.688176
8580.571066 23.688980
8580.721511 23.685425
8580.871960 23.697689
8581.022408 23.694006
8581.172854 23.680283
8581.323305 23.679229
8581.473757 23.667009
8581.624209 23.667159
8581.774654 23.676174
8581.925100 23.676127
8582.075544 23.691365
8582.226009 23.916340
8582.376485 23.791332
8582.526958 23.809801
8582.677416 23.677989
8582.827867 23.669203
8582.978315 23.671225
8583.128759 23.663572
8583.279206 23.662564
8583.429651 23.654722
8583.580100 23.662232
8583.730544 23.649522
8583.880994 23.651503
8584.031442 23.659841
8584.181890 23.662466
8584.332366 23.657779
8584.482815 23.663670
8584.633278 23.906801
8584.783769 23.738902
8584.936417 23.792236
8585.086921 23.668129
8585.237385 23.660112
8585.387838 23.653769
8585.538291 23.642159
8585.688740 23.638831
8585.839191 23.643122
8585.989638 23.645188
8586.140092 23.648256
8586.290541 23.647094
8586.440989 23.658077
8586.591435 23.808429
8586.741881 23.649735
8586.892335 23.650349
8587.042797 23.745591
8587.193277 23.804637
8587.343755 23.721797
8587.494213 23.646725
8587.644659 23.657037
8587.795105 23.656719
8587.945553 23.667684
8588.096012 23.661116
8588.246467 23.647884
8588.396920 23.650115
8588.547373 23.642068
8588.697820 23.648619
8588.848272 23.640522
8588.998718 23.650284
8589.149162 23.651073
8589.299640 23.673895
8589.451545 23.830721
8589.602072 23.782418
8589.752573 23.571238
8589.903039 23.645077
8590.053501 23.642054
8590.203965 23.648466
8590.354451 23.795581
8590.504905 23.638887
8590.655363 23.654998
8590.805830 23.654376
8590.956293 23.644754
8591.106748 23.653150
8591.257208 23.645929
8591.407668 23.654577
8591.558128 23.654084
8591.708592 23.685675
8591.859820 23.766619
8592.016415 23.764021
8592.166934 23.587747
8592.317417 23.640139
8592.467882 23.644354
8592.618354 23.648522
8592.768822 23.805205
8592.919289 23.645311
8593.069747 23.661490
8593.220217 23.680500
8593.370684 23.661416
8593.521142 23.670183
8593.671608 23.653798
8593.822076 23.643145
8593.972623 23.628822
8594.123103 23.676197
8594.273593 23.744021
8594.424136 23.777984
8594.574676 23.833252
8594.725153 23.636924
8594.875749 23.654872
8595.026064 33.803991
8595.176356 35.145004
8595.326646 35.150165
8595.476934 34.934680
8595.627222 35.165019
8595.777513 35.162282
8595.927803 35.150770
8596.078092 35.145200
8596.228380 35.138163
8596.378662 35.145162
8596.528966 35.281827
8596.679277 35.345546
8596.829593 35.286615
8596.979893 35.146855
8597.130180 34.914188
8597.280469 35.144602
8597.430757 35.145588
8597.581045 35.150880
8597.731334 35.162491
8597.881623 35.170934
8598.031911 35.173152
8598.182198 35.175478
8598.332486 35.172041
8598.482774 35.181617
8598.633063 34.935910
8598.800245 35.278413
8598.950556 35.329033
8599.100875 35.333630
8599.251172 35.183904
8599.401455 35.200957
8599.551738 35.188586
8599.702030 35.188912
8599.852314 34.948015
8600.002597 35.186134
8600.152878 35.176818
8600.303158 35.184437
8600.453440 35.169653
8600.603719 35.167584
8600.754002 35.181814
8600.904283 35.170308
8601.054573 35.032970
8601.204883 35.372538
8601.355198 35.368947
8601.505497 35.195570
8601.655783 35.203935
8601.806065 35.213180
8601.956348 35.221665
8602.106632 35.208662
8602.256915 35.209379
8602.407197 35.209129
8602.557477 34.972609
8602.707758 35.196657
8602.858040 35.200377
8603.008320 35.199596
8603.158601 35.202078
8603.308882 35.192858
8603.459191 35.419480
8603.609510 35.288134
8603.759809 35.174507
8603.910092 34.952266
8604.060373 35.201985
8604.210652 35.201907
8604.360932 35.184361
8604.511209 35.205077
8604.661488 35.206305
8604.811775 35.185925
8604.962055 35.195631
8605.112335 35.198150
8605.262614 35.194859
8605.412894 34.970280
8605.563173 35.204281
8605.713477 35.387472
8605.863795 35.424499
8606.014093 35.203081
8606.164373 35.190350
8606.314653 35.212217
8606.464934 35.202072
8606.615211 35.215963
8606.765491 34.966149
8606.915771 35.201238
8607.066051 35.193972
8607.216332 35.214312
8607.366612 35.198168
8607.516893 35.209403
8607.667174 35.207391
8607.817452 35.200204
8607.976244 35.308186
8608.126566 35.338635
8608.276864 35.223104
8608.427143 35.216884
8608.577422 35.236918
8608.727702 35.227058
8608.877983 34.973675
8609.028216 35.227645
8609.178496 35.226280
8609.328774 35.228475
8609.479054 35.210714
8609.629331 35.210528
8609.779609 35.198016
8609.929903 35.233820
8610.080192 34.967586
8610.230494 35.376273
8610.388252 35.544652
8610.538567 35.227895
8610.688860 35.190729
8610.839141 34.979511
8610.989420 35.211319
8611.139700 35.224557
8611.289981 35.211557
8611.440215 35.248769
8611.590496 35.230887
8611.740775 35.232232
8611.891054 35.208880
8612.041334 34.972750
8612.191613 35.213252
8612.341893 35.212376
8612.492188 35.330477
8612.642540 35.529701
8612.792834 34.802848
8612.943114 35.214202
8613.093393 35.216401
8613.243673 35.206085
8613.393952 35.206910
8613.544217 34.987571
8613.694495 35.240012
8613.844773 35.214812
8613.995053 35.215134
8614.145334 35.224363
8614.295615 35.206524
8614.445894 35.219787
8614.596176 35.220815
8614.746472 35.375419
8614.896784 35.248988
stress: info: [5178] dispatching hogs: 4 cpu, 0 io, 0 vm, 0 hdd
8615.047150 18.380121
8615.197507 9.683136
8615.347856 11.076627
8615.498215 9.575078
8615.648564 9.885926
8615.798913 10.206916
8615.949263 10.185861
8616.099613 9.454173
8616.250123 9.319386
8616.400647 9.806526
8616.551176 9.698378
8616.701698 9.764000
8616.852258 9.564107
8617.002785 18.393443
8617.153331 19.599831
8617.303880 11.290110
8617.454417 10.116933
8617.604941 9.387874
8617.755476 8.419116
8617.906022 9.575787
8618.056546 9.948202
8618.207074 9.065258
8618.357598 9.172978
8618.508171 10.033300
8618.658693 9.536283
8618.809220 8.824078
8618.959750 8.973845
8619.110277 9.810178
8619.260799 15.087552
8619.411334 19.592647
8619.561887 14.728429
8619.712428 9.268719
8619.862959 10.862930
