1.444241115723000050e+09 5.579988364701157622e+01
1.444241115723000050e+09 5.579988364701157622e+01
1.444241115973999977e+09 7.522181307776378389e+01
1.444241116223000050e+09 6.402166535115976842e+01
1.444241116223000050e+09 6.402166535115976842e+01
1.444241116473000050e+09 6.758827602903214427e+01
1.444241116723000050e+09 6.365497565688638559e+01
1.444241116723000050e+09 6.365497565688638559e+01
1.444241116973000050e+09 6.665090350549259313e+01
1.444241117223000050e+09 7.562215574606359780e+01
1.444241117223000050e+09 7.562215574606359780e+01
1.444241117467000008e+09 6.727961005794158211e+01
1.444241117724999905e+09 6.776762119753168179e+01
1.444241117724999905e+09 6.776762119753168179e+01
1.444241117974999905e+09 7.320462839858608106e+01
1.444241118221999884e+09 7.069221947144752960e+01
1.444241118221999884e+09 7.069221947144752960e+01
1.444241118471999884e+09 7.071231766768337934e+01
1.444241118721999884e+09 7.341872380015166755e+01
1.444241118721999884e+09 7.341872380015166755e+01
1.444241118971999884e+09 7.019629253244443134e+01
1.444241119221999884e+09 7.108670884697575332e+01
1.444241119221999884e+09 7.108670884697575332e+01
1.444241119471999884e+09 6.989516789394197360e+01
1.444241119721999884e+09 7.034682642306651701e+01
1.444241119721999884e+09 7.034682642306651701e+01
1.444241119971999884e+09 7.087600362218931593e+01
1.444241120221999884e+09 7.643686236468819573e+01
1.444241120221999884e+09 7.643686236468819573e+01
1.444241120471999884e+09 6.762986510039507948e+01
1.444241120721999884e+09 7.485906373904035149e+01
1.444241120721999884e+09 7.485906373904035149e+01
1.444241120971999884e+09 7.438303351009119524e+01
1.444241121221999884e+09 7.964934355493252838e+01
1.444241121221999884e+09 7.964934355493252838e+01
1.444241121471999884e+09 6.726041407900649460e+01
1.444241121721999884e+09 7.302559736341457608e+01
1.444241121721999884e+09 7.302559736341457608e+01
1.444241121971999884e+09 6.866132826767898223e+01
1.444241122221999884e+09 7.490471932045122117e+01
1.444241122221999884e+09 7.490471932045122117e+01
1.444241122471999884e+09 7.170341837859483292e+01
1.444241122721999884e+09 6.875103962897132703e+01
1.444241122971999884e+09 7.277293262992041889e+01
1.444241122971999884e+09 7.277293262992041889e+01
1.444241123221999884e+09 6.885121029372952250e+01
1.444241123471999884e+09 7.462777680177511286e+01
1.444241123471999884e+09 7.462777680177511286e+01
1.444241123721999884e+09 6.879272610061846649e+01
1.444241123971999884e+09 7.035143502372793023e+01
1.444241123971999884e+09 7.035143502372793023e+01
1.444241124221999884e+09 6.972099012373958260e+01
1.444241124471999884e+09 6.797934808939842810e+01
1.444241124471999884e+09 6.797934808939842810e+01
1.444241124721999884e+09 7.437728035647418778e+01
1.444241124971999884e+09 7.315880451028779419e+01
1.444241124971999884e+09 7.315880451028779419e+01
1.444241125221999884e+09 6.844362262735619140e+01
1.444241125221999884e+09 6.844362262735619140e+01
1.444241125471999884e+09 6.491645728451015884e+01
1.444241125721999884e+09 7.285650775115743727e+01
1.444241125721999884e+09 7.285650775115743727e+01
1.444241125971999884e+09 7.503766582271890684e+01
1.444241126221999884e+09 7.031288737425600743e+01
1.444241126221999884e+09 7.031288737425600743e+01
1.444241126471999884e+09 6.937408905597894204e+01
1.444241126721999884e+09 7.224222808662695172e+01
1.444241126721999884e+09 7.224222808662695172e+01
1.444241126971999884e+09 7.254753878512667598e+01
1.444241127221999884e+09 7.058699572050632298e+01
1.444241127221999884e+09 7.058699572050632298e+01
1.444241127471999884e+09 7.537599417671837898e+01
1.444241127721999884e+09 6.988551382682496182e+01
1.444241127721999884e+09 6.988551382682496182e+01
1.444241127971999884e+09 7.101002892689771784e+01
1.444241128221999884e+09 7.357023539643577692e+01
1.444241128221999884e+09 7.357023539643577692e+01
1.444241128471999884e+09 7.572136238753387261e+01
1.444241128721999884e+09 7.625247350735551777e+01
1.444241128721999884e+09 7.625247350735551777e+01
1.444241128971999884e+09 7.617382064096365468e+01
1.444241129221999884e+09 7.233102624258933133e+01
1.444241129471999884e+09 7.030559197276606653e+01
1.444241129471999884e+09 7.030559197276606653e+01
1.444241129721999884e+09 7.012283759011425843e+01
1.444241129971999884e+09 7.426953248666188756e+01
1.444241129971999884e+09 7.426953248666188756e+01
1.444241130221999884e+09 7.134151926843188107e+01
1.444241130471999884e+09 7.347580071752680908e+01
1.444241130471999884e+09 7.347580071752680908e+01
1.444241130721999884e+09 8.121083886031516386e+01
1.444241130971999884e+09 8.127969741300819351e+01
1.444241130971999884e+09 8.127969741300819351e+01
1.444241131221999884e+09 7.794541962633365983e+01
1.444241131471999884e+09 7.485771312793718835e+01
1.444241131471999884e+09 7.485771312793718835e+01
1.444241131721999884e+09 7.727205324757632354e+01
1.444241131971999884e+09 7.997455873384390657e+01
1.444241131971999884e+09 7.997455873384390657e+01
1.444241132221999884e+09 7.951942594249902641e+01
1.444241132471999884e+09 7.754343955952721501e+01
1.444241132471999884e+09 7.754343955952721501e+01
1.444241132721999884e+09 7.558890023292498483e+01
1.444241132971999884e+09 7.308411172202737305e+01
1.444241132971999884e+09 7.308411172202737305e+01
1.444241133221999884e+09 7.215493340465988581e+01
1.444241133471999884e+09 7.532691116135353582e+01
1.444241133471999884e+09 7.532691116135353582e+01
1.444241133721999884e+09 7.882006404640766561e+01
1.444241133971999884e+09 7.591793459940070932e+01
1.444241133971999884e+09 7.591793459940070932e+01
1.444241134221999884e+09 7.468806349745912598e+01
1.444241134466000080e+09 7.456995188290113674e+01
1.444241134466000080e+09 7.456995188290113674e+01
1.444241134716000080e+09 6.764215932587279667e+01
1.444241134966000080e+09 7.323693730127780555e+01
1.444241134966000080e+09 7.323693730127780555e+01
1.444241135216000080e+09 7.597590567139985751e+01
1.444241135466000080e+09 7.426425690672715518e+01
1.444241135466000080e+09 7.426425690672715518e+01
1.444241135716000080e+09 7.541625645319118121e+01
1.444241135966000080e+09 7.911809427486193158e+01
1.444241136216000080e+09 7.987073199941178814e+01
1.444241136216000080e+09 7.987073199941178814e+01
1.444241136466000080e+09 7.333369679611377023e+01
1.444241136716000080e+09 7.333169607888385144e+01
1.444241136716000080e+09 7.333169607888385144e+01
1.444241136966000080e+09 7.360721481048128112e+01
1.444241137216000080e+09 7.518221989283898665e+01
1.444241137216000080e+09 7.518221989283898665e+01
1.444241137466000080e+09 7.522212373297818999e+01
1.444241137716000080e+09 7.112344766635531812e+01
1.444241137716000080e+09 7.112344766635531812e+01
1.444241137973000050e+09 7.552594478674039635e+01
1.444241138223000050e+09 7.333382900973924734e+01
1.444241138223000050e+09 7.333382900973924734e+01
1.444241138473000050e+09 7.652312542261343253e+01
1.444241138723000050e+09 7.511868951051872045e+01
1.444241138723000050e+09 7.511868951051872045e+01
1.444241138973000050e+09 7.484484922209698254e+01
1.444241139223000050e+09 7.326995061952177934e+01
1.444241139223000050e+09 7.326995061952177934e+01
1.444241139473000050e+09 7.423837817047727583e+01
1.444241139723000050e+09 7.172257177897898828e+01
1.444241139723000050e+09 7.172257177897898828e+01
1.444241139973000050e+09 7.371779325678396333e+01
1.444241140223000050e+09 7.961151904680959035e+01
1.444241140223000050e+09 7.961151904680959035e+01
1.444241140466000080e+09 7.073641501727172454e+01
1.444241140724999905e+09 7.220003601425196393e+01
1.444241140724999905e+09 7.220003601425196393e+01
1.444241140969000101e+09 7.584505493625985650e+01
1.444241141219000101e+09 7.075342532199719869e+01
1.444241141219000101e+09 7.075342532199719869e+01
1.444241141469000101e+09 7.289746213314757028e+01
1.444241141719000101e+09 7.243116706118371440e+01
1.444241141719000101e+09 7.243116706118371440e+01
1.444241141969000101e+09 6.960324203218937100e+01
1.444241142219000101e+09 7.406930812446589130e+01
1.444241142219000101e+09 7.406930812446589130e+01
1.444241142469000101e+09 6.910315704363175371e+01
1.444241142719000101e+09 7.207309042994390325e+01
1.444241142719000101e+09 7.207309042994390325e+01
1.444241142969000101e+09 6.928547347165449821e+01
1.444241143219000101e+09 6.792524516476139240e+01
1.444241143219000101e+09 6.792524516476139240e+01
1.444241143469000101e+09 6.985611564028997122e+01
1.444241143719000101e+09 7.023003019583586592e+01
1.444241143719000101e+09 7.023003019583586592e+01
1.444241143969000101e+09 7.024325815956945007e+01
1.444241144219000101e+09 6.801119699397399643e+01
1.444241144219000101e+09 6.801119699397399643e+01
1.444241144469000101e+09 7.619590647295406427e+01
1.444241144719000101e+09 7.194421169830263807e+01
1.444241144719000101e+09 7.194421169830263807e+01
1.444241144969000101e+09 6.922712335512692050e+01
1.444241145219000101e+09 7.004086195479948174e+01
1.444241145219000101e+09 7.004086195479948174e+01
1.444241145469000101e+09 7.484521304988720658e+01
1.444241145719000101e+09 7.380817841977888349e+01
1.444241145719000101e+09 7.380817841977888349e+01
1.444241145969000101e+09 7.053499521581117904e+01
1.444241146219000101e+09 6.986154341300968440e+01
1.444241146219000101e+09 6.986154341300968440e+01
1.444241146469000101e+09 6.990731605295650297e+01
1.444241146719000101e+09 6.934915150845128551e+01
1.444241146719000101e+09 6.934915150845128551e+01
1.444241146969000101e+09 7.033623622641179907e+01
1.444241147219000101e+09 7.424411846766291490e+01
1.444241147469000101e+09 6.914535761315408990e+01
1.444241147469000101e+09 6.914535761315408990e+01
1.444241147719000101e+09 7.398208507310800996e+01
1.444241147969000101e+09 7.426166488886057948e+01
1.444241147969000101e+09 7.426166488886057948e+01
1.444241148219000101e+09 7.195996941262376367e+01
1.444241148469000101e+09 7.059536635654420422e+01
1.444241148469000101e+09 7.059536635654420422e+01
1.444241148719000101e+09 7.071149358191016177e+01
1.444241148969000101e+09 7.278135235170620376e+01
1.444241148969000101e+09 7.278135235170620376e+01
1.444241149219000101e+09 7.145658064225480643e+01
1.444241149469000101e+09 6.717868272008072950e+01
1.444241149469000101e+09 6.717868272008072950e+01
1.444241149719000101e+09 7.081907029020531752e+01
1.444241149969000101e+09 6.813674748663258640e+01
1.444241149969000101e+09 6.813674748663258640e+01
1.444241150219000101e+09 6.632137210758882873e+01
1.444241150469000101e+09 7.429419924267408248e+01
1.444241150469000101e+09 7.429419924267408248e+01
1.444241150720999956e+09 7.520212596846941722e+01
1.444241150970999956e+09 7.317229708954633338e+01
1.444241150970999956e+09 7.317229708954633338e+01
1.444241151220999956e+09 6.973768644070695188e+01
1.444241151220999956e+09 6.973768644070695188e+01
1.444241151470000029e+09 7.194603316296350215e+01
1.444241151720000029e+09 6.930930288351441959e+01
1.444241151720000029e+09 6.930930288351441959e+01
1.444241151973999977e+09 7.671830545298793425e+01
1.444241152217000008e+09 6.987597020180534457e+01
1.444241152217000008e+09 6.987597020180534457e+01
1.444241152467000008e+09 7.065315458915866031e+01
1.444241152717000008e+09 6.956393763386850537e+01
1.444241152717000008e+09 6.956393763386850537e+01
1.444241152967000008e+09 6.968838280702949817e+01
1.444241153217000008e+09 7.067145752168798367e+01
1.444241153467000008e+09 7.382907160796304424e+01
1.444241153467000008e+09 7.382907160796304424e+01
1.444241153717000008e+09 7.099886175430093260e+01
1.444241153967000008e+09 7.040345708641341105e+01
1.444241153967000008e+09 7.040345708641341105e+01
1.444241154217000008e+09 6.900746291144417910e+01
1.444241154467000008e+09 7.236070254500690169e+01
1.444241154467000008e+09 7.236070254500690169e+01
1.444241154717000008e+09 7.071916432555354959e+01
1.444241154717000008e+09 7.071916432555354959e+01
1.444241154967000008e+09 6.942762581268777922e+01
1.444241155217000008e+09 7.511084154136089808e+01
1.444241155467000008e+09 6.650813106427244747e+01
1.444241155467000008e+09 6.650813106427244747e+01
1.444241155717000008e+09 7.194235102366772594e+01
1.444241155967000008e+09 7.238168184841103425e+01
1.444241155967000008e+09 7.238168184841103425e+01
1.444241156217000008e+09 6.637664527170510098e+01
1.444241156467000008e+09 6.891706887266549586e+01
1.444241156467000008e+09 6.891706887266549586e+01
1.444241156717000008e+09 7.784305199748152404e+01
1.444241156967000008e+09 7.538190327135713176e+01
1.444241156967000008e+09 7.538190327135713176e+01
1.444241157217000008e+09 6.841000593773061667e+01
1.444241157467000008e+09 6.866849981822052484e+01
1.444241157467000008e+09 6.866849981822052484e+01
1.444241157717000008e+09 7.009163215345486719e+01
1.444241157974999905e+09 7.052250672341649818e+01
1.444241157974999905e+09 7.052250672341649818e+01
1.444241158216000080e+09 6.952809986230315076e+01
1.444241158466000080e+09 6.879313440524920509e+01
1.444241158466000080e+09 6.879313440524920509e+01
1.444241158716000080e+09 6.941811119261556939e+01
1.444241158966000080e+09 7.466974633145855478e+01
1.444241158966000080e+09 7.466974633145855478e+01
1.444241159216000080e+09 6.977889050793378090e+01
1.444241159466000080e+09 6.941050978779746572e+01
1.444241159466000080e+09 6.941050978779746572e+01
1.444241159716000080e+09 6.890690786317625793e+01
1.444241159966000080e+09 7.013308542839367021e+01
1.444241159966000080e+09 7.013308542839367021e+01
1.444241160216000080e+09 7.032601625924068856e+01
1.444241160466000080e+09 6.977419650934581341e+01
1.444241160466000080e+09 6.977419650934581341e+01
1.444241160716000080e+09 7.328736427336404802e+01
1.444241160966000080e+09 7.320084452911942208e+01
1.444241160966000080e+09 7.320084452911942208e+01
1.444241161214999914e+09 7.293248613193199503e+01
1.444241161474999905e+09 6.823521075862861096e+01
1.444241161474999905e+09 6.823521075862861096e+01
1.444241161714999914e+09 7.173718119015651951e+01
1.444241161974999905e+09 6.994713125398260445e+01
1.444241161974999905e+09 6.994713125398260445e+01
1.444241162214999914e+09 6.992560469945570389e+01
1.444241162474999905e+09 7.071389029924121417e+01
1.444241162474999905e+09 7.071389029924121417e+01
1.444241162714999914e+09 7.058579870973983361e+01
1.444241162714999914e+09 7.058579870973983361e+01
1.444241162974999905e+09 7.257871117538215344e+01
1.444241163224999905e+09 7.148448043216870929e+01
1.444241163224999905e+09 7.148448043216870929e+01
1.444241163474999905e+09 6.936127628054732952e+01
1.444241163724999905e+09 7.207789959469079122e+01
1.444241163724999905e+09 7.207789959469079122e+01
1.444241163974999905e+09 7.002477924962012423e+01
1.444241164224999905e+09 7.035610417966086061e+01
1.444241164224999905e+09 7.035610417966086061e+01
1.444241164469000101e+09 6.960625121270088300e+01
1.444241164719000101e+09 6.988476652430746583e+01
1.444241164719000101e+09 6.988476652430746583e+01
1.444241164969000101e+09 7.026723574490982571e+01
1.444241165219000101e+09 7.103187208338971459e+01
1.444241165219000101e+09 7.103187208338971459e+01
1.444241165469000101e+09 6.851311569797047696e+01
1.444241165719000101e+09 7.303823943558472820e+01
1.444241165719000101e+09 7.303823943558472820e+01
1.444241165969000101e+09 7.317999837760778803e+01
1.444241166219000101e+09 7.347818225371932499e+01
1.444241166219000101e+09 7.347818225371932499e+01
1.444241166469000101e+09 6.866628617465829620e+01
1.444241166719000101e+09 7.162482157324072318e+01
1.444241166719000101e+09 7.162482157324072318e+01
1.444241166969000101e+09 7.260047915594020651e+01
1.444241167219000101e+09 7.116481546702986805e+01
1.444241167219000101e+09 7.116481546702986805e+01
1.444241167469000101e+09 7.701583878679778650e+01
1.444241167719000101e+09 7.060021100531585603e+01
1.444241167719000101e+09 7.060021100531585603e+01
1.444241167969000101e+09 7.260447863354303877e+01
1.444241168219000101e+09 7.554236866792001592e+01
1.444241168219000101e+09 7.554236866792001592e+01
1.444241168469000101e+09 7.360567687262987135e+01
1.444241168719000101e+09 7.423045379028661728e+01
1.444241168719000101e+09 7.423045379028661728e+01
1.444241168969000101e+09 6.669069833746023335e+01
1.444241169219000101e+09 6.885476843844649864e+01
1.444241169219000101e+09 6.885476843844649864e+01
1.444241169469000101e+09 6.858237049616796810e+01
1.444241169719000101e+09 7.169963933057373140e+01
1.444241169719000101e+09 7.169963933057373140e+01
1.444241169969000101e+09 6.896275853104268094e+01
1.444241170219000101e+09 6.840333736671829001e+01
1.444241170219000101e+09 6.840333736671829001e+01
1.444241170469000101e+09 7.017211338364639062e+01
1.444241170724999905e+09 7.312665079413807234e+01
1.444241170724999905e+09 7.312665079413807234e+01
1.444241170974999905e+09 7.121442856488370410e+01
1.444241171217999935e+09 7.128623234384764373e+01
1.444241171217999935e+09 7.128623234384764373e+01
1.444241171467999935e+09 7.458865707436781634e+01
1.444241171717999935e+09 6.843535538089599868e+01
1.444241171717999935e+09 6.843535538089599868e+01
1.444241171967999935e+09 7.353962551090752697e+01
1.444241172217999935e+09 7.038457506085177329e+01
1.444241172217999935e+09 7.038457506085177329e+01
1.444241172467999935e+09 6.984075588915514743e+01
1.444241172717999935e+09 6.868439128714848607e+01
1.444241172717999935e+09 6.868439128714848607e+01
1.444241172967999935e+09 6.980237219787572656e+01
1.444241173217999935e+09 6.914898949817262519e+01
1.444241173217999935e+09 6.914898949817262519e+01
1.444241173467999935e+09 7.225491063910922662e+01
1.444241173717999935e+09 6.774905679714493090e+01
1.444241173717999935e+09 6.774905679714493090e+01
1.444241173967999935e+09 6.835364426616514777e+01
1.444241174217999935e+09 7.146680942290440441e+01
1.444241174217999935e+09 7.146680942290440441e+01
1.444241174467999935e+09 7.020531993348760125e+01
1.444241174717999935e+09 7.023002749792652821e+01
1.444241174717999935e+09 7.023002749792652821e+01
1.444241174967999935e+09 7.132976364075042852e+01
1.444241175217999935e+09 6.708426093452348482e+01
1.444241175217999935e+09 6.708426093452348482e+01
1.444241175467999935e+09 7.055319647561786667e+01
1.444241175717999935e+09 7.187434498963280305e+01
1.444241175717999935e+09 7.187434498963280305e+01
1.444241175967999935e+09 7.209921024915158227e+01
1.444241176217999935e+09 6.849230302864549458e+01
1.444241176217999935e+09 6.849230302864549458e+01
1.444241176467999935e+09 7.115167255004942604e+01
1.444241176717999935e+09 7.131726990632985519e+01
1.444241176717999935e+09 7.131726990632985519e+01
1.444241176967999935e+09 7.130794185167917476e+01
1.444241177217999935e+09 6.672298573734067872e+01
1.444241177217999935e+09 6.672298573734067872e+01
1.444241177467999935e+09 7.394975503046323695e+01
1.444241177717999935e+09 6.751085307451305084e+01
1.444241177717999935e+09 6.751085307451305084e+01
1.444241177973999977e+09 6.957204920854067609e+01
1.444241178223000050e+09 7.050704423968538492e+01
1.444241178223000050e+09 7.050704423968538492e+01
1.444241178473000050e+09 6.735926270910047720e+01
1.444241178723000050e+09 7.035843396098015035e+01
1.444241178723000050e+09 7.035843396098015035e+01
1.444241178973000050e+09 6.956773178507521038e+01
1.444241179223000050e+09 6.869481471613339352e+01
1.444241179223000050e+09 6.869481471613339352e+01
1.444241179473000050e+09 7.139892809148734898e+01
1.444241179723000050e+09 6.634183590265527641e+01
1.444241179723000050e+09 6.634183590265527641e+01
1.444241179973000050e+09 7.005176313565409885e+01
1.444241180223000050e+09 7.231466211683408574e+01
1.444241180223000050e+09 7.231466211683408574e+01
1.444241180473000050e+09 7.063330222512631451e+01
1.444241180723000050e+09 7.052972827507366560e+01
1.444241180723000050e+09 7.052972827507366560e+01
1.444241180973000050e+09 7.258108830082177576e+01
1.444241181223000050e+09 6.958826561083380113e+01
1.444241181223000050e+09 6.958826561083380113e+01
1.444241181473000050e+09 7.119628711407575850e+01
1.444241181723000050e+09 7.110728827077333847e+01
1.444241181723000050e+09 7.110728827077333847e+01
1.444241181973000050e+09 7.015584898185718998e+01
1.444241182223000050e+09 7.095508536720114989e+01
1.444241182223000050e+09 7.095508536720114989e+01
1.444241182473000050e+09 7.028873161693870486e+01
1.444241182723000050e+09 6.839356411319853635e+01
1.444241182723000050e+09 6.839356411319853635e+01
1.444241182973000050e+09 7.045050668025396590e+01
1.444241183223000050e+09 7.431778708660932864e+01
1.444241183223000050e+09 7.431778708660932864e+01
1.444241183473000050e+09 7.017241797173764439e+01
1.444241183723000050e+09 7.042069404729478777e+01
1.444241183723000050e+09 7.042069404729478777e+01
1.444241183973000050e+09 7.084301171983480572e+01
1.444241184223000050e+09 6.859049441115594448e+01
1.444241184223000050e+09 6.859049441115594448e+01
1.444241184473000050e+09 6.838837265761529238e+01
1.444241184723000050e+09 6.948660814892404858e+01
1.444241184723000050e+09 6.948660814892404858e+01
1.444241184973000050e+09 7.205495701366588435e+01
1.444241185223000050e+09 6.987254545197816924e+01
1.444241185223000050e+09 6.987254545197816924e+01
1.444241185473000050e+09 7.074886430127520498e+01
1.444241185723000050e+09 7.139328651141596538e+01
1.444241185723000050e+09 7.139328651141596538e+01
1.444241185973000050e+09 7.591628177863373139e+01
1.444241186223000050e+09 7.196377128288496294e+01
1.444241186223000050e+09 7.196377128288496294e+01
1.444241186473000050e+09 6.984006702166800551e+01
1.444241186723999977e+09 7.088969096957843874e+01
1.444241186723999977e+09 7.088969096957843874e+01
1.444241186973999977e+09 6.946351014543787983e+01
1.444241187220999956e+09 6.855019954910024182e+01
1.444241187220999956e+09 6.855019954910024182e+01
1.444241187470999956e+09 7.009988272191802139e+01
1.444241187720999956e+09 6.875327646190068265e+01
1.444241187720999956e+09 6.875327646190068265e+01
1.444241187970999956e+09 6.992342612925982337e+01
1.444241188220999956e+09 6.755893787527384120e+01
1.444241188220999956e+09 6.755893787527384120e+01
1.444241188470999956e+09 7.074590604076911404e+01
1.444241188720999956e+09 7.444374142258521942e+01
1.444241188720999956e+09 7.444374142258521942e+01
1.444241188970999956e+09 6.915987665814576246e+01
1.444241189220999956e+09 6.989984440796570198e+01
1.444241189220999956e+09 6.989984440796570198e+01
1.444241189470999956e+09 7.009862860273695162e+01
1.444241189720999956e+09 6.960182511148450146e+01
1.444241189720999956e+09 6.960182511148450146e+01
1.444241189970999956e+09 7.028847865688874208e+01
1.444241190220999956e+09 7.075636458205791257e+01
1.444241190220999956e+09 7.075636458205791257e+01
1.444241190470999956e+09 6.850503763336072893e+01
1.444241190720999956e+09 7.254535693300771015e+01
1.444241190720999956e+09 7.254535693300771015e+01
1.444241190970999956e+09 7.218831726455744047e+01
1.444241191220999956e+09 7.783641096485357025e+01
1.444241191220999956e+09 7.783641096485357025e+01
1.444241191470999956e+09 7.283895171857575690e+01
1.444241191720999956e+09 7.195120505366287489e+01
1.444241191720999956e+09 7.195120505366287489e+01
1.444241191970999956e+09 7.197852178152629676e+01
1.444241192220999956e+09 6.902353435791718539e+01
1.444241192220999956e+09 6.902353435791718539e+01
1.444241192470999956e+09 7.182937741874377480e+01
1.444241192720999956e+09 6.950534529429322106e+01
1.444241192720999956e+09 6.950534529429322106e+01
1.444241192970999956e+09 7.030421178594389175e+01
1.444241193220999956e+09 6.958714698043809221e+01
1.444241193220999956e+09 6.958714698043809221e+01
1.444241193470999956e+09 6.840370144070520553e+01
1.444241193720999956e+09 7.263755992488272284e+01
1.444241193720999956e+09 7.263755992488272284e+01
1.444241193970999956e+09 6.934584154088767605e+01
1.444241194220999956e+09 7.072552549304764113e+01
1.444241194220999956e+09 7.072552549304764113e+01
1.444241194470999956e+09 6.762251378621637343e+01
1.444241194721999884e+09 7.103045610708123547e+01
1.444241194721999884e+09 7.103045610708123547e+01
1.444241194971999884e+09 7.041685617309462941e+01
1.444241195221999884e+09 7.194506053020344893e+01
1.444241195221999884e+09 7.194506053020344893e+01
1.444241195471999884e+09 7.476356029308441009e+01
1.444241195721999884e+09 7.105612074950617796e+01
1.444241195721999884e+09 7.105612074950617796e+01
1.444241195971999884e+09 7.045071794904460205e+01
1.444241196221999884e+09 6.903911620978057329e+01
1.444241196221999884e+09 6.903911620978057329e+01
1.444241196471999884e+09 6.929772576586807986e+01
1.444241196721999884e+09 7.421178267635495729e+01
1.444241196721999884e+09 7.421178267635495729e+01
1.444241196971999884e+09 7.684541735529148809e+01
1.444241197221999884e+09 7.606928566952259985e+01
1.444241197221999884e+09 7.606928566952259985e+01
1.444241197471999884e+09 7.741475317901718256e+01
1.444241197721999884e+09 7.693390971653296617e+01
1.444241197974999905e+09 7.862504560302708967e+01
1.444241197974999905e+09 7.862504560302708967e+01
1.444241198214999914e+09 8.015721020363156413e+01
1.444241198464999914e+09 7.840477338896468495e+01
1.444241198464999914e+09 7.840477338896468495e+01
1.444241198714999914e+09 7.909346733404372287e+01
1.444241198964999914e+09 7.821737149825104041e+01
1.444241198964999914e+09 7.821737149825104041e+01
1.444241199214999914e+09 7.719063651713757679e+01
1.444241199464999914e+09 7.815331495292259945e+01
1.444241199464999914e+09 7.815331495292259945e+01
1.444241199714999914e+09 7.567865780552266131e+01
1.444241199964999914e+09 8.006807734643639662e+01
1.444241200214999914e+09 7.609901900016586751e+01
1.444241200214999914e+09 7.609901900016586751e+01
1.444241200464999914e+09 7.735436720519005860e+01
1.444241200714999914e+09 8.203827182594754674e+01
1.444241200714999914e+09 8.203827182594754674e+01
1.444241200973999977e+09 8.196574950448271579e+01
1.444241201223999977e+09 7.819315686242035213e+01
1.444241201223999977e+09 7.819315686242035213e+01
1.444241201467000008e+09 7.500391089074460638e+01
1.444241201717000008e+09 7.894592386845772580e+01
1.444241201717000008e+09 7.894592386845772580e+01
1.444241201967000008e+09 7.705415201543372916e+01
1.444241202217000008e+09 7.516692738602083068e+01
1.444241202217000008e+09 7.516692738602083068e+01
1.444241202467000008e+09 7.612545432104617760e+01
1.444241202717000008e+09 7.530293631955639455e+01
1.444241202717000008e+09 7.530293631955639455e+01
1.444241202967000008e+09 7.684949157237063844e+01
1.444241203217000008e+09 7.440947265299716662e+01
1.444241203217000008e+09 7.440947265299716662e+01
1.444241203467000008e+09 7.340848046881630751e+01
1.444241203717000008e+09 7.384258435709307378e+01
1.444241203967000008e+09 7.199773574752188665e+01
1.444241203967000008e+09 7.199773574752188665e+01
1.444241204217000008e+09 7.738501974587026666e+01
1.444241204467000008e+09 7.988496882892771112e+01
1.444241204467000008e+09 7.988496882892771112e+01
1.444241204717000008e+09 7.629572320721119638e+01
1.444241204967000008e+09 7.217623763183721053e+01
1.444241204967000008e+09 7.217623763183721053e+01
1.444241205217000008e+09 7.505298500863614208e+01
1.444241205467000008e+09 7.437581498309803862e+01
1.444241205467000008e+09 7.437581498309803862e+01
1.444241205717000008e+09 7.198067810461209604e+01
1.444241205967000008e+09 7.790456962581497180e+01
1.444241205967000008e+09 7.790456962581497180e+01
1.444241206217000008e+09 7.080618774243352220e+01
1.444241206467000008e+09 7.349391671453089714e+01
1.444241206467000008e+09 7.349391671453089714e+01
1.444241206717000008e+09 7.048219234566073510e+01
1.444241206967000008e+09 7.366037030493005489e+01
1.444241206967000008e+09 7.366037030493005489e+01
1.444241207217000008e+09 6.975223142194707293e+01
1.444241207467000008e+09 6.904146159486842294e+01
1.444241207467000008e+09 6.904146159486842294e+01
1.444241207717000008e+09 7.165210204105234482e+01
1.444241207967000008e+09 7.368899595076466369e+01
1.444241207967000008e+09 7.368899595076466369e+01
1.444241208217000008e+09 6.871386152391342250e+01
1.444241208467000008e+09 7.333120012594129378e+01
1.444241208467000008e+09 7.333120012594129378e+01
1.444241208717000008e+09 7.050832217421512382e+01
1.444241208967000008e+09 7.135806949443001201e+01
1.444241208967000008e+09 7.135806949443001201e+01
1.444241209217000008e+09 7.129364506226360731e+01
1.444241209467000008e+09 7.197499683354212152e+01
1.444241209467000008e+09 7.197499683354212152e+01
1.444241209717000008e+09 6.903704661437822665e+01
1.444241209967000008e+09 6.985348644305537391e+01
1.444241209967000008e+09 6.985348644305537391e+01
1.444241210217000008e+09 7.372649501820950491e+01
1.444241210467000008e+09 7.360500278431057097e+01
1.444241210467000008e+09 7.360500278431057097e+01
1.444241210717000008e+09 7.244706015762307061e+01
1.444241210967000008e+09 7.292419901625352452e+01
1.444241210967000008e+09 7.292419901625352452e+01
1.444241211217000008e+09 7.251632832564672526e+01
1.444241211467000008e+09 7.037313126394693086e+01
1.444241211467000008e+09 7.037313126394693086e+01
1.444241211717000008e+09 6.741431966274136300e+01
1.444241211967000008e+09 7.425640255957569025e+01
1.444241211967000008e+09 7.425640255957569025e+01
1.444241212217000008e+09 6.870392508979810486e+01
1.444241212467000008e+09 7.322250179700378681e+01
1.444241212467000008e+09 7.322250179700378681e+01
1.444241212717000008e+09 7.198365559779621492e+01
1.444241212967000008e+09 7.216329393893600752e+01
1.444241212967000008e+09 7.216329393893600752e+01
1.444241213217000008e+09 6.991544255654132201e+01
1.444241213467000008e+09 6.897706473351188095e+01
1.444241213467000008e+09 6.897706473351188095e+01
1.444241213717000008e+09 6.792378016397775298e+01
1.444241213967000008e+09 7.131709721300008198e+01
1.444241214217000008e+09 6.948757987242595391e+01
1.444241214217000008e+09 6.948757987242595391e+01
1.444241214467000008e+09 7.327029394178195787e+01
1.444241214717000008e+09 7.312551096847985832e+01
1.444241214717000008e+09 7.312551096847985832e+01
1.444241214967000008e+09 6.869325943557710445e+01
1.444241215217000008e+09 6.802579658023152831e+01
1.444241215217000008e+09 6.802579658023152831e+01
1.444241215467000008e+09 7.501024642780859608e+01
1.444241215717000008e+09 7.200844256141242283e+01
1.444241215717000008e+09 7.200844256141242283e+01
1.444241215967000008e+09 7.104968633534363676e+01
1.444241216217000008e+09 6.978895932261909252e+01
1.444241216217000008e+09 6.978895932261909252e+01
1.444241216467000008e+09 6.952098602280983641e+01
1.444241216717000008e+09 7.074627824082847383e+01
1.444241216717000008e+09 7.074627824082847383e+01
1.444241216967000008e+09 7.524891588547473020e+01
1.444241217217000008e+09 6.825007726439778821e+01
1.444241217217000008e+09 6.825007726439778821e+01
1.444241217467000008e+09 6.934937533998953541e+01
1.444241217717000008e+09 7.032731892328301626e+01
1.444241217717000008e+09 7.032731892328301626e+01
1.444241217973999977e+09 7.123352679734675519e+01
1.444241218223999977e+09 7.020147979604040245e+01
1.444241218223999977e+09 7.020147979604040245e+01
1.444241218470999956e+09 6.989649251497290550e+01
1.444241218720999956e+09 7.060648507670347840e+01
1.444241218720999956e+09 7.060648507670347840e+01
1.444241218970999956e+09 6.978735408447150235e+01
1.444241219220999956e+09 6.694934486247228733e+01
1.444241219220999956e+09 6.694934486247228733e+01
1.444241219470999956e+09 7.068930448003112588e+01
1.444241219720999956e+09 6.931279888511669185e+01
1.444241219720999956e+09 6.931279888511669185e+01
1.444241219970999956e+09 6.924725454399448665e+01
1.444241220220999956e+09 6.906777687909328733e+01
1.444241220220999956e+09 6.906777687909328733e+01
1.444241220470999956e+09 7.110445540172975143e+01
1.444241220720999956e+09 7.187618250210609006e+01
1.444241220720999956e+09 7.187618250210609006e+01
1.444241220970999956e+09 7.062977559178088427e+01
1.444241221223000050e+09 6.857084075147959368e+01
1.444241221223000050e+09 6.857084075147959368e+01
1.444241221467999935e+09 7.434267291021758695e+01
1.444241221717999935e+09 6.894352044575299487e+01
1.444241221717999935e+09 6.894352044575299487e+01
1.444241221967999935e+09 7.029086489655246339e+01
1.444241222217999935e+09 7.085359677417039848e+01
1.444241222217999935e+09 7.085359677417039848e+01
1.444241222467999935e+09 6.884478347507435103e+01
1.444241222717999935e+09 7.026916518310814297e+01
1.444241222717999935e+09 7.026916518310814297e+01
1.444241222967999935e+09 7.156826279104944888e+01
1.444241223217999935e+09 6.948389894797686850e+01
1.444241223217999935e+09 6.948389894797686850e+01
1.444241223467999935e+09 7.505744475979464880e+01
1.444241223719000101e+09 6.936868434897712632e+01
1.444241223719000101e+09 6.936868434897712632e+01
1.444241223969000101e+09 6.963590682177604663e+01
1.444241224219000101e+09 7.156698984556271625e+01
1.444241224219000101e+09 7.156698984556271625e+01
1.444241224469000101e+09 7.427028616950485684e+01
1.444241224720000029e+09 6.872706573084532522e+01
1.444241224720000029e+09 6.872706573084532522e+01
1.444241224970000029e+09 7.077793310629573398e+01
1.444241225220000029e+09 6.955849937847085585e+01
1.444241225220000029e+09 6.955849937847085585e+01
1.444241225470000029e+09 7.160225097091314694e+01
1.444241225720000029e+09 7.440211422615685422e+01
1.444241225720000029e+09 7.440211422615685422e+01
1.444241225970000029e+09 7.423415579586097124e+01
1.444241226220000029e+09 6.969843623692138124e+01
1.444241226220000029e+09 6.969843623692138124e+01
1.444241226470000029e+09 7.004326637063370242e+01
1.444241226720000029e+09 7.169822528080521806e+01
1.444241226720000029e+09 7.169822528080521806e+01
1.444241226970000029e+09 7.153467376190332061e+01
1.444241227220000029e+09 6.943875099738515644e+01
1.444241227220000029e+09 6.943875099738515644e+01
1.444241227470000029e+09 6.947730606693063748e+01
1.444241227720000029e+09 7.061008316183195177e+01
1.444241227720000029e+09 7.061008316183195177e+01
1.444241227970000029e+09 6.882977555385555490e+01
1.444241228220000029e+09 7.241287428283590089e+01
1.444241228220000029e+09 7.241287428283590089e+01
1.444241228470000029e+09 7.368908253676147524e+01
1.444241228720000029e+09 6.759686902848038415e+01
1.444241228970000029e+09 7.235028231031193968e+01
1.444241228970000029e+09 7.235028231031193968e+01
1.444241229220000029e+09 6.815906798756098794e+01
1.444241229470000029e+09 7.202197659232352578e+01
1.444241229470000029e+09 7.202197659232352578e+01
1.444241229720000029e+09 7.305872937507092502e+01
1.444241229970000029e+09 6.974623838759718808e+01
1.444241229970000029e+09 6.974623838759718808e+01
1.444241230220000029e+09 6.842857766312597789e+01
1.444241230470000029e+09 6.583741894823462815e+01
1.444241230470000029e+09 6.583741894823462815e+01
1.444241230717000008e+09 6.385414711372387586e+01
1.444241230967000008e+09 6.229632010180824153e+01
1.444241230967000008e+09 6.229632010180824153e+01
1.444241231217000008e+09 6.606394551059251796e+01
1.444241231473000050e+09 6.021350054451681899e+01
1.444241231473000050e+09 6.021350054451681899e+01
1.444241231723000050e+09 6.236905991376450942e+01
1.444241231966000080e+09 5.944917800571969480e+01
1.444241231966000080e+09 5.944917800571969480e+01
1.444241232216000080e+09 6.481619825482960096e+01
1.444241232466000080e+09 5.924160477129984059e+01
1.444241232466000080e+09 5.924160477129984059e+01
1.444241232716000080e+09 6.295221733316650159e+01
1.444241232966000080e+09 6.629713912298055334e+01
1.444241232966000080e+09 6.629713912298055334e+01
1.444241233216000080e+09 5.990109923084172294e+01
1.444241233466000080e+09 5.930955117912908747e+01
1.444241233466000080e+09 5.930955117912908747e+01
1.444241233716000080e+09 6.490390116615887450e+01
1.444241233966000080e+09 5.954237260698152312e+01
1.444241233966000080e+09 5.954237260698152312e+01
1.444241234216000080e+09 5.940624681359920345e+01
1.444241234466000080e+09 6.580367088522072549e+01
1.444241234466000080e+09 6.580367088522072549e+01
