1.444435070489000082e+09 5.448982990427879969e+01
1.444435070739000082e+09 7.507378976415878924e+01
1.444435070739000082e+09 7.507378976415878924e+01
1.444435070994999886e+09 7.196684104073735000e+01
1.444435071240999937e+09 7.437157785005349808e+01
1.444435071240999937e+09 7.437157785005349808e+01
1.444435071490999937e+09 7.683488004914212866e+01
1.444435071740999937e+09 7.208970992594910854e+01
1.444435071740999937e+09 7.208970992594910854e+01
1.444435071990999937e+09 6.133108124122348670e+01
1.444435072240999937e+09 6.886293445467451591e+01
1.444435072240999937e+09 6.886293445467451591e+01
1.444435072490999937e+09 5.986821017738093076e+01
1.444435072740999937e+09 6.364197809193500888e+01
1.444435072740999937e+09 6.364197809193500888e+01
1.444435072990999937e+09 6.797053785642310686e+01
1.444435073240999937e+09 7.209250147042239121e+01
1.444435073240999937e+09 7.209250147042239121e+01
1.444435073490999937e+09 7.066178136300250401e+01
1.444435073740999937e+09 6.975484782777316184e+01
1.444435073740999937e+09 6.975484782777316184e+01
1.444435073990999937e+09 7.095924769160335188e+01
1.444435074240999937e+09 7.796136004564988298e+01
1.444435074240999937e+09 7.796136004564988298e+01
1.444435074490999937e+09 7.638981875757065154e+01
1.444435074740999937e+09 7.676915465122642956e+01
1.444435074740999937e+09 7.676915465122642956e+01
1.444435074990999937e+09 7.730431510714416277e+01
1.444435075240999937e+09 7.830506114603157641e+01
1.444435075240999937e+09 7.830506114603157641e+01
1.444435075490999937e+09 7.634615560388134270e+01
1.444435075740999937e+09 7.450642184165316451e+01
1.444435075740999937e+09 7.450642184165316451e+01
1.444435075990999937e+09 6.725692574795920109e+01
1.444435076240999937e+09 6.829069120436173534e+01
1.444435076240999937e+09 6.829069120436173534e+01
1.444435076490999937e+09 6.661507083796504958e+01
1.444435076490999937e+09 6.661507083796504958e+01
1.444435076740999937e+09 6.877408780651666120e+01
1.444435076990999937e+09 6.715275730688524902e+01
1.444435076990999937e+09 6.715275730688524902e+01
1.444435077240999937e+09 6.833584137044385898e+01
1.444435077490999937e+09 6.961844844977588309e+01
1.444435077490999937e+09 6.961844844977588309e+01
1.444435077740999937e+09 6.820135800417776295e+01
1.444435077990999937e+09 6.733060880473608734e+01
1.444435077990999937e+09 6.733060880473608734e+01
1.444435078240999937e+09 6.820404048946917897e+01
1.444435078490999937e+09 6.408447523206338303e+01
1.444435078490999937e+09 6.408447523206338303e+01
1.444435078740999937e+09 6.905175142368985064e+01
1.444435078990999937e+09 6.535541631416366215e+01
1.444435078990999937e+09 6.535541631416366215e+01
1.444435079240999937e+09 6.455373874836861603e+01
1.444435079490999937e+09 7.092740480158491323e+01
1.444435079490999937e+09 7.092740480158491323e+01
1.444435079740999937e+09 6.988490012407740437e+01
1.444435079990999937e+09 7.741103135770991628e+01
1.444435079990999937e+09 7.741103135770991628e+01
1.444435080240999937e+09 6.454543845393914125e+01
1.444435080490999937e+09 6.685650801893947914e+01
1.444435080490999937e+09 6.685650801893947914e+01
1.444435080740999937e+09 5.757045920676457484e+01
1.444435080990999937e+09 6.138756443547857344e+01
1.444435080990999937e+09 6.138756443547857344e+01
1.444435081240999937e+09 6.013258367468513654e+01
1.444435081490999937e+09 6.482153857118686346e+01
1.444435081490999937e+09 6.482153857118686346e+01
1.444435081739000082e+09 7.290813098846139440e+01
1.444435081989000082e+09 7.147201283639400060e+01
1.444435081989000082e+09 7.147201283639400060e+01
1.444435082239000082e+09 7.233125637490790893e+01
1.444435082489000082e+09 6.893442995266144635e+01
1.444435082489000082e+09 6.893442995266144635e+01
1.444435082739000082e+09 7.769997095744919591e+01
1.444435082989000082e+09 7.798133008379258513e+01
1.444435082989000082e+09 7.798133008379258513e+01
1.444435083239000082e+09 7.567999654985162294e+01
1.444435083239000082e+09 7.567999654985162294e+01
1.444435083489000082e+09 6.884616973611329627e+01
1.444435083739000082e+09 6.463309147344936889e+01
1.444435083739000082e+09 6.463309147344936889e+01
1.444435083989000082e+09 6.644157282376244211e+01
1.444435084239000082e+09 6.116652467023822481e+01
1.444435084239000082e+09 6.116652467023822481e+01
1.444435084489000082e+09 7.175120317162675576e+01
1.444435084739000082e+09 7.167043148547401188e+01
1.444435084739000082e+09 7.167043148547401188e+01
1.444435084989000082e+09 6.165837383607104982e+01
1.444435085239000082e+09 6.978259093466077445e+01
1.444435085239000082e+09 6.978259093466077445e+01
1.444435085489000082e+09 7.373258027998875264e+01
1.444435085736999989e+09 7.238464416626037234e+01
1.444435085736999989e+09 7.238464416626037234e+01
1.444435085986999989e+09 6.462786541842471877e+01
1.444435086236999989e+09 5.880401210381678112e+01
1.444435086236999989e+09 5.880401210381678112e+01
1.444435086486999989e+09 5.991706095348408212e+01
1.444435086736999989e+09 7.065067247994583965e+01
1.444435086736999989e+09 7.065067247994583965e+01
1.444435086986999989e+09 7.687756151050722053e+01
1.444435087236999989e+09 7.621407284626641854e+01
1.444435087236999989e+09 7.621407284626641854e+01
1.444435087486999989e+09 7.411987724270078104e+01
1.444435087736999989e+09 6.988447329143436093e+01
1.444435087736999989e+09 6.988447329143436093e+01
1.444435087986999989e+09 6.724117872613381053e+01
1.444435088236999989e+09 6.358343879897309137e+01
1.444435088236999989e+09 6.358343879897309137e+01
1.444435088486999989e+09 6.523395152546616771e+01
1.444435088736999989e+09 6.358857072325766069e+01
1.444435088736999989e+09 6.358857072325766069e+01
1.444435088990000010e+09 7.056672970554484436e+01
1.444435089240000010e+09 6.824067714717862998e+01
1.444435089240000010e+09 6.824067714717862998e+01
1.444435089490000010e+09 7.067117058158936516e+01
1.444435089740000010e+09 5.331193813083629607e+01
1.444435089740000010e+09 5.331193813083629607e+01
1.444435089990000010e+09 6.390293043838415343e+01
1.444435090240000010e+09 6.773523996577377204e+01
1.444435090240000010e+09 6.773523996577377204e+01
1.444435090490000010e+09 7.713331335921809284e+01
1.444435090740000010e+09 7.817994087172914419e+01
1.444435090740000010e+09 7.817994087172914419e+01
1.444435090994999886e+09 7.995124291700381036e+01
1.444435091239000082e+09 8.075528660267440273e+01
1.444435091239000082e+09 8.075528660267440273e+01
1.444435091489000082e+09 7.437763753347682893e+01
1.444435091739000082e+09 7.494668189436220018e+01
1.444435091739000082e+09 7.494668189436220018e+01
1.444435091989000082e+09 6.539557919333637415e+01
1.444435092239000082e+09 6.147871576335854371e+01
1.444435092239000082e+09 6.147871576335854371e+01
1.444435092489000082e+09 6.554800922536460916e+01
1.444435092739000082e+09 6.302499428166217399e+01
1.444435092739000082e+09 6.302499428166217399e+01
1.444435092989000082e+09 6.829991737930372153e+01
1.444435093239000082e+09 6.268269650378177005e+01
1.444435093239000082e+09 6.268269650378177005e+01
1.444435093489000082e+09 6.677207090896526154e+01
1.444435093739000082e+09 6.490886846905941354e+01
1.444435093739000082e+09 6.490886846905941354e+01
1.444435093989000082e+09 6.838568112290002432e+01
1.444435093989000082e+09 6.838568112290002432e+01
1.444435094239000082e+09 7.110062396137340102e+01
1.444435094489000082e+09 7.401225425481864306e+01
1.444435094489000082e+09 7.401225425481864306e+01
1.444435094739000082e+09 7.090503987137240927e+01
1.444435094989000082e+09 7.100650055584614506e+01
1.444435094989000082e+09 7.100650055584614506e+01
1.444435095239000082e+09 6.806937129678753706e+01
1.444435095489000082e+09 6.729033937311518798e+01
1.444435095489000082e+09 6.729033937311518798e+01
1.444435095740999937e+09 6.697035671823728364e+01
1.444435095990999937e+09 6.650994561871978306e+01
1.444435095990999937e+09 6.650994561871978306e+01
1.444435096240999937e+09 6.112931756011486328e+01
1.444435096490999937e+09 5.729547312284805827e+01
1.444435096490999937e+09 5.729547312284805827e+01
1.444435096740999937e+09 7.026689541084510893e+01
1.444435096986999989e+09 6.997461682007896400e+01
1.444435096986999989e+09 6.997461682007896400e+01
1.444435097236999989e+09 7.391645683067412165e+01
1.444435097486999989e+09 7.554698369100132993e+01
1.444435097486999989e+09 7.554698369100132993e+01
1.444435097736999989e+09 7.190460708230180842e+01
1.444435097986999989e+09 7.116497052131869339e+01
1.444435097986999989e+09 7.116497052131869339e+01
1.444435098236999989e+09 5.966787198894922284e+01
1.444435098486999989e+09 5.862473983855706905e+01
1.444435098486999989e+09 5.862473983855706905e+01
1.444435098736999989e+09 6.520793232751607604e+01
1.444435098986999989e+09 6.979113503546034281e+01
1.444435098986999989e+09 6.979113503546034281e+01
1.444435099236999989e+09 6.507428007118660673e+01
1.444435099486999989e+09 6.760950842939992356e+01
1.444435099486999989e+09 6.760950842939992356e+01
1.444435099736999989e+09 6.830347669796690013e+01
1.444435099986999989e+09 6.959128135288767680e+01
1.444435099986999989e+09 6.959128135288767680e+01
1.444435100236999989e+09 7.110885026335351711e+01
1.444435100486999989e+09 7.094359669947871794e+01
1.444435100486999989e+09 7.094359669947871794e+01
1.444435100736999989e+09 6.713686334921420951e+01
1.444435100986999989e+09 5.893270162205983809e+01
1.444435100986999989e+09 5.893270162205983809e+01
1.444435101236999989e+09 5.602239691490401441e+01
1.444435101486999989e+09 5.712449610278098078e+01
1.444435101486999989e+09 5.712449610278098078e+01
1.444435101736999989e+09 6.052208472223174596e+01
1.444435101986999989e+09 7.078719399093455422e+01
1.444435101986999989e+09 7.078719399093455422e+01
1.444435102236999989e+09 7.493022122830694798e+01
1.444435102486999989e+09 7.659369613890254413e+01
1.444435102486999989e+09 7.659369613890254413e+01
1.444435102736999989e+09 7.558973942814620273e+01
1.444435102986999989e+09 7.554679136185693267e+01
1.444435102986999989e+09 7.554679136185693267e+01
1.444435103236999989e+09 7.241615918408234620e+01
1.444435103486999989e+09 7.392174661919817424e+01
1.444435103486999989e+09 7.392174661919817424e+01
1.444435103736999989e+09 6.526267373411654660e+01
1.444435103986999989e+09 5.708060231205096358e+01
1.444435103986999989e+09 5.708060231205096358e+01
1.444435104236999989e+09 6.565454057902088891e+01
1.444435104486999989e+09 5.796501226866990208e+01
1.444435104486999989e+09 5.796501226866990208e+01
1.444435104736999989e+09 6.002103371730179759e+01
1.444435104986999989e+09 5.764611387353451022e+01
1.444435104986999989e+09 5.764611387353451022e+01
1.444435105236999989e+09 6.383137394225477124e+01
1.444435105486999989e+09 6.570664166723587130e+01
1.444435105486999989e+09 6.570664166723587130e+01
1.444435105736999989e+09 7.398327602654394752e+01
1.444435105986999989e+09 7.098832616888552138e+01
1.444435105986999989e+09 7.098832616888552138e+01
1.444435106236999989e+09 7.529993677962526988e+01
1.444435106486999989e+09 7.555160637997087747e+01
1.444435106486999989e+09 7.555160637997087747e+01
1.444435106736999989e+09 7.987635429021376865e+01
1.444435106986999989e+09 7.172270328221277680e+01
1.444435106986999989e+09 7.172270328221277680e+01
1.444435107236999989e+09 7.149208772643667942e+01
1.444435107486999989e+09 7.259460623145935187e+01
1.444435107486999989e+09 7.259460623145935187e+01
1.444435107736999989e+09 6.571623086077434550e+01
1.444435107986999989e+09 5.820414425569489225e+01
1.444435107986999989e+09 5.820414425569489225e+01
1.444435108236999989e+09 6.891236871306824696e+01
1.444435108486999989e+09 6.626701373670259443e+01
1.444435108486999989e+09 6.626701373670259443e+01
1.444435108736999989e+09 6.704007949691904855e+01
1.444435108986999989e+09 6.859192059718867540e+01
1.444435108986999989e+09 6.859192059718867540e+01
1.444435109236999989e+09 7.090726949292624681e+01
1.444435109486999989e+09 6.957859869916123330e+01
1.444435109486999989e+09 6.957859869916123330e+01
1.444435109736999989e+09 7.420755520353412749e+01
1.444435109986999989e+09 7.217622733424579451e+01
1.444435109986999989e+09 7.217622733424579451e+01
1.444435110236999989e+09 6.957025698931248314e+01
1.444435110486999989e+09 6.087588618315225375e+01
1.444435110486999989e+09 6.087588618315225375e+01
1.444435110736999989e+09 6.315527325959701699e+01
1.444435110986999989e+09 6.384214095679011081e+01
1.444435110986999989e+09 6.384214095679011081e+01
1.444435111244999886e+09 6.967130197284913606e+01
1.444435111490999937e+09 7.378472956597899213e+01
1.444435111490999937e+09 7.378472956597899213e+01
1.444435111743000031e+09 7.308199743404753690e+01
1.444435111993000031e+09 7.451416230578384159e+01
1.444435111993000031e+09 7.451416230578384159e+01
1.444435112243000031e+09 7.068774096789950079e+01
1.444435112493000031e+09 6.731568259228384932e+01
1.444435112493000031e+09 6.731568259228384932e+01
1.444435112743000031e+09 7.252413301958748093e+01
1.444435112993000031e+09 7.271367083082735405e+01
1.444435112993000031e+09 7.271367083082735405e+01
1.444435113243000031e+09 7.019505930067342092e+01
1.444435113493000031e+09 7.172395060287938406e+01
1.444435113493000031e+09 7.172395060287938406e+01
1.444435113743000031e+09 7.786971523500302794e+01
1.444435113993000031e+09 6.716464673015801168e+01
1.444435113993000031e+09 6.716464673015801168e+01
1.444435114243000031e+09 6.367727554410495827e+01
1.444435114493000031e+09 6.869659833464881160e+01
1.444435114493000031e+09 6.869659833464881160e+01
1.444435114743000031e+09 7.333084694196325870e+01
1.444435114993000031e+09 7.827217676918051836e+01
1.444435114993000031e+09 7.827217676918051836e+01
1.444435115243000031e+09 7.469101599860874785e+01
1.444435115493000031e+09 6.959867999122910476e+01
1.444435115493000031e+09 6.959867999122910476e+01
1.444435115743000031e+09 6.898124657528107662e+01
1.444435115993000031e+09 7.162060376484488700e+01
1.444435115993000031e+09 7.162060376484488700e+01
1.444435116244999886e+09 6.948673758211185714e+01
1.444435116486000061e+09 7.189065287955905603e+01
1.444435116486000061e+09 7.189065287955905603e+01
1.444435116736000061e+09 6.709632417507087609e+01
1.444435116986000061e+09 7.052216894111711554e+01
1.444435116986000061e+09 7.052216894111711554e+01
1.444435117236000061e+09 6.979987547026073003e+01
1.444435117486000061e+09 7.021765104930184975e+01
1.444435117486000061e+09 7.021765104930184975e+01
1.444435117736000061e+09 7.226754095816544066e+01
1.444435117986000061e+09 7.822953769727311624e+01
1.444435117986000061e+09 7.822953769727311624e+01
1.444435118236000061e+09 7.048720786058055410e+01
1.444435118486000061e+09 7.085892610613016984e+01
1.444435118486000061e+09 7.085892610613016984e+01
1.444435118736000061e+09 6.665265811134754870e+01
1.444435118986000061e+09 6.685236596431651890e+01
1.444435118986000061e+09 6.685236596431651890e+01
1.444435119236000061e+09 6.513540015369471803e+01
1.444435119486000061e+09 6.931621235372664103e+01
1.444435119486000061e+09 6.931621235372664103e+01
1.444435119736000061e+09 7.473843119473747265e+01
1.444435119986000061e+09 7.212794097815810801e+01
1.444435120236000061e+09 7.235591379284049651e+01
1.444435120236000061e+09 7.235591379284049651e+01
1.444435120486000061e+09 6.931492588619786943e+01
1.444435120736000061e+09 6.803300220055642455e+01
1.444435120736000061e+09 6.803300220055642455e+01
1.444435120986000061e+09 7.443474224762844926e+01
1.444435121236000061e+09 7.697057580698944435e+01
1.444435121236000061e+09 7.697057580698944435e+01
1.444435121486000061e+09 7.813726718782831426e+01
1.444435121736000061e+09 7.614302317814626520e+01
1.444435121736000061e+09 7.614302317814626520e+01
1.444435121986000061e+09 7.459941237004538550e+01
1.444435122236000061e+09 6.974222482942934676e+01
1.444435122236000061e+09 6.974222482942934676e+01
1.444435122486000061e+09 7.100609917723380704e+01
1.444435122736000061e+09 6.714792418925559048e+01
1.444435122736000061e+09 6.714792418925559048e+01
1.444435122986000061e+09 7.227969278392028230e+01
1.444435123236000061e+09 7.371797860787295065e+01
1.444435123236000061e+09 7.371797860787295065e+01
1.444435123486000061e+09 7.115340454032373430e+01
1.444435123736000061e+09 7.213140551243056109e+01
1.444435123736000061e+09 7.213140551243056109e+01
1.444435123986000061e+09 6.660560218798707410e+01
1.444435124236000061e+09 7.282833867708654907e+01
1.444435124236000061e+09 7.282833867708654907e+01
1.444435124486000061e+09 7.199934940883979095e+01
1.444435124736000061e+09 7.209967623059071684e+01
1.444435124736000061e+09 7.209967623059071684e+01
1.444435124986000061e+09 7.314401745246144060e+01
1.444435125236000061e+09 6.615876223607185125e+01
1.444435125236000061e+09 6.615876223607185125e+01
1.444435125486000061e+09 6.922137434113484744e+01
1.444435125736000061e+09 6.935805966600752015e+01
1.444435125736000061e+09 6.935805966600752015e+01
1.444435125986000061e+09 8.018085226242035901e+01
1.444435126236000061e+09 7.700365843618639872e+01
1.444435126236000061e+09 7.700365843618639872e+01
1.444435126486000061e+09 7.329137260800126796e+01
1.444435126736000061e+09 7.603446334124883776e+01
1.444435126736000061e+09 7.603446334124883776e+01
1.444435126986000061e+09 7.264295085134956764e+01
1.444435127236000061e+09 7.391026578866465968e+01
1.444435127236000061e+09 7.391026578866465968e+01
1.444435127486000061e+09 7.383419550892000416e+01
1.444435127736000061e+09 7.440346582644855289e+01
1.444435127736000061e+09 7.440346582644855289e+01
1.444435127986000061e+09 7.427979758603042626e+01
1.444435128236000061e+09 7.105957157832069981e+01
1.444435128236000061e+09 7.105957157832069981e+01
1.444435128486000061e+09 6.105037673607291993e+01
1.444435128736000061e+09 6.416879355266377161e+01
1.444435128736000061e+09 6.416879355266377161e+01
1.444435128986000061e+09 7.428661258619136731e+01
1.444435129236000061e+09 6.292166251631535090e+01
1.444435129236000061e+09 6.292166251631535090e+01
1.444435129486000061e+09 6.190093116542193030e+01
1.444435129736000061e+09 5.935220414648627241e+01
1.444435129736000061e+09 5.935220414648627241e+01
1.444435129996000051e+09 6.860922700930792928e+01
1.444435130236000061e+09 6.983700761254424094e+01
1.444435130236000061e+09 6.983700761254424094e+01
1.444435130486000061e+09 7.977676181843976622e+01
1.444435130736999989e+09 8.285861767913452525e+01
1.444435130736999989e+09 8.285861767913452525e+01
1.444435130993999958e+09 8.435141282251861128e+01
1.444435131244999886e+09 7.888463152512856880e+01
1.444435131244999886e+09 7.888463152512856880e+01
1.444435131494999886e+09 7.412055667685922344e+01
1.444435131734999895e+09 7.025563202723431289e+01
1.444435131734999895e+09 7.025563202723431289e+01
1.444435131984999895e+09 6.308500484776596551e+01
1.444435132234999895e+09 5.951433762400502303e+01
1.444435132234999895e+09 5.951433762400502303e+01
1.444435132484999895e+09 6.140880364772453959e+01
1.444435132734999895e+09 7.431952623742650132e+01
1.444435132734999895e+09 7.431952623742650132e+01
1.444435132994999886e+09 7.314856474770930106e+01
1.444435133234999895e+09 8.049721310609226066e+01
1.444435133234999895e+09 8.049721310609226066e+01
1.444435133484999895e+09 7.453568153723499279e+01
1.444435133734999895e+09 7.713327769650773291e+01
1.444435133734999895e+09 7.713327769650773291e+01
1.444435133984999895e+09 7.679852859514653574e+01
1.444435134234999895e+09 6.954764086632825126e+01
1.444435134234999895e+09 6.954764086632825126e+01
1.444435134484999895e+09 6.415065011942392914e+01
1.444435134734999895e+09 6.752638285246494831e+01
1.444435134734999895e+09 6.752638285246494831e+01
1.444435134984999895e+09 6.877961476334593272e+01
1.444435135234999895e+09 7.264706538813103975e+01
1.444435135234999895e+09 7.264706538813103975e+01
1.444435135484999895e+09 7.436473314248097211e+01
1.444435135734999895e+09 7.364312040852253460e+01
1.444435135734999895e+09 7.364312040852253460e+01
1.444435135984999895e+09 7.993668885913422173e+01
1.444435136234999895e+09 7.333250152951899281e+01
1.444435136234999895e+09 7.333250152951899281e+01
1.444435136484999895e+09 7.772546995091978772e+01
1.444435136734999895e+09 7.937037934513001858e+01
1.444435136734999895e+09 7.937037934513001858e+01
1.444435136984999895e+09 6.981209485130240466e+01
1.444435137234999895e+09 6.688542252411119193e+01
1.444435137234999895e+09 6.688542252411119193e+01
1.444435137484999895e+09 7.142743324091691193e+01
1.444435137734999895e+09 7.635599490100931064e+01
1.444435137734999895e+09 7.635599490100931064e+01
1.444435137989000082e+09 7.837784402864291167e+01
1.444435138239000082e+09 7.689232676665534427e+01
1.444435138239000082e+09 7.689232676665534427e+01
1.444435138489000082e+09 7.815073324311293845e+01
1.444435138739000082e+09 6.907457108755583874e+01
1.444435138739000082e+09 6.907457108755583874e+01
1.444435138989000082e+09 6.882753147466334553e+01
1.444435139239000082e+09 7.014369310637032129e+01
1.444435139239000082e+09 7.014369310637032129e+01
1.444435139489000082e+09 7.206347622773679973e+01
1.444435139739000082e+09 7.171168409813202516e+01
1.444435139739000082e+09 7.171168409813202516e+01
1.444435139989000082e+09 6.585142834414243396e+01
1.444435140239000082e+09 6.658497062528429922e+01
1.444435140239000082e+09 6.658497062528429922e+01
1.444435140493000031e+09 7.183885892963347430e+01
1.444435140743000031e+09 8.009818994822066429e+01
1.444435140743000031e+09 8.009818994822066429e+01
1.444435140993000031e+09 8.425016351963851946e+01
1.444435141243000031e+09 6.934633459268522415e+01
1.444435141243000031e+09 6.934633459268522415e+01
1.444435141493000031e+09 6.727739922780592963e+01
1.444435141743000031e+09 6.886838116789895992e+01
1.444435141743000031e+09 6.886838116789895992e+01
1.444435141993000031e+09 7.384063209660699556e+01
1.444435142243000031e+09 7.693482185533322593e+01
1.444435142243000031e+09 7.693482185533322593e+01
1.444435142493000031e+09 7.434680739059569987e+01
1.444435142743000031e+09 7.473011186232467651e+01
1.444435142743000031e+09 7.473011186232467651e+01
1.444435142993000031e+09 7.297333377171439395e+01
1.444435143243000031e+09 7.061935632766345350e+01
1.444435143243000031e+09 7.061935632766345350e+01
1.444435143493000031e+09 6.884309701548019689e+01
1.444435143743000031e+09 6.358978883472013877e+01
1.444435143743000031e+09 6.358978883472013877e+01
1.444435143993000031e+09 6.610698184481418593e+01
1.444435144243000031e+09 6.209828160528565633e+01
1.444435144243000031e+09 6.209828160528565633e+01
1.444435144493000031e+09 6.979556394795821461e+01
1.444435144743000031e+09 6.809855334767020452e+01
1.444435144993000031e+09 7.435213237763149152e+01
1.444435144993000031e+09 7.435213237763149152e+01
1.444435145243000031e+09 7.554610951462201740e+01
1.444435145493000031e+09 7.565066779032747490e+01
1.444435145493000031e+09 7.565066779032747490e+01
1.444435145743000031e+09 7.355898493195043386e+01
1.444435145993000031e+09 7.656434009169464616e+01
1.444435145993000031e+09 7.656434009169464616e+01
1.444435146243000031e+09 7.478973812114931263e+01
1.444435146493000031e+09 7.437032468250497175e+01
1.444435146493000031e+09 7.437032468250497175e+01
1.444435146743000031e+09 7.360666875093156136e+01
1.444435146994999886e+09 6.863524635631746662e+01
1.444435146994999886e+09 6.863524635631746662e+01
1.444435147244999886e+09 6.884836326888087399e+01
1.444435147494999886e+09 6.344087573250848067e+01
1.444435147494999886e+09 6.344087573250848067e+01
1.444435147744999886e+09 6.228211490816950402e+01
1.444435147994999886e+09 6.831418221553876435e+01
1.444435147994999886e+09 6.831418221553876435e+01
1.444435148244999886e+09 7.645968813448934043e+01
1.444435148494999886e+09 8.359171551037050563e+01
1.444435148494999886e+09 8.359171551037050563e+01
1.444435148744999886e+09 7.919249439054054562e+01
1.444435148989000082e+09 7.146870818187470320e+01
1.444435148989000082e+09 7.146870818187470320e+01
1.444435149239000082e+09 6.620867342394701893e+01
1.444435149489000082e+09 7.139913614962243571e+01
1.444435149489000082e+09 7.139913614962243571e+01
1.444435149739000082e+09 7.573022797370545334e+01
1.444435149989000082e+09 7.195767573314961396e+01
1.444435149989000082e+09 7.195767573314961396e+01
1.444435150239000082e+09 6.450141884045282836e+01
1.444435150489000082e+09 5.878352970872565209e+01
1.444435150489000082e+09 5.878352970872565209e+01
1.444435150739000082e+09 5.869128700701457291e+01
1.444435150989000082e+09 7.174243673281759470e+01
1.444435150989000082e+09 7.174243673281759470e+01
1.444435151243999958e+09 7.363393504162323211e+01
1.444435151489000082e+09 7.353987791425555542e+01
1.444435151489000082e+09 7.353987791425555542e+01
1.444435151739000082e+09 7.484913123344054497e+01
1.444435151989000082e+09 7.366913067826591544e+01
1.444435151989000082e+09 7.366913067826591544e+01
1.444435152237999916e+09 7.295692523725041667e+01
1.444435152489000082e+09 7.035289789774236624e+01
1.444435152739000082e+09 7.417109442050295343e+01
1.444435152739000082e+09 7.417109442050295343e+01
1.444435152989000082e+09 7.805167226856022467e+01
1.444435153239000082e+09 7.675219201243527323e+01
1.444435153239000082e+09 7.675219201243527323e+01
1.444435153489000082e+09 7.061183356503318009e+01
1.444435153489000082e+09 7.061183356503318009e+01
1.444435153739000082e+09 6.372710067754989183e+01
1.444435153989000082e+09 6.365468562443636102e+01
1.444435153989000082e+09 6.365468562443636102e+01
1.444435154239000082e+09 6.546902961628831008e+01
1.444435154489000082e+09 6.330767335094859050e+01
1.444435154489000082e+09 6.330767335094859050e+01
1.444435154739000082e+09 7.002607014233684879e+01
1.444435154989000082e+09 6.805021912800108908e+01
1.444435155239000082e+09 6.630515753083992081e+01
1.444435155239000082e+09 6.630515753083992081e+01
1.444435155489000082e+09 7.479453621078963010e+01
1.444435155739000082e+09 7.395702828462147238e+01
1.444435155739000082e+09 7.395702828462147238e+01
1.444435155989000082e+09 7.615416101605042343e+01
1.444435156239000082e+09 7.536909876198058100e+01
1.444435156239000082e+09 7.536909876198058100e+01
1.444435156489000082e+09 7.213657441354595790e+01
1.444435156739000082e+09 7.422985974320758373e+01
1.444435156739000082e+09 7.422985974320758373e+01
1.444435156989000082e+09 6.930537400474980814e+01
1.444435157239000082e+09 7.077272368843685513e+01
1.444435157239000082e+09 7.077272368843685513e+01
1.444435157489000082e+09 7.322952937561817066e+01
1.444435157739000082e+09 7.746906246355742098e+01
1.444435157739000082e+09 7.746906246355742098e+01
1.444435157989000082e+09 6.874970704692557888e+01
1.444435158239000082e+09 6.219331672720765170e+01
1.444435158489000082e+09 6.957775329157092870e+01
1.444435158489000082e+09 6.957775329157092870e+01
1.444435158739000082e+09 7.067806850966350396e+01
1.444435158990000010e+09 7.218639656241167302e+01
1.444435158990000010e+09 7.218639656241167302e+01
1.444435159240000010e+09 6.788619230169759078e+01
1.444435159490000010e+09 7.361898763901363907e+01
1.444435159490000010e+09 7.361898763901363907e+01
1.444435159740000010e+09 6.888408766691375718e+01
1.444435159990000010e+09 7.577827354576027119e+01
1.444435159990000010e+09 7.577827354576027119e+01
1.444435160240000010e+09 6.862673678676713962e+01
1.444435160490000010e+09 6.925397341592969269e+01
1.444435160490000010e+09 6.925397341592969269e+01
1.444435160740000010e+09 7.505465178349204791e+01
1.444435160990000010e+09 8.054066317631817640e+01
1.444435161240000010e+09 7.220887088890704320e+01
1.444435161240000010e+09 7.220887088890704320e+01
1.444435161490000010e+09 7.377337799605025737e+01
1.444435161740000010e+09 7.678912933040180633e+01
1.444435161740000010e+09 7.678912933040180633e+01
1.444435161990000010e+09 7.915827216131802402e+01
1.444435162240000010e+09 7.063073936219714710e+01
1.444435162240000010e+09 7.063073936219714710e+01
1.444435162490000010e+09 6.867715042377196255e+01
1.444435162740000010e+09 7.034866191980533756e+01
1.444435162740000010e+09 7.034866191980533756e+01
1.444435162990000010e+09 6.792897341017986435e+01
1.444435163240000010e+09 7.059519593763110379e+01
1.444435163240000010e+09 7.059519593763110379e+01
1.444435163490000010e+09 6.257805453801218931e+01
1.444435163740000010e+09 7.253356973964773147e+01
1.444435163740000010e+09 7.253356973964773147e+01
1.444435163990000010e+09 7.309874528413871531e+01
1.444435164240000010e+09 7.517300452409374145e+01
1.444435164240000010e+09 7.517300452409374145e+01
1.444435164490000010e+09 7.733243439833704258e+01
1.444435164740000010e+09 7.352549042046041450e+01
1.444435164740000010e+09 7.352549042046041450e+01
1.444435164990000010e+09 7.294886330701460508e+01
1.444435165240000010e+09 7.753393354217320166e+01
1.444435165240000010e+09 7.753393354217320166e+01
1.444435165490000010e+09 7.327712429325485743e+01
1.444435165740000010e+09 7.508427488725703824e+01
1.444435165740000010e+09 7.508427488725703824e+01
1.444435165990000010e+09 7.315797294055893474e+01
1.444435166240000010e+09 6.946949210246035022e+01
1.444435166240000010e+09 6.946949210246035022e+01
1.444435166490000010e+09 6.863646314654265268e+01
1.444435166740000010e+09 7.025706021321833816e+01
1.444435166990000010e+09 7.021083747889318261e+01
1.444435166990000010e+09 7.021083747889318261e+01
1.444435167240000010e+09 7.299818007840792689e+01
1.444435167490000010e+09 7.359340165943979173e+01
1.444435167490000010e+09 7.359340165943979173e+01
1.444435167740000010e+09 7.584576660287761740e+01
1.444435167990000010e+09 7.585201369764892831e+01
1.444435167990000010e+09 7.585201369764892831e+01
1.444435168240000010e+09 7.652014880488634674e+01
1.444435168490000010e+09 7.487400975840689910e+01
1.444435168490000010e+09 7.487400975840689910e+01
1.444435168740000010e+09 7.481273394610843752e+01
1.444435168990000010e+09 7.702128854344361741e+01
1.444435168990000010e+09 7.702128854344361741e+01
1.444435169240000010e+09 7.848850436521962592e+01
1.444435169490000010e+09 7.245835168483313282e+01
1.444435169490000010e+09 7.245835168483313282e+01
1.444435169740000010e+09 7.627736062212757417e+01
1.444435169990000010e+09 7.559364509793674358e+01
1.444435169990000010e+09 7.559364509793674358e+01
1.444435170240000010e+09 7.551009180602291337e+01
1.444435170490000010e+09 7.545195214627823077e+01
1.444435170490000010e+09 7.545195214627823077e+01
1.444435170740000010e+09 7.619934746090075350e+01
1.444435170990000010e+09 7.558618107048695833e+01
1.444435171240000010e+09 7.645217622675544078e+01
1.444435171240000010e+09 7.645217622675544078e+01
1.444435171493999958e+09 7.620431135173301129e+01
1.444435171740999937e+09 7.633589650188515918e+01
1.444435171740999937e+09 7.633589650188515918e+01
1.444435171990999937e+09 8.046768699685746640e+01
1.444435172240999937e+09 7.852732208078663234e+01
1.444435172240999937e+09 7.852732208078663234e+01
1.444435172490999937e+09 7.305753346534355330e+01
1.444435172740999937e+09 7.852304424179804698e+01
1.444435172740999937e+09 7.852304424179804698e+01
1.444435172990999937e+09 7.866496422811002276e+01
1.444435173240999937e+09 7.892337631337701964e+01
1.444435173240999937e+09 7.892337631337701964e+01
1.444435173490999937e+09 8.145775043192530518e+01
1.444435173740999937e+09 7.562279913612437099e+01
1.444435173740999937e+09 7.562279913612437099e+01
1.444435173990999937e+09 7.147742833920695205e+01
1.444435174240999937e+09 7.590039168146023485e+01
1.444435174240999937e+09 7.590039168146023485e+01
1.444435174490999937e+09 7.517961323313626565e+01
1.444435174740999937e+09 7.633217028596355647e+01
1.444435174990999937e+09 7.844995133887630345e+01
1.444435174990999937e+09 7.844995133887630345e+01
1.444435175240999937e+09 7.577581290072396314e+01
1.444435175490999937e+09 7.546226833526550593e+01
1.444435175490999937e+09 7.546226833526550593e+01
1.444435175740999937e+09 7.978035389483775930e+01
1.444435175990999937e+09 7.774761429505011279e+01
1.444435175990999937e+09 7.774761429505011279e+01
1.444435176240999937e+09 7.545294743504248913e+01
1.444435176490999937e+09 7.622750344598907191e+01
1.444435176490999937e+09 7.622750344598907191e+01
1.444435176740999937e+09 7.761467894724898997e+01
1.444435176990999937e+09 7.368869442675813275e+01
1.444435176990999937e+09 7.368869442675813275e+01
1.444435177240999937e+09 7.818472664091716240e+01
1.444435177490999937e+09 8.038078463592810863e+01
1.444435177490999937e+09 8.038078463592810863e+01
1.444435177743999958e+09 8.097089794410858588e+01
1.444435177993999958e+09 8.213555572313950393e+01
1.444435177993999958e+09 8.213555572313950393e+01
1.444435178243999958e+09 7.819890372526063516e+01
1.444435178493999958e+09 7.497664645442797848e+01
1.444435178743999958e+09 7.084862198829155489e+01
1.444435178743999958e+09 7.084862198829155489e+01
1.444435178993999958e+09 7.187083944002000635e+01
1.444435179243999958e+09 7.858635247139721969e+01
1.444435179243999958e+09 7.858635247139721969e+01
1.444435179493999958e+09 7.669245323432350858e+01
1.444435179743999958e+09 7.272685922331417885e+01
1.444435179743999958e+09 7.272685922331417885e+01
1.444435179993999958e+09 7.612136823271004005e+01
1.444435180243999958e+09 7.911343630373140456e+01
1.444435180243999958e+09 7.911343630373140456e+01
1.444435180493999958e+09 7.557687500726385110e+01
1.444435180743999958e+09 7.887410448964509158e+01
1.444435180743999958e+09 7.887410448964509158e+01
1.444435180993999958e+09 8.037780619388301773e+01
1.444435181243999958e+09 7.670545506601862940e+01
1.444435181493999958e+09 7.418056574889848775e+01
1.444435181493999958e+09 7.418056574889848775e+01
1.444435181743999958e+09 7.523551664856279331e+01
1.444435181993999958e+09 7.759012596442880749e+01
1.444435181993999958e+09 7.759012596442880749e+01
1.444435182243999958e+09 7.874201129068248406e+01
1.444435182493999958e+09 7.483624822366702745e+01
1.444435182493999958e+09 7.483624822366702745e+01
1.444435182743999958e+09 7.775308099055145306e+01
1.444435182993999958e+09 8.044231369798222886e+01
1.444435182993999958e+09 8.044231369798222886e+01
1.444435183243999958e+09 8.071156784795347505e+01
1.444435183493999958e+09 8.028874059233284299e+01
1.444435183493999958e+09 8.028874059233284299e+01
1.444435183743999958e+09 8.038012245310950732e+01
1.444435183993999958e+09 7.675313646637775378e+01
1.444435183993999958e+09 7.675313646637775378e+01
1.444435184243999958e+09 7.382366955845878920e+01
1.444435184493999958e+09 7.811451338581218806e+01
1.444435184743999958e+09 7.829317654333731014e+01
1.444435184743999958e+09 7.829317654333731014e+01
1.444435184993999958e+09 7.728175224136103338e+01
1.444435185243999958e+09 7.709240669110384658e+01
1.444435185243999958e+09 7.709240669110384658e+01
1.444435185490000010e+09 7.266924901344252419e+01
1.444435185740000010e+09 7.119716224206570132e+01
1.444435185740000010e+09 7.119716224206570132e+01
1.444435185990000010e+09 8.128822377446452663e+01
1.444435186240000010e+09 7.667639983002550252e+01
1.444435186240000010e+09 7.667639983002550252e+01
1.444435186490000010e+09 7.779659520697371988e+01
1.444435186740000010e+09 7.896342545933244139e+01
1.444435186740000010e+09 7.896342545933244139e+01
1.444435186990000010e+09 7.678218528919184394e+01
1.444435187240000010e+09 7.613598412572024188e+01
1.444435187240000010e+09 7.613598412572024188e+01
1.444435187490000010e+09 7.535460324563416634e+01
1.444435187740000010e+09 7.548048427625423074e+01
1.444435187740000010e+09 7.548048427625423074e+01
1.444435187990000010e+09 7.587891107238429811e+01
1.444435188240000010e+09 7.329944981256051051e+01
1.444435188240000010e+09 7.329944981256051051e+01
1.444435188490000010e+09 7.290379330827474291e+01
1.444435188740000010e+09 8.020062411910403455e+01
1.444435188990000010e+09 7.698248984313620724e+01
1.444435188990000010e+09 7.698248984313620724e+01
1.444435189240000010e+09 7.282838853364947340e+01
1.444435189490000010e+09 7.465799764202445488e+01
1.444435189490000010e+09 7.465799764202445488e+01
1.444435189740000010e+09 7.309771547873766906e+01
1.444435189990000010e+09 7.546952789893640556e+01
1.444435189990000010e+09 7.546952789893640556e+01
1.444435190240000010e+09 7.552307197662160831e+01
1.444435190490000010e+09 7.469754672029456799e+01
1.444435190490000010e+09 7.469754672029456799e+01
1.444435190740000010e+09 7.674099012093557803e+01
1.444435190990000010e+09 7.956988029808771046e+01
1.444435190990000010e+09 7.956988029808771046e+01
1.444435191240000010e+09 7.789350619305288603e+01
1.444435191493999958e+09 7.526450487552307322e+01
1.444435191493999958e+09 7.526450487552307322e+01
1.444435191736000061e+09 7.407560407093551191e+01
1.444435191986000061e+09 7.741168036927756191e+01
1.444435191986000061e+09 7.741168036927756191e+01
1.444435192236000061e+09 8.095955430276748643e+01
1.444435192486000061e+09 7.729045555681877033e+01
1.444435192736000061e+09 7.517447591036645349e+01
1.444435192736000061e+09 7.517447591036645349e+01
1.444435192986000061e+09 7.515709519584716247e+01
1.444435193236000061e+09 7.556686354457443144e+01
1.444435193236000061e+09 7.556686354457443144e+01
1.444435193486000061e+09 7.543527399084415208e+01
1.444435193736000061e+09 7.520004231714922582e+01
1.444435193736000061e+09 7.520004231714922582e+01
1.444435193986000061e+09 7.492943119395313545e+01
1.444435194236000061e+09 7.518924694244722673e+01
1.444435194236000061e+09 7.518924694244722673e+01
1.444435194486000061e+09 7.335926050357680595e+01
1.444435194736000061e+09 7.785374050087402509e+01
1.444435194736000061e+09 7.785374050087402509e+01
1.444435194986000061e+09 7.610259011021328490e+01
1.444435195236000061e+09 7.606294424453150782e+01
1.444435195236000061e+09 7.606294424453150782e+01
1.444435195486000061e+09 7.223301168558381846e+01
1.444435195736000061e+09 7.437643186442423371e+01
1.444435195736000061e+09 7.437643186442423371e+01
1.444435195986000061e+09 7.630700280939072400e+01
1.444435196236000061e+09 7.607786888997985386e+01
1.444435196236000061e+09 7.607786888997985386e+01
1.444435196486000061e+09 7.681109979343177940e+01
1.444435196736000061e+09 7.642049314723639952e+01
1.444435196736000061e+09 7.642049314723639952e+01
1.444435196986000061e+09 7.681454547343844297e+01
1.444435197236000061e+09 7.342848973082438135e+01
1.444435197486000061e+09 7.284733389936128845e+01
1.444435197486000061e+09 7.284733389936128845e+01
1.444435197736000061e+09 7.624964048760408275e+01
1.444435197986000061e+09 7.493998872190458371e+01
1.444435197986000061e+09 7.493998872190458371e+01
1.444435198236000061e+09 7.591445726376934999e+01
1.444435198486000061e+09 7.300465275568754464e+01
1.444435198486000061e+09 7.300465275568754464e+01
1.444435198736000061e+09 7.636589360033049445e+01
1.444435198986000061e+09 7.651283495707895099e+01
1.444435198986000061e+09 7.651283495707895099e+01
1.444435199236000061e+09 7.367905305137509231e+01
1.444435199486000061e+09 7.332094310936493287e+01
1.444435199486000061e+09 7.332094310936493287e+01
1.444435199736000061e+09 7.717458584311303582e+01
1.444435199986000061e+09 7.442671200283056976e+01
1.444435200236000061e+09 7.425884228427170797e+01
1.444435200236000061e+09 7.425884228427170797e+01
1.444435200486000061e+09 7.633049158834886327e+01
1.444435200736000061e+09 7.668070621562928579e+01
1.444435200736000061e+09 7.668070621562928579e+01
1.444435200986000061e+09 7.871367076886936331e+01
1.444435201236000061e+09 7.675269937105024098e+01
1.444435201236000061e+09 7.675269937105024098e+01
1.444435201486000061e+09 7.327658314975720089e+01
1.444435201736000061e+09 7.795269366693288760e+01
1.444435201736000061e+09 7.795269366693288760e+01
1.444435201986000061e+09 7.459926735544209464e+01
1.444435202236000061e+09 7.622225290247590124e+01
1.444435202236000061e+09 7.622225290247590124e+01
1.444435202486000061e+09 8.050579492842508955e+01
1.444435202736000061e+09 7.835060692121230375e+01
1.444435202736000061e+09 7.835060692121230375e+01
1.444435202986000061e+09 8.063227385056903529e+01
1.444435203236000061e+09 7.428178175684622886e+01
1.444435203486000061e+09 7.773418525844148519e+01
1.444435203486000061e+09 7.773418525844148519e+01
1.444435203736000061e+09 7.524854512951044683e+01
1.444435203986000061e+09 7.345768923211535650e+01
1.444435203986000061e+09 7.345768923211535650e+01
1.444435204236000061e+09 7.741289270759098429e+01
1.444435204486000061e+09 7.564711092099375378e+01
1.444435204486000061e+09 7.564711092099375378e+01
1.444435204736000061e+09 7.576732272974436455e+01
1.444435204986000061e+09 7.853324755600499429e+01
1.444435204986000061e+09 7.853324755600499429e+01
1.444435205236000061e+09 7.632099977239988675e+01
1.444435205486000061e+09 7.565071978691464949e+01
1.444435205486000061e+09 7.565071978691464949e+01
1.444435205736000061e+09 7.438817741162905861e+01
1.444435205986000061e+09 7.907689659984019670e+01
1.444435206236000061e+09 7.765514981113734905e+01
1.444435206236000061e+09 7.765514981113734905e+01
1.444435206486000061e+09 7.602054164862579455e+01
1.444435206736000061e+09 7.370887686193083255e+01
1.444435206736000061e+09 7.370887686193083255e+01
1.444435206986000061e+09 8.002374017440455134e+01
1.444435207236000061e+09 7.795449854976396864e+01
1.444435207236000061e+09 7.795449854976396864e+01
1.444435207486000061e+09 7.766483010813122689e+01
1.444435207736000061e+09 7.598799837195558382e+01
1.444435207736000061e+09 7.598799837195558382e+01
1.444435207986000061e+09 7.677927982447057786e+01
1.444435208236000061e+09 7.362722823919015980e+01
1.444435208236000061e+09 7.362722823919015980e+01
1.444435208493000031e+09 7.771838104689700799e+01
1.444435208743000031e+09 7.576607521148852697e+01
1.444435208743000031e+09 7.576607521148852697e+01
1.444435208984999895e+09 7.863825972830579758e+01
1.444435209234999895e+09 7.465870823838237413e+01
1.444435209234999895e+09 7.465870823838237413e+01
1.444435209484999895e+09 7.537469903117619197e+01
1.444435209734999895e+09 7.685980994269870337e+01
1.444435209734999895e+09 7.685980994269870337e+01
1.444435209984999895e+09 7.335998778335715542e+01
1.444435210234999895e+09 7.433845299016681452e+01
1.444435210484999895e+09 7.849691097681159135e+01
1.444435210484999895e+09 7.849691097681159135e+01
1.444435210734999895e+09 7.485673567037683540e+01
1.444435210984999895e+09 7.830380373966337970e+01
1.444435210984999895e+09 7.830380373966337970e+01
1.444435211234999895e+09 7.520279151849430832e+01
1.444435211494999886e+09 7.501175790763100792e+01
1.444435211494999886e+09 7.501175790763100792e+01
1.444435211744999886e+09 7.754045313960402552e+01
1.444435211993000031e+09 7.651372258098825796e+01
1.444435211993000031e+09 7.651372258098825796e+01
1.444435212243000031e+09 8.101651617009294171e+01
1.444435212493000031e+09 8.436110496260882030e+01
1.444435212736000061e+09 7.975700722167125889e+01
1.444435212736000061e+09 7.975700722167125889e+01
1.444435212986000061e+09 7.946301256620358799e+01
1.444435213236000061e+09 8.196169687069702547e+01
1.444435213236000061e+09 8.196169687069702547e+01
1.444435213486000061e+09 7.831652753254559229e+01
1.444435213736000061e+09 7.072439655441873185e+01
1.444435213736000061e+09 7.072439655441873185e+01
1.444435213986000061e+09 7.536628019342215623e+01
1.444435214236000061e+09 7.140185220133874111e+01
1.444435214236000061e+09 7.140185220133874111e+01
1.444435214486000061e+09 7.364699764846601227e+01
1.444435214736000061e+09 7.101868999575991381e+01
1.444435214736000061e+09 7.101868999575991381e+01
1.444435214986000061e+09 7.285107863481158574e+01
1.444435215236000061e+09 7.482913397029666669e+01
1.444435215236000061e+09 7.482913397029666669e+01
1.444435215486000061e+09 7.240694095547614495e+01
1.444435215742000103e+09 7.666659906144775505e+01
1.444435215742000103e+09 7.666659906144775505e+01
1.444435215992000103e+09 7.964584475473172631e+01
1.444435216242000103e+09 7.813206107080186769e+01
1.444435216492000103e+09 7.622071888625443137e+01
1.444435216492000103e+09 7.622071888625443137e+01
1.444435216742000103e+09 7.548127847794420120e+01
1.444435216992000103e+09 7.898472446105941458e+01
1.444435216992000103e+09 7.898472446105941458e+01
1.444435217242000103e+09 7.609198494278017222e+01
1.444435217492000103e+09 7.501295717456061141e+01
1.444435217492000103e+09 7.501295717456061141e+01
1.444435217742000103e+09 7.515020070440444044e+01
1.444435217992000103e+09 7.705611183429948596e+01
1.444435217992000103e+09 7.705611183429948596e+01
1.444435218242000103e+09 7.719012208605398939e+01
1.444435218492000103e+09 7.689874163108181904e+01
1.444435218492000103e+09 7.689874163108181904e+01
1.444435218742000103e+09 7.651127770043576959e+01
1.444435218992000103e+09 7.424764458808402878e+01
1.444435219242000103e+09 7.800961832759625736e+01
1.444435219242000103e+09 7.800961832759625736e+01
1.444435219492000103e+09 7.609667444823996618e+01
1.444435219742000103e+09 8.067712083563111491e+01
1.444435219742000103e+09 8.067712083563111491e+01
1.444435219992000103e+09 7.572701082497904679e+01
1.444435220242000103e+09 7.296219638020771470e+01
1.444435220242000103e+09 7.296219638020771470e+01
1.444435220493999958e+09 7.365999361315941485e+01
1.444435220742000103e+09 7.714588850202972026e+01
1.444435220742000103e+09 7.714588850202972026e+01
1.444435220992000103e+09 8.000494708557458523e+01
1.444435221242000103e+09 7.851378644499868642e+01
1.444435221242000103e+09 7.851378644499868642e+01
1.444435221492000103e+09 7.943403760691762727e+01
1.444435221742000103e+09 7.475858061455905101e+01
1.444435221742000103e+09 7.475858061455905101e+01
1.444435221992000103e+09 7.616625895278619396e+01
1.444435222242000103e+09 7.789601146038853585e+01
1.444435222492000103e+09 8.002132054279273632e+01
1.444435222492000103e+09 8.002132054279273632e+01
1.444435222742000103e+09 7.322362607031054438e+01
1.444435222992000103e+09 7.740214632155176844e+01
1.444435222992000103e+09 7.740214632155176844e+01
1.444435223242000103e+09 7.522075126357925967e+01
1.444435223492000103e+09 7.249598958923037628e+01
1.444435223492000103e+09 7.249598958923037628e+01
1.444435223742000103e+09 8.430035711916021057e+01
1.444435223992000103e+09 8.082794726243480454e+01
1.444435223992000103e+09 8.082794726243480454e+01
1.444435224242000103e+09 7.786083384496838278e+01
1.444435224492000103e+09 7.314199405403070386e+01
1.444435224492000103e+09 7.314199405403070386e+01
1.444435224742000103e+09 7.348084575742683455e+01
1.444435224992000103e+09 7.827521731967341623e+01
1.444435224992000103e+09 7.827521731967341623e+01
1.444435225242000103e+09 8.101875354552791464e+01
1.444435225492000103e+09 7.525870391030245798e+01
1.444435225492000103e+09 7.525870391030245798e+01
1.444435225742000103e+09 7.375412057471739047e+01
1.444435225992000103e+09 7.992239920103476436e+01
1.444435226242000103e+09 8.035292856860202448e+01
1.444435226242000103e+09 8.035292856860202448e+01
1.444435226492000103e+09 8.011407268391451453e+01
1.444435226742000103e+09 7.965266138827324482e+01
1.444435226742000103e+09 7.965266138827324482e+01
1.444435226992000103e+09 7.724918776494581607e+01
1.444435227242000103e+09 7.191724119142102722e+01
1.444435227242000103e+09 7.191724119142102722e+01
1.444435227492000103e+09 7.149032582951457471e+01
1.444435227742000103e+09 7.315444082233179302e+01
1.444435227742000103e+09 7.315444082233179302e+01
1.444435227993999958e+09 7.554228597492742381e+01
1.444435228243999958e+09 7.924865219803278649e+01
1.444435228243999958e+09 7.924865219803278649e+01
1.444435228493999958e+09 7.701193751132819898e+01
1.444435228743999958e+09 7.754422250347407441e+01
1.444435228993999958e+09 7.624665541805389068e+01
1.444435228993999958e+09 7.624665541805389068e+01
1.444435229243999958e+09 7.448542005433881741e+01
1.444435229493999958e+09 7.386982719754705329e+01
1.444435229493999958e+09 7.386982719754705329e+01
1.444435229743999958e+09 7.439949101657708752e+01
1.444435229993999958e+09 7.502247355843269361e+01
1.444435229993999958e+09 7.502247355843269361e+01
1.444435230243999958e+09 7.158495155129462262e+01
1.444435230493999958e+09 7.336899500132483354e+01
1.444435230493999958e+09 7.336899500132483354e+01
1.444435230743999958e+09 7.791616457813140073e+01
1.444435230993999958e+09 7.774849854332626364e+01
1.444435230993999958e+09 7.774849854332626364e+01
1.444435231243999958e+09 7.519589529678476936e+01
1.444435231493999958e+09 7.557248587594506262e+01
1.444435231493999958e+09 7.557248587594506262e+01
1.444435231743999958e+09 7.872791851330254076e+01
1.444435231994999886e+09 7.775893155223533881e+01
1.444435231994999886e+09 7.775893155223533881e+01
1.444435232243000031e+09 8.060947237811356558e+01
1.444435232493000031e+09 7.405551114012796177e+01
1.444435232493000031e+09 7.405551114012796177e+01
1.444435232743000031e+09 7.546237094352193253e+01
1.444435232993000031e+09 7.576777075303712650e+01
1.444435232993000031e+09 7.576777075303712650e+01
1.444435233243000031e+09 7.941787658224289714e+01
1.444435233493000031e+09 8.160082579740621611e+01
1.444435233493000031e+09 8.160082579740621611e+01
1.444435233743000031e+09 7.901204920756201489e+01
1.444435233993000031e+09 7.557210462737889145e+01
1.444435234243000031e+09 7.330845127767101133e+01
1.444435234243000031e+09 7.330845127767101133e+01
1.444435234493000031e+09 7.495021838988935770e+01
1.444435234743000031e+09 7.747159376050746005e+01
1.444435234743000031e+09 7.747159376050746005e+01
1.444435234993000031e+09 7.633020446499961054e+01
1.444435235243000031e+09 7.880827868506712264e+01
1.444435235243000031e+09 7.880827868506712264e+01
1.444435235493000031e+09 8.042383847652267548e+01
1.444435235743000031e+09 8.006270484793387254e+01
1.444435235743000031e+09 8.006270484793387254e+01
1.444435235993000031e+09 8.115678936087506656e+01
1.444435236243000031e+09 8.058792695517924187e+01
1.444435236493000031e+09 8.107421413551895739e+01
1.444435236493000031e+09 8.107421413551895739e+01
1.444435236743000031e+09 7.595690469780110732e+01
1.444435236993000031e+09 7.259625568110021732e+01
1.444435236993000031e+09 7.259625568110021732e+01
1.444435237243000031e+09 7.032718345126197335e+01
1.444435237493000031e+09 7.359744356428237211e+01
1.444435237493000031e+09 7.359744356428237211e+01
1.444435237743000031e+09 7.567728199546569101e+01
1.444435237993000031e+09 7.820924711513892191e+01
1.444435237993000031e+09 7.820924711513892191e+01
1.444435238243000031e+09 7.441492106622951042e+01
1.444435238493000031e+09 7.507837350674087418e+01
1.444435238493000031e+09 7.507837350674087418e+01
1.444435238743000031e+09 7.579606969135025452e+01
1.444435238993000031e+09 7.460544147341619237e+01
1.444435239242000103e+09 7.659641181899543483e+01
1.444435239242000103e+09 7.659641181899543483e+01
1.444435239492000103e+09 7.578870304271323732e+01
1.444435239742000103e+09 7.618601046789778763e+01
1.444435239742000103e+09 7.618601046789778763e+01
1.444435239992000103e+09 7.867295843703873004e+01
1.444435240242000103e+09 8.049178589142609042e+01
1.444435240242000103e+09 8.049178589142609042e+01
1.444435240492000103e+09 7.808706981088965904e+01
1.444435240742000103e+09 7.280574901505998753e+01
1.444435240742000103e+09 7.280574901505998753e+01
1.444435240992000103e+09 7.893926031696351231e+01
1.444435241242000103e+09 7.653677037603286237e+01
1.444435241242000103e+09 7.653677037603286237e+01
1.444435241492000103e+09 7.836593432161784278e+01
1.444435241740999937e+09 7.733330330658714047e+01
1.444435241740999937e+09 7.733330330658714047e+01
1.444435241990999937e+09 7.820612993206755448e+01
1.444435242240999937e+09 7.405742563423363833e+01
1.444435242240999937e+09 7.405742563423363833e+01
1.444435242490999937e+09 7.666918775245372331e+01
1.444435242740999937e+09 8.040355456923201416e+01
1.444435242990999937e+09 7.848630413418014484e+01
1.444435242990999937e+09 7.848630413418014484e+01
1.444435243240999937e+09 7.823429515362383313e+01
1.444435243490999937e+09 7.116326673468688568e+01
1.444435243490999937e+09 7.116326673468688568e+01
1.444435243740999937e+09 7.352487029976278166e+01
1.444435243990999937e+09 7.684129944947379443e+01
1.444435243990999937e+09 7.684129944947379443e+01
1.444435244240999937e+09 7.440525850934325547e+01
1.444435244490999937e+09 7.428972067835694304e+01
1.444435244490999937e+09 7.428972067835694304e+01
1.444435244740999937e+09 7.930645346477452051e+01
1.444435244990999937e+09 7.775736184588561173e+01
1.444435244990999937e+09 7.775736184588561173e+01
1.444435245240999937e+09 7.486101214219571887e+01
1.444435245490999937e+09 7.540773418425766295e+01
1.444435245740999937e+09 7.566745139382730656e+01
1.444435245740999937e+09 7.566745139382730656e+01
1.444435245990999937e+09 7.877686741699520212e+01
1.444435246240999937e+09 7.667810548809049465e+01
1.444435246240999937e+09 7.667810548809049465e+01
1.444435246490999937e+09 7.884797602660830762e+01
1.444435246740999937e+09 7.743529419122775437e+01
1.444435246740999937e+09 7.743529419122775437e+01
1.444435246990999937e+09 7.790878597182371834e+01
1.444435247240999937e+09 7.558295739333745189e+01
1.444435247240999937e+09 7.558295739333745189e+01
1.444435247490999937e+09 7.616797022354410274e+01
1.444435247740999937e+09 7.344635223101343513e+01
1.444435247740999937e+09 7.344635223101343513e+01
1.444435247990999937e+09 7.599783870786170326e+01
1.444435248240999937e+09 8.006311741748170618e+01
1.444435248240999937e+09 8.006311741748170618e+01
1.444435248490999937e+09 7.363047309108885941e+01
1.444435248740999937e+09 7.320461962371351206e+01
1.444435248740999937e+09 7.320461962371351206e+01
1.444435248990999937e+09 7.639771654588685124e+01
1.444435249240999937e+09 7.317286385462169562e+01
1.444435249240999937e+09 7.317286385462169562e+01
1.444435249490999937e+09 7.652880920339111981e+01
1.444435249740999937e+09 7.873852802173507826e+01
1.444435249740999937e+09 7.873852802173507826e+01
1.444435249990999937e+09 7.574494387222962644e+01
1.444435250240999937e+09 7.484698604400530542e+01
1.444435250490999937e+09 7.449183343734694063e+01
1.444435250490999937e+09 7.449183343734694063e+01
1.444435250740999937e+09 7.860819413856918914e+01
1.444435250990999937e+09 7.931350397612344238e+01
1.444435250990999937e+09 7.931350397612344238e+01
1.444435251240999937e+09 7.441310114543165355e+01
1.444435251490999937e+09 7.715470946367955207e+01
1.444435251490999937e+09 7.715470946367955207e+01
1.444435251740999937e+09 7.470558549751159205e+01
1.444435251993999958e+09 7.889380715119540355e+01
1.444435251993999958e+09 7.889380715119540355e+01
1.444435252239000082e+09 7.655666828832083581e+01
1.444435252489000082e+09 7.191729179761604485e+01
1.444435252489000082e+09 7.191729179761604485e+01
1.444435252739000082e+09 7.580989060933363533e+01
1.444435252989000082e+09 7.446053497259224230e+01
1.444435253239000082e+09 7.793645882842122319e+01
1.444435253239000082e+09 7.793645882842122319e+01
1.444435253489000082e+09 7.483236280121579398e+01
1.444435253739000082e+09 7.786697997296631968e+01
1.444435253739000082e+09 7.786697997296631968e+01
1.444435253989000082e+09 7.666619488739655708e+01
1.444435254239000082e+09 7.519127062608235690e+01
1.444435254239000082e+09 7.519127062608235690e+01
1.444435254489000082e+09 7.331115282031385050e+01
1.444435254739000082e+09 7.590527587786725405e+01
1.444435254739000082e+09 7.590527587786725405e+01
1.444435254989000082e+09 7.515565361528544486e+01
1.444435255239000082e+09 7.469864654387029645e+01
1.444435255239000082e+09 7.469864654387029645e+01
1.444435255487999916e+09 7.280644732839452615e+01
1.444435255737999916e+09 7.643878090932166458e+01
1.444435255737999916e+09 7.643878090932166458e+01
1.444435255987999916e+09 7.898156987342056823e+01
1.444435256237999916e+09 7.685548410252887663e+01
1.444435256237999916e+09 7.685548410252887663e+01
1.444435256487999916e+09 7.290084379472855858e+01
1.444435256737999916e+09 7.794138392625482936e+01
1.444435256737999916e+09 7.794138392625482936e+01
1.444435256987999916e+09 7.820488485616313312e+01
1.444435257237999916e+09 7.569310404128688674e+01
1.444435257487999916e+09 7.455865963616641068e+01
1.444435257487999916e+09 7.455865963616641068e+01
1.444435257737999916e+09 7.614827309831380830e+01
1.444435257987999916e+09 7.635695631995098154e+01
1.444435257987999916e+09 7.635695631995098154e+01
1.444435258237999916e+09 7.736407291630405325e+01
1.444435258487999916e+09 7.531533662159687026e+01
1.444435258487999916e+09 7.531533662159687026e+01
1.444435258737999916e+09 7.908657335371427166e+01
1.444435258987999916e+09 7.781324972437205645e+01
1.444435258987999916e+09 7.781324972437205645e+01
1.444435259237999916e+09 7.668193472545718237e+01
1.444435259487999916e+09 7.221851711458573675e+01
1.444435259487999916e+09 7.221851711458573675e+01
1.444435259737999916e+09 7.574700938233884528e+01
1.444435259987999916e+09 7.477100504688706906e+01
1.444435259987999916e+09 7.477100504688706906e+01
1.444435260237999916e+09 7.562580327101180444e+01
1.444435260487999916e+09 7.836646974168523627e+01
1.444435260487999916e+09 7.836646974168523627e+01
1.444435260737999916e+09 7.414907960748533355e+01
1.444435260987999916e+09 7.564156240581550605e+01
1.444435261237999916e+09 7.797997078506531921e+01
1.444435261237999916e+09 7.797997078506531921e+01
1.444435261487999916e+09 7.928672845375926670e+01
1.444435261737999916e+09 8.044136108783511929e+01
1.444435261737999916e+09 8.044136108783511929e+01
1.444435261993000031e+09 7.922927809453032921e+01
1.444435262243000031e+09 7.259781373440468144e+01
1.444435262243000031e+09 7.259781373440468144e+01
1.444435262493000031e+09 7.031956579227430382e+01
1.444435262743000031e+09 7.169130779722667057e+01
1.444435262743000031e+09 7.169130779722667057e+01
1.444435262993000031e+09 8.137641826708470205e+01
1.444435263243000031e+09 8.163825290454228423e+01
1.444435263243000031e+09 8.163825290454228423e+01
1.444435263493000031e+09 7.893731414512141953e+01
1.444435263743000031e+09 7.603369855295551361e+01
1.444435263743000031e+09 7.603369855295551361e+01
1.444435263993000031e+09 6.566748800709812883e+01
1.444435264243000031e+09 6.753929891964533283e+01
1.444435264493000031e+09 7.491274759201176892e+01
1.444435264493000031e+09 7.491274759201176892e+01
1.444435264743000031e+09 7.955458569830342697e+01
1.444435264993000031e+09 7.977737489947817551e+01
1.444435264993000031e+09 7.977737489947817551e+01
1.444435265243000031e+09 7.788383167988537537e+01
1.444435265493000031e+09 7.302748084085466473e+01
1.444435265493000031e+09 7.302748084085466473e+01
1.444435265743000031e+09 7.727339669752720397e+01
1.444435265993000031e+09 7.425796220373160850e+01
1.444435265993000031e+09 7.425796220373160850e+01
1.444435266243000031e+09 6.889417917572517069e+01
1.444435266493000031e+09 7.042660285348441107e+01
1.444435266493000031e+09 7.042660285348441107e+01
1.444435266743000031e+09 8.517291876886400814e+01
1.444435266993000031e+09 8.573918240492059795e+01
1.444435267243000031e+09 7.950880500650524141e+01
1.444435267243000031e+09 7.950880500650524141e+01
1.444435267493000031e+09 7.054833236937436425e+01
1.444435267743000031e+09 7.105312927404210654e+01
1.444435267743000031e+09 7.105312927404210654e+01
1.444435267993000031e+09 7.859816221186552809e+01
1.444435268243000031e+09 8.270577951770931691e+01
1.444435268243000031e+09 8.270577951770931691e+01
1.444435268493000031e+09 8.372255208379212377e+01
1.444435268743000031e+09 8.144393540728928826e+01
1.444435268743000031e+09 8.144393540728928826e+01
1.444435268994999886e+09 7.585108174057181429e+01
1.444435269244999886e+09 7.207088221794414551e+01
1.444435269244999886e+09 7.207088221794414551e+01
1.444435269494999886e+09 6.939560929008581525e+01
1.444435269744999886e+09 6.957614812742643551e+01
1.444435269744999886e+09 6.957614812742643551e+01
1.444435269994999886e+09 6.266942680937836485e+01
1.444435270240999937e+09 6.660381921238059988e+01
1.444435270240999937e+09 6.660381921238059988e+01
1.444435270490999937e+09 7.246022006995100639e+01
1.444435270740999937e+09 7.447813190558436247e+01
1.444435270740999937e+09 7.447813190558436247e+01
1.444435270990999937e+09 7.464916001543942059e+01
1.444435271240999937e+09 7.368362236775263341e+01
1.444435271490999937e+09 7.244995073675120523e+01
1.444435271490999937e+09 7.244995073675120523e+01
1.444435271740999937e+09 7.097877658658123323e+01
1.444435271993999958e+09 7.470262859019535995e+01
1.444435271993999958e+09 7.470262859019535995e+01
1.444435272243999958e+09 7.445411711978360358e+01
1.444435272493000031e+09 6.256442419418768708e+01
1.444435272493000031e+09 6.256442419418768708e+01
1.444435272743000031e+09 5.753537304548481757e+01
1.444435272993000031e+09 6.019366290666584263e+01
1.444435272993000031e+09 6.019366290666584263e+01
1.444435273243000031e+09 6.777889372612510499e+01
1.444435273493000031e+09 6.844059392055501689e+01
1.444435273493000031e+09 6.844059392055501689e+01
1.444435273743000031e+09 7.164313855882363669e+01
1.444435273993000031e+09 6.153505115277995685e+01
1.444435273993000031e+09 6.153505115277995685e+01
1.444435274243000031e+09 6.879336103731577623e+01
1.444435274493000031e+09 5.762370315231965634e+01
1.444435274493000031e+09 5.762370315231965634e+01
1.444435274743000031e+09 6.485449313008710703e+01
1.444435274993000031e+09 5.649677725066082701e+01
1.444435274993000031e+09 5.649677725066082701e+01
1.444435275243000031e+09 6.217763379906271126e+01
1.444435275493000031e+09 5.764842737043425558e+01
1.444435275493000031e+09 5.764842737043425558e+01
1.444435275743000031e+09 6.443144032758064554e+01
1.444435275993000031e+09 5.962721911694710286e+01
1.444435275993000031e+09 5.962721911694710286e+01
1.444435276243000031e+09 6.040648328970400627e+01
1.444435276493999958e+09 7.192663460760745409e+01
1.444435276493999958e+09 7.192663460760745409e+01
1.444435276743000031e+09 6.736172451668102212e+01
1.444435276993000031e+09 7.795661434374846976e+01
1.444435276993000031e+09 7.795661434374846976e+01
1.444435277243000031e+09 7.935446419167942622e+01
1.444435277493000031e+09 6.612546969709531197e+01
1.444435277493000031e+09 6.612546969709531197e+01
1.444435277743000031e+09 5.522154550989080946e+01
1.444435277993000031e+09 5.404514897170661669e+01
1.444435277993000031e+09 5.404514897170661669e+01
1.444435278243000031e+09 6.484449612239862404e+01
1.444435278493000031e+09 6.426962135035329027e+01
1.444435278493000031e+09 6.426962135035329027e+01
1.444435278743000031e+09 6.678145419926900672e+01
1.444435278992000103e+09 6.311648425166580267e+01
1.444435278992000103e+09 6.311648425166580267e+01
1.444435279242000103e+09 5.796831426258990660e+01
1.444435279492000103e+09 6.763522196755992866e+01
1.444435279492000103e+09 6.763522196755992866e+01
1.444435279742000103e+09 6.829892353877437472e+01
1.444435279992000103e+09 6.262645046025681239e+01
1.444435279992000103e+09 6.262645046025681239e+01
