1.444439576714999914e+09 5.777274334037992531e+01
1.444439576714999914e+09 5.777274334037992531e+01
1.444439576964999914e+09 5.845012445062238271e+01
1.444439577214999914e+09 6.068388952576310658e+01
1.444439577214999914e+09 6.068388952576310658e+01
1.444439577474999905e+09 6.367775777875470311e+01
1.444439577721999884e+09 6.550639023135546779e+01
1.444439577721999884e+09 6.550639023135546779e+01
1.444439577971999884e+09 6.855911908417932921e+01
1.444439578221999884e+09 7.049097961441201221e+01
1.444439578221999884e+09 7.049097961441201221e+01
1.444439578470000029e+09 7.039296831482809580e+01
1.444439578720000029e+09 7.178512069229989834e+01
1.444439578720000029e+09 7.178512069229989834e+01
1.444439578970000029e+09 7.223604990212990629e+01
1.444439579220000029e+09 7.365470499058471887e+01
1.444439579220000029e+09 7.365470499058471887e+01
1.444439579470000029e+09 7.368072027471500007e+01
1.444439579720000029e+09 7.494092339266653369e+01
1.444439579720000029e+09 7.494092339266653369e+01
1.444439579970999956e+09 7.567313499910042651e+01
1.444439580220000029e+09 7.552670555625340398e+01
1.444439580470000029e+09 7.553881290759164813e+01
1.444439580470000029e+09 7.553881290759164813e+01
1.444439580720000029e+09 7.633149972029536912e+01
1.444439580970999956e+09 7.750749827767606348e+01
1.444439580970999956e+09 7.750749827767606348e+01
1.444439581220999956e+09 7.739358429454439658e+01
1.444439581470000029e+09 7.560080371986515502e+01
1.444439581470000029e+09 7.560080371986515502e+01
1.444439581720000029e+09 7.584424001214999578e+01
1.444439581967000008e+09 7.606365655543255855e+01
1.444439581967000008e+09 7.606365655543255855e+01
1.444439582217000008e+09 7.447101787076691437e+01
1.444439582467000008e+09 7.371250980340306569e+01
1.444439582467000008e+09 7.371250980340306569e+01
1.444439582717000008e+09 7.451939823661498963e+01
1.444439582967000008e+09 7.510484121799237300e+01
1.444439582967000008e+09 7.510484121799237300e+01
1.444439583217000008e+09 7.389250004501407432e+01
1.444439583467000008e+09 7.212980609593381587e+01
1.444439583717000008e+09 7.338017913252437552e+01
1.444439583717000008e+09 7.338017913252437552e+01
1.444439583967000008e+09 7.270951368087763456e+01
1.444439584217000008e+09 7.117280725129224095e+01
1.444439584217000008e+09 7.117280725129224095e+01
1.444439584467000008e+09 7.162496691022917616e+01
1.444439584717000008e+09 7.259368638241123506e+01
1.444439584717000008e+09 7.259368638241123506e+01
1.444439584967000008e+09 7.311907945879750059e+01
1.444439585217000008e+09 7.181002974160412577e+01
1.444439585217000008e+09 7.181002974160412577e+01
1.444439585467000008e+09 7.166317489871512691e+01
1.444439585717000008e+09 7.104128777623819246e+01
1.444439585717000008e+09 7.104128777623819246e+01
1.444439585967000008e+09 7.008272912889984241e+01
1.444439586217000008e+09 6.727559150996773951e+01
1.444439586217000008e+09 6.727559150996773951e+01
1.444439586467000008e+09 6.824550807354714266e+01
1.444439586717000008e+09 6.817609990900795935e+01
1.444439586717000008e+09 6.817609990900795935e+01
1.444439586967000008e+09 6.776109007741121104e+01
1.444439587217000008e+09 6.768978646844877289e+01
1.444439587217000008e+09 6.768978646844877289e+01
1.444439587467000008e+09 6.721073517751116810e+01
1.444439587717000008e+09 6.876667473232906502e+01
1.444439587717000008e+09 6.876667473232906502e+01
1.444439587967000008e+09 6.805216236389573226e+01
1.444439588217000008e+09 6.868459747270266291e+01
1.444439588217000008e+09 6.868459747270266291e+01
1.444439588467000008e+09 7.032864607922230960e+01
1.444439588717000008e+09 7.137695382485522089e+01
1.444439588717000008e+09 7.137695382485522089e+01
1.444439588967000008e+09 7.212021537283091277e+01
1.444439589217000008e+09 7.384758978876241997e+01
1.444439589217000008e+09 7.384758978876241997e+01
1.444439589467000008e+09 7.463907431176617990e+01
1.444439589717000008e+09 7.500317527840402931e+01
1.444439589970000029e+09 7.435225553307886059e+01
1.444439589970000029e+09 7.435225553307886059e+01
1.444439590220000029e+09 7.495194710377934655e+01
1.444439590470000029e+09 7.548593107642849986e+01
1.444439590470000029e+09 7.548593107642849986e+01
1.444439590714999914e+09 7.443001531319293917e+01
1.444439590964999914e+09 7.378862553354574061e+01
1.444439590964999914e+09 7.378862553354574061e+01
1.444439591214999914e+09 7.429011374467607709e+01
1.444439591464999914e+09 7.418613811508645028e+01
1.444439591464999914e+09 7.418613811508645028e+01
1.444439591714999914e+09 7.385342590674645180e+01
1.444439591964999914e+09 7.328788626023612096e+01
1.444439591964999914e+09 7.328788626023612096e+01
1.444439592214999914e+09 7.346727621404792785e+01
1.444439592464999914e+09 7.324612623442261850e+01
1.444439592464999914e+09 7.324612623442261850e+01
1.444439592714999914e+09 7.177105338901590414e+01
1.444439592964999914e+09 7.145168894537452786e+01
1.444439593214999914e+09 7.177277386885815247e+01
1.444439593214999914e+09 7.177277386885815247e+01
1.444439593464999914e+09 7.247991991351911167e+01
1.444439593714999914e+09 7.225041617489623036e+01
1.444439593714999914e+09 7.225041617489623036e+01
1.444439593964999914e+09 7.195353015381964212e+01
1.444439594214999914e+09 7.107265225973790734e+01
1.444439594214999914e+09 7.107265225973790734e+01
1.444439594464999914e+09 6.993949153070973068e+01
1.444439594714999914e+09 6.942587689635558945e+01
1.444439594714999914e+09 6.942587689635558945e+01
1.444439594964999914e+09 6.959863324466965651e+01
1.444439595214999914e+09 6.899356270063852037e+01
1.444439595214999914e+09 6.899356270063852037e+01
1.444439595464999914e+09 6.907643402965453561e+01
1.444439595714999914e+09 6.987398985925028683e+01
1.444439595714999914e+09 6.987398985925028683e+01
1.444439595964999914e+09 7.140994878985605965e+01
1.444439596214999914e+09 7.089107838044220955e+01
1.444439596464999914e+09 7.045989868855372151e+01
1.444439596464999914e+09 7.045989868855372151e+01
1.444439596714999914e+09 7.117232937274005167e+01
1.444439596964999914e+09 7.186605556276438733e+01
1.444439596964999914e+09 7.186605556276438733e+01
1.444439597214999914e+09 7.134418541931592017e+01
1.444439597473999977e+09 7.116524959749088453e+01
1.444439597473999977e+09 7.116524959749088453e+01
1.444439597723000050e+09 7.242319894735129537e+01
1.444439597973000050e+09 7.218472122471163743e+01
1.444439597973000050e+09 7.218472122471163743e+01
1.444439598223000050e+09 7.217027667760501686e+01
1.444439598474999905e+09 7.191585670642747630e+01
1.444439598474999905e+09 7.191585670642747630e+01
1.444439598720000029e+09 7.374704357629401841e+01
1.444439598970000029e+09 7.404348060484511507e+01
1.444439598970000029e+09 7.404348060484511507e+01
1.444439599220000029e+09 7.353752121015648413e+01
1.444439599470000029e+09 7.288114988558574225e+01
1.444439599720000029e+09 7.375690125767887650e+01
1.444439599720000029e+09 7.375690125767887650e+01
1.444439599970000029e+09 7.344496480313108577e+01
1.444439600220000029e+09 7.253151934753084618e+01
1.444439600220000029e+09 7.253151934753084618e+01
1.444439600470000029e+09 7.303151314969261421e+01
1.444439600720000029e+09 7.284176318413618390e+01
1.444439600720000029e+09 7.284176318413618390e+01
1.444439600970000029e+09 7.248861160214498511e+01
1.444439601220999956e+09 7.167683805163210309e+01
1.444439601220999956e+09 7.167683805163210309e+01
1.444439601471999884e+09 7.209720587782628343e+01
1.444439601720999956e+09 7.252007781291803212e+01
1.444439601720999956e+09 7.252007781291803212e+01
1.444439601970999956e+09 7.075293996962101062e+01
1.444439602220999956e+09 7.023729833047416093e+01
1.444439602220999956e+09 7.023729833047416093e+01
1.444439602470999956e+09 7.111745752683717114e+01
1.444439602720999956e+09 7.111636739409841823e+01
1.444439602720999956e+09 7.111636739409841823e+01
1.444439602970999956e+09 6.998278351130750252e+01
1.444439603220999956e+09 6.915442075697116309e+01
1.444439603220999956e+09 6.915442075697116309e+01
1.444439603470999956e+09 6.989923157802147102e+01
1.444439603720999956e+09 7.116567499344812120e+01
1.444439603720999956e+09 7.116567499344812120e+01
1.444439603970999956e+09 7.076950870583370090e+01
1.444439604223000050e+09 7.107076124958041419e+01
1.444439604473000050e+09 7.243297304361009026e+01
1.444439604473000050e+09 7.243297304361009026e+01
1.444439604723000050e+09 7.344948440595852901e+01
1.444439604973000050e+09 7.372429274849676517e+01
1.444439604973000050e+09 7.372429274849676517e+01
1.444439605223000050e+09 7.306721094478048428e+01
1.444439605473000050e+09 7.294664692824002827e+01
1.444439605473000050e+09 7.294664692824002827e+01
1.444439605723000050e+09 7.282327242549601465e+01
1.444439605973000050e+09 7.244961716134325513e+01
1.444439605973000050e+09 7.244961716134325513e+01
1.444439606223000050e+09 7.216004514442907691e+01
1.444439606473000050e+09 7.202490611853279745e+01
1.444439606473000050e+09 7.202490611853279745e+01
1.444439606723000050e+09 7.219243201689482703e+01
1.444439606973000050e+09 7.296463131389161560e+01
1.444439606973000050e+09 7.296463131389161560e+01
1.444439607223000050e+09 7.236481542644146714e+01
1.444439607473000050e+09 7.196344161038597065e+01
1.444439607473000050e+09 7.196344161038597065e+01
1.444439607723000050e+09 7.235965395016974355e+01
1.444439607973000050e+09 7.285749766923029824e+01
1.444439608223000050e+09 7.342602155897634475e+01
1.444439608223000050e+09 7.342602155897634475e+01
1.444439608473000050e+09 7.181683429893074333e+01
1.444439608723000050e+09 7.235399824914350120e+01
1.444439608723000050e+09 7.235399824914350120e+01
1.444439608973000050e+09 7.302580942341676007e+01
1.444439609223000050e+09 7.245542493528388661e+01
1.444439609223000050e+09 7.245542493528388661e+01
1.444439609473000050e+09 7.270132798358319803e+01
1.444439609723000050e+09 7.193464123419707335e+01
1.444439609973000050e+09 7.324760928282348971e+01
1.444439609973000050e+09 7.324760928282348971e+01
1.444439610223000050e+09 7.272658872469985170e+01
1.444439610473000050e+09 7.207807076180552031e+01
1.444439610473000050e+09 7.207807076180552031e+01
1.444439610723000050e+09 7.227759234710262604e+01
1.444439610973000050e+09 7.190648132715672602e+01
1.444439610973000050e+09 7.190648132715672602e+01
1.444439611223000050e+09 7.148900095206506933e+01
1.444439611473000050e+09 7.107588580983886573e+01
1.444439611473000050e+09 7.107588580983886573e+01
1.444439611723000050e+09 7.189813805633605170e+01
1.444439611970999956e+09 7.225010933356405474e+01
1.444439611970999956e+09 7.225010933356405474e+01
1.444439612220999956e+09 7.094274930007044588e+01
1.444439612470999956e+09 7.031631967965077479e+01
1.444439612470999956e+09 7.031631967965077479e+01
1.444439612720999956e+09 7.117938699464269803e+01
1.444439612970999956e+09 7.139678301897983204e+01
1.444439612970999956e+09 7.139678301897983204e+01
1.444439613220999956e+09 6.996261522742504724e+01
1.444439613470999956e+09 6.947901904603436662e+01
1.444439613470999956e+09 6.947901904603436662e+01
1.444439613720999956e+09 7.122031923813456444e+01
1.444439613970999956e+09 7.126659138560036411e+01
1.444439613970999956e+09 7.126659138560036411e+01
1.444439614220999956e+09 7.130690650904445249e+01
1.444439614470999956e+09 7.139906518997037210e+01
1.444439614720999956e+09 7.225799376278833108e+01
1.444439614720999956e+09 7.225799376278833108e+01
1.444439614970999956e+09 7.279973304523416289e+01
1.444439615220999956e+09 7.246983570289046384e+01
1.444439615220999956e+09 7.246983570289046384e+01
1.444439615470999956e+09 7.230521431910959507e+01
1.444439615720999956e+09 7.213251866056555173e+01
1.444439615720999956e+09 7.213251866056555173e+01
1.444439615970999956e+09 7.308169130092898058e+01
1.444439616220999956e+09 7.353234913996665512e+01
1.444439616220999956e+09 7.353234913996665512e+01
1.444439616470999956e+09 7.273901834807924160e+01
1.444439616720999956e+09 7.137398978615655665e+01
1.444439616720999956e+09 7.137398978615655665e+01
1.444439616970999956e+09 7.113278539354411123e+01
1.444439617220999956e+09 7.068685815032350206e+01
1.444439617220999956e+09 7.068685815032350206e+01
1.444439617474999905e+09 7.064746445424947296e+01
1.444439617724999905e+09 7.047703680537732396e+01
1.444439617724999905e+09 7.047703680537732396e+01
1.444439617973000050e+09 7.134608787902909910e+01
1.444439618223000050e+09 7.284999105368804351e+01
1.444439618473000050e+09 7.273025115277810926e+01
1.444439618473000050e+09 7.273025115277810926e+01
1.444439618723000050e+09 7.227499274587577816e+01
1.444439618973000050e+09 7.148556502813370628e+01
1.444439618973000050e+09 7.148556502813370628e+01
1.444439619223000050e+09 7.153877561212641467e+01
1.444439619473000050e+09 7.153560128222709125e+01
1.444439619473000050e+09 7.153560128222709125e+01
1.444439619723000050e+09 7.163504119412671400e+01
1.444439619973000050e+09 7.254817016676150843e+01
1.444439619973000050e+09 7.254817016676150843e+01
1.444439620223000050e+09 7.256868135151607646e+01
1.444439620473000050e+09 7.234430379672396327e+01
1.444439620473000050e+09 7.234430379672396327e+01
1.444439620723000050e+09 7.179239880006352337e+01
1.444439620973000050e+09 7.216728661490772367e+01
1.444439620973000050e+09 7.216728661490772367e+01
1.444439621223000050e+09 7.201333625966711338e+01
1.444439621473000050e+09 7.167389404626446492e+01
1.444439621723000050e+09 7.291663189264978939e+01
1.444439621723000050e+09 7.291663189264978939e+01
1.444439621973000050e+09 7.392512494950325674e+01
1.444439622223000050e+09 7.411246358560907765e+01
1.444439622223000050e+09 7.411246358560907765e+01
1.444439622473000050e+09 7.383493450852000706e+01
1.444439622723000050e+09 7.412668604448663245e+01
1.444439622723000050e+09 7.412668604448663245e+01
1.444439622973000050e+09 7.504870996811105499e+01
1.444439623223000050e+09 7.444403121226642384e+01
1.444439623473000050e+09 7.411476540897879772e+01
1.444439623473000050e+09 7.411476540897879772e+01
1.444439623723000050e+09 7.502060066210539446e+01
1.444439623973000050e+09 7.536442146102133677e+01
1.444439623973000050e+09 7.536442146102133677e+01
1.444439624223000050e+09 7.437123434932939858e+01
1.444439624473000050e+09 7.455299325696773849e+01
1.444439624473000050e+09 7.455299325696773849e+01
1.444439624723000050e+09 7.568559781115823171e+01
1.444439624973000050e+09 7.606888999462435663e+01
1.444439624973000050e+09 7.606888999462435663e+01
1.444439625223000050e+09 7.465513606237360023e+01
1.444439625473000050e+09 7.443124501253490166e+01
1.444439625473000050e+09 7.443124501253490166e+01
1.444439625717000008e+09 7.549695635255713455e+01
1.444439625967000008e+09 7.585283048200244593e+01
1.444439626217000008e+09 7.510707392589814901e+01
1.444439626217000008e+09 7.510707392589814901e+01
1.444439626467000008e+09 7.446059280911450173e+01
1.444439626717000008e+09 7.641184333440074283e+01
1.444439626717000008e+09 7.641184333440074283e+01
1.444439626967000008e+09 7.589069248340186391e+01
1.444439627217000008e+09 7.594469701021432684e+01
1.444439627467000008e+09 7.548906077884190324e+01
1.444439627467000008e+09 7.548906077884190324e+01
1.444439627717000008e+09 7.606355233137260541e+01
1.444439627967000008e+09 7.668761948891044256e+01
1.444439627967000008e+09 7.668761948891044256e+01
1.444439628217000008e+09 7.489781363723203356e+01
1.444439628467000008e+09 7.570873780678991238e+01
1.444439628467000008e+09 7.570873780678991238e+01
1.444439628717000008e+09 7.599400100598259655e+01
1.444439628967000008e+09 7.538494563206077714e+01
1.444439628967000008e+09 7.538494563206077714e+01
1.444439629217000008e+09 7.523209358340714914e+01
1.444439629467000008e+09 7.465404763659351772e+01
1.444439629717000008e+09 7.610783701572029258e+01
1.444439629717000008e+09 7.610783701572029258e+01
1.444439629967000008e+09 7.548677152810540747e+01
1.444439630217000008e+09 7.444671379340425688e+01
1.444439630217000008e+09 7.444671379340425688e+01
1.444439630467000008e+09 7.455719710058711769e+01
1.444439630717000008e+09 7.474468129301891395e+01
1.444439630717000008e+09 7.474468129301891395e+01
1.444439630967000008e+09 7.457252002290807980e+01
1.444439631217000008e+09 7.337830344556547857e+01
1.444439631217000008e+09 7.337830344556547857e+01
1.444439631467000008e+09 7.345111102227969013e+01
1.444439631717000008e+09 7.411960314848948883e+01
1.444439631967000008e+09 7.437467037066356568e+01
1.444439631967000008e+09 7.437467037066356568e+01
1.444439632217000008e+09 7.279151939717390007e+01
1.444439632467000008e+09 7.393720801198703896e+01
1.444439632717000008e+09 7.506998984160615862e+01
1.444439632717000008e+09 7.506998984160615862e+01
1.444439632966000080e+09 7.545905031622730519e+01
1.444439633216000080e+09 7.469515580232923924e+01
1.444439633216000080e+09 7.469515580232923924e+01
1.444439633474999905e+09 7.477421694516449691e+01
1.444439633720999956e+09 7.670017370948620794e+01
1.444439633720999956e+09 7.670017370948620794e+01
1.444439633974999905e+09 7.576448506427010443e+01
1.444439634221999884e+09 7.463016447740869808e+01
1.444439634221999884e+09 7.463016447740869808e+01
1.444439634473000050e+09 7.487383076969953777e+01
1.444439634723000050e+09 7.601248234176162555e+01
1.444439634973000050e+09 7.625553444553034410e+01
1.444439634973000050e+09 7.625553444553034410e+01
1.444439635223000050e+09 7.513622927508342286e+01
1.444439635473000050e+09 7.548273456406580806e+01
1.444439635473000050e+09 7.548273456406580806e+01
1.444439635723000050e+09 7.623972195322484424e+01
1.444439635973000050e+09 7.609128795577993287e+01
1.444439635973000050e+09 7.609128795577993287e+01
1.444439636223000050e+09 7.490254681635764200e+01
1.444439636473000050e+09 7.480820153601118250e+01
1.444439636723000050e+09 7.525464618280587104e+01
1.444439636723000050e+09 7.525464618280587104e+01
1.444439636973000050e+09 7.540799187303741746e+01
1.444439637223000050e+09 7.452729941372788858e+01
1.444439637223000050e+09 7.452729941372788858e+01
1.444439637473000050e+09 7.486481394593319294e+01
1.444439637723000050e+09 7.597536070916451933e+01
1.444439637969000101e+09 7.537789812374592202e+01
1.444439637969000101e+09 7.537789812374592202e+01
1.444439638219000101e+09 7.407371725361767290e+01
1.444439638469000101e+09 7.368329536279065906e+01
1.444439638469000101e+09 7.368329536279065906e+01
1.444439638719000101e+09 7.498596239070816694e+01
1.444439638969000101e+09 7.483148228902742005e+01
1.444439638969000101e+09 7.483148228902742005e+01
1.444439639219000101e+09 7.407547571226025696e+01
1.444439639469000101e+09 7.431317853800409523e+01
1.444439639719000101e+09 7.564378079421834400e+01
1.444439639719000101e+09 7.564378079421834400e+01
1.444439639969000101e+09 7.474913680299765417e+01
1.444439640219000101e+09 7.395527390809311896e+01
1.444439640219000101e+09 7.395527390809311896e+01
1.444439640469000101e+09 7.315378576235201535e+01
1.444439640719000101e+09 7.378385546802576300e+01
1.444439640719000101e+09 7.378385546802576300e+01
1.444439640969000101e+09 7.338702151948724861e+01
1.444439641219000101e+09 7.280040502117294920e+01
1.444439641219000101e+09 7.280040502117294920e+01
1.444439641469000101e+09 7.363255518095191121e+01
1.444439641719000101e+09 7.375469049917745679e+01
1.444439641719000101e+09 7.375469049917745679e+01
1.444439641969000101e+09 7.322584206532485496e+01
1.444439642216000080e+09 7.227733374429081437e+01
1.444439642216000080e+09 7.227733374429081437e+01
1.444439642466000080e+09 7.306229894286283866e+01
1.444439642716000080e+09 7.323969841977854855e+01
1.444439642966000080e+09 7.291708278669219112e+01
1.444439642966000080e+09 7.291708278669219112e+01
1.444439643216000080e+09 7.263000622977362752e+01
1.444439643466000080e+09 7.380374936532882657e+01
1.444439643466000080e+09 7.380374936532882657e+01
1.444439643716000080e+09 7.468029630291927390e+01
1.444439643966000080e+09 7.446138283261127810e+01
1.444439643966000080e+09 7.446138283261127810e+01
1.444439644216000080e+09 7.355697393012935947e+01
1.444439644466000080e+09 7.386021844193949448e+01
1.444439644466000080e+09 7.386021844193949448e+01
1.444439644716000080e+09 7.440141471329626199e+01
1.444439644966000080e+09 7.422122994814310459e+01
1.444439644966000080e+09 7.422122994814310459e+01
1.444439645216000080e+09 7.340579877564897515e+01
1.444439645466000080e+09 7.339612840412543449e+01
1.444439645716000080e+09 7.469396623755351072e+01
1.444439645716000080e+09 7.469396623755351072e+01
1.444439645966000080e+09 7.445805303927224372e+01
1.444439646216000080e+09 7.416280784188010955e+01
1.444439646216000080e+09 7.416280784188010955e+01
1.444439646466000080e+09 7.440519296054411313e+01
1.444439646716000080e+09 7.454142269816769328e+01
1.444439646716000080e+09 7.454142269816769328e+01
1.444439646966000080e+09 7.449873702126245689e+01
1.444439647216000080e+09 7.437278535813787528e+01
1.444439647466000080e+09 7.517087064913083339e+01
1.444439647466000080e+09 7.517087064913083339e+01
1.444439647716000080e+09 7.540557579709253844e+01
1.444439647966000080e+09 7.601532108199295124e+01
1.444439647966000080e+09 7.601532108199295124e+01
1.444439648216000080e+09 7.667216692535835421e+01
1.444439648466000080e+09 7.618756602286779867e+01
1.444439648466000080e+09 7.618756602286779867e+01
1.444439648716000080e+09 7.618422732600031111e+01
1.444439648966000080e+09 7.616470479496635448e+01
1.444439648966000080e+09 7.616470479496635448e+01
1.444439649216000080e+09 7.676935735902728197e+01
1.444439649466000080e+09 7.608096634462972929e+01
1.444439649716000080e+09 7.541229990649279102e+01
1.444439649716000080e+09 7.541229990649279102e+01
1.444439649966000080e+09 7.632042067557230780e+01
1.444439650216000080e+09 7.679966790146269773e+01
1.444439650216000080e+09 7.679966790146269773e+01
1.444439650466000080e+09 7.564734176194508564e+01
1.444439650716000080e+09 7.530410357736674598e+01
1.444439650966000080e+09 7.568865368804941340e+01
1.444439650966000080e+09 7.568865368804941340e+01
1.444439651216000080e+09 7.571681779375555266e+01
1.444439651466000080e+09 7.497790923207921310e+01
1.444439651466000080e+09 7.497790923207921310e+01
1.444439651716000080e+09 7.488627072128639384e+01
1.444439651966000080e+09 7.610389620576900427e+01
1.444439651966000080e+09 7.610389620576900427e+01
1.444439652216000080e+09 7.626711251421789939e+01
1.444439652466000080e+09 7.580144293736121597e+01
1.444439652466000080e+09 7.580144293736121597e+01
1.444439652716000080e+09 7.631909691178618971e+01
1.444439652966000080e+09 7.702042656595149595e+01
1.444439653216000080e+09 7.683313091449136323e+01
1.444439653216000080e+09 7.683313091449136323e+01
1.444439653466000080e+09 7.577717485751330173e+01
1.444439653716000080e+09 7.535088346705813933e+01
1.444439653716000080e+09 7.535088346705813933e+01
1.444439653966000080e+09 7.566619625036288710e+01
1.444439654216000080e+09 7.629442139506754472e+01
1.444439654216000080e+09 7.629442139506754472e+01
1.444439654466000080e+09 7.521998110473523980e+01
1.444439654716000080e+09 7.454384426772259076e+01
1.444439654966000080e+09 7.507853036278503112e+01
1.444439654966000080e+09 7.507853036278503112e+01
1.444439655216000080e+09 7.493645738449104954e+01
1.444439655466000080e+09 7.444304685718752523e+01
1.444439655466000080e+09 7.444304685718752523e+01
1.444439655719000101e+09 7.396567461861235415e+01
1.444439655969000101e+09 7.411182345738650667e+01
1.444439655969000101e+09 7.411182345738650667e+01
1.444439656219000101e+09 7.433855745539578663e+01
1.444439656469000101e+09 7.382138296259826404e+01
1.444439656469000101e+09 7.382138296259826404e+01
1.444439656719000101e+09 7.401435838393361166e+01
1.444439656969000101e+09 7.437493893664421307e+01
1.444439656969000101e+09 7.437493893664421307e+01
1.444439657219000101e+09 7.303385736859685551e+01
1.444439657469000101e+09 7.345743054871644517e+01
1.444439657719000101e+09 7.387557664799223289e+01
1.444439657719000101e+09 7.387557664799223289e+01
1.444439657971999884e+09 7.393395016483063387e+01
1.444439658223000050e+09 7.413595550217350194e+01
1.444439658223000050e+09 7.413595550217350194e+01
1.444439658473000050e+09 7.410811560476400928e+01
1.444439658723000050e+09 7.523896296955173568e+01
1.444439658723000050e+09 7.523896296955173568e+01
1.444439658973000050e+09 7.518015868095699261e+01
1.444439659223000050e+09 7.433797963185857327e+01
1.444439659223000050e+09 7.433797963185857327e+01
1.444439659473000050e+09 7.481006249762359062e+01
1.444439659723000050e+09 7.475847557260968301e+01
1.444439659973000050e+09 7.481116579220700658e+01
1.444439659973000050e+09 7.481116579220700658e+01
1.444439660223000050e+09 7.398415015659712424e+01
1.444439660473000050e+09 7.406644017009331549e+01
1.444439660473000050e+09 7.406644017009331549e+01
1.444439660723000050e+09 7.509818710061053082e+01
1.444439660973000050e+09 7.488639531210183975e+01
1.444439660973000050e+09 7.488639531210183975e+01
1.444439661223000050e+09 7.404753198525938274e+01
1.444439661473000050e+09 7.360537963928422300e+01
1.444439661473000050e+09 7.360537963928422300e+01
1.444439661723000050e+09 7.429306753176881273e+01
1.444439661973000050e+09 7.435864316380775563e+01
1.444439661973000050e+09 7.435864316380775563e+01
1.444439662221999884e+09 7.295455326935491769e+01
1.444439662473000050e+09 7.317145686796018822e+01
1.444439662723000050e+09 7.382923261903920320e+01
1.444439662723000050e+09 7.382923261903920320e+01
1.444439662973000050e+09 7.355666938571768299e+01
1.444439663223000050e+09 7.349891050701904760e+01
1.444439663223000050e+09 7.349891050701904760e+01
1.444439663473000050e+09 7.324496311400929471e+01
1.444439663723000050e+09 7.446717778230112117e+01
1.444439663723000050e+09 7.446717778230112117e+01
1.444439663973000050e+09 7.443497452888021826e+01
1.444439664223000050e+09 7.313652316819927535e+01
1.444439664223000050e+09 7.313652316819927535e+01
1.444439664473000050e+09 7.353658760746496625e+01
1.444439664723000050e+09 7.409113474136781008e+01
1.444439664973000050e+09 7.424849009295475355e+01
1.444439664973000050e+09 7.424849009295475355e+01
1.444439665223000050e+09 7.363748877520578162e+01
1.444439665473000050e+09 7.335316054682729714e+01
1.444439665473000050e+09 7.335316054682729714e+01
1.444439665723000050e+09 7.503643841860328223e+01
1.444439665973000050e+09 7.547259229365262456e+01
1.444439665973000050e+09 7.547259229365262456e+01
1.444439666223000050e+09 7.467330651726881285e+01
1.444439666473000050e+09 7.460651309562545919e+01
1.444439666473000050e+09 7.460651309562545919e+01
1.444439666723000050e+09 7.502693938929851925e+01
1.444439666973000050e+09 7.537256181877853578e+01
1.444439667223000050e+09 7.387841970778914913e+01
1.444439667223000050e+09 7.387841970778914913e+01
1.444439667473000050e+09 7.378237962040893194e+01
1.444439667723000050e+09 7.342220754852104392e+01
1.444439667723000050e+09 7.342220754852104392e+01
1.444439667973000050e+09 7.342299885208234400e+01
1.444439668223000050e+09 7.335087237040245611e+01
1.444439668223000050e+09 7.335087237040245611e+01
1.444439668473000050e+09 7.304912556891082431e+01
1.444439668723000050e+09 7.285475907674998552e+01
1.444439668973000050e+09 7.287411343100851013e+01
1.444439668973000050e+09 7.287411343100851013e+01
1.444439669223000050e+09 7.219734087958138957e+01
1.444439669473000050e+09 7.133870379405111350e+01
1.444439669473000050e+09 7.133870379405111350e+01
1.444439669723000050e+09 7.136012636659005182e+01
1.444439669973000050e+09 7.160203910413119388e+01
1.444439669973000050e+09 7.160203910413119388e+01
1.444439670223000050e+09 7.198148659055587473e+01
1.444439670473000050e+09 7.061653484177847417e+01
1.444439670473000050e+09 7.061653484177847417e+01
1.444439670721999884e+09 7.037033855446856023e+01
1.444439670973000050e+09 7.098723091878521529e+01
1.444439671223000050e+09 7.019651382652088500e+01
1.444439671223000050e+09 7.019651382652088500e+01
1.444439671473000050e+09 6.866780797700197070e+01
1.444439671723000050e+09 6.952386231210412859e+01
1.444439671723000050e+09 6.952386231210412859e+01
1.444439671973000050e+09 7.018420259821819229e+01
1.444439672223000050e+09 7.172182197439722984e+01
1.444439672223000050e+09 7.172182197439722984e+01
1.444439672471999884e+09 7.090763838033385014e+01
1.444439672721999884e+09 6.924534147073464396e+01
1.444439672721999884e+09 6.924534147073464396e+01
1.444439672971999884e+09 7.006451939558237996e+01
1.444439673221999884e+09 6.995230142702216369e+01
1.444439673221999884e+09 6.995230142702216369e+01
1.444439673471999884e+09 7.068234371384816939e+01
1.444439673721999884e+09 7.015620246424531103e+01
1.444439673971999884e+09 7.062438168266687910e+01
1.444439673971999884e+09 7.062438168266687910e+01
1.444439674221999884e+09 7.124004568204537691e+01
1.444439674471999884e+09 7.119257791118602086e+01
1.444439674471999884e+09 7.119257791118602086e+01
1.444439674721999884e+09 6.976776455996709103e+01
1.444439674971999884e+09 6.844030188360258649e+01
1.444439674971999884e+09 6.844030188360258649e+01
1.444439675221999884e+09 6.699556282369663052e+01
1.444439675471999884e+09 6.712278615498549073e+01
1.444439675471999884e+09 6.712278615498549073e+01
1.444439675721999884e+09 6.840415685879126784e+01
1.444439675971999884e+09 6.919006179041868165e+01
1.444439675971999884e+09 6.919006179041868165e+01
1.444439676221999884e+09 6.991529952697946726e+01
1.444439676471999884e+09 6.915032576443172729e+01
1.444439676471999884e+09 6.915032576443172729e+01
1.444439676721999884e+09 7.007028467649708148e+01
1.444439676971999884e+09 6.960180604574081542e+01
1.444439677223000050e+09 6.920340619092415579e+01
1.444439677223000050e+09 6.920340619092415579e+01
1.444439677473000050e+09 6.845243109826546402e+01
1.444439677723000050e+09 6.751080607717810267e+01
1.444439677723000050e+09 6.751080607717810267e+01
1.444439677973999977e+09 6.874259069403078115e+01
1.444439678219000101e+09 6.840692969271371737e+01
1.444439678219000101e+09 6.840692969271371737e+01
1.444439678469000101e+09 6.784919339537259475e+01
1.444439678719000101e+09 6.730182179360717498e+01
1.444439678719000101e+09 6.730182179360717498e+01
1.444439678969000101e+09 6.677287005423410449e+01
1.444439679219000101e+09 6.730967027526146751e+01
1.444439679219000101e+09 6.730967027526146751e+01
1.444439679469000101e+09 6.713510741146954786e+01
1.444439679719000101e+09 6.636931841027080736e+01
1.444439679719000101e+09 6.636931841027080736e+01
1.444439679969000101e+09 6.649606314493672699e+01
1.444439680219000101e+09 6.633774068794390644e+01
1.444439680219000101e+09 6.633774068794390644e+01
1.444439680469000101e+09 6.496701330943945152e+01
1.444439680719000101e+09 6.543567394651635993e+01
1.444439680969000101e+09 6.343574817962347367e+01
1.444439681219000101e+09 6.340889290184287574e+01
1.444439681219000101e+09 6.340889290184287574e+01
1.444439681469000101e+09 6.463706233370433551e+01
1.444439681719000101e+09 6.535893429217213679e+01
1.444439681719000101e+09 6.535893429217213679e+01
1.444439681969000101e+09 6.729916091195710237e+01
1.444439682219000101e+09 6.578822395639537035e+01
1.444439682219000101e+09 6.578822395639537035e+01
1.444439682469000101e+09 6.824243727924844904e+01
1.444439682719000101e+09 6.841426689148369178e+01
1.444439682719000101e+09 6.841426689148369178e+01
1.444439682969000101e+09 6.801453381807593246e+01
1.444439683219000101e+09 6.828485478077027437e+01
1.444439683469000101e+09 6.854606736225093755e+01
1.444439683469000101e+09 6.854606736225093755e+01
1.444439683719000101e+09 7.055833443215068712e+01
1.444439683969000101e+09 6.985893174921392301e+01
1.444439683969000101e+09 6.985893174921392301e+01
1.444439684219000101e+09 7.128300129868424051e+01
1.444439684469000101e+09 7.240498099785772013e+01
1.444439684469000101e+09 7.240498099785772013e+01
1.444439684719000101e+09 7.316295550310719875e+01
1.444439684969000101e+09 7.273393316594862767e+01
1.444439684969000101e+09 7.273393316594862767e+01
1.444439685219000101e+09 7.122626663190693819e+01
1.444439685469000101e+09 7.139195976310146818e+01
1.444439685719000101e+09 7.007984743453616261e+01
1.444439685719000101e+09 7.007984743453616261e+01
1.444439685969000101e+09 6.808232708691919299e+01
1.444439686219000101e+09 6.758710489689380552e+01
1.444439686219000101e+09 6.758710489689380552e+01
1.444439686469000101e+09 6.816583364724247929e+01
1.444439686719000101e+09 6.856944972078174771e+01
1.444439686719000101e+09 6.856944972078174771e+01
1.444439686969000101e+09 6.775290141996812565e+01
1.444439687219000101e+09 6.835837118863202022e+01
1.444439687219000101e+09 6.835837118863202022e+01
1.444439687469000101e+09 6.822876351756360691e+01
1.444439687719000101e+09 6.722026957111543766e+01
1.444439687719000101e+09 6.722026957111543766e+01
1.444439687969000101e+09 6.713815385356258503e+01
1.444439688219000101e+09 6.689922194090701169e+01
1.444439688219000101e+09 6.689922194090701169e+01
1.444439688469000101e+09 6.731916557368721499e+01
1.444439688719000101e+09 6.811887342776248033e+01
1.444439688719000101e+09 6.811887342776248033e+01
1.444439688969000101e+09 6.880117391107965830e+01
1.444439689219000101e+09 6.932568084858247914e+01
1.444439689469000101e+09 6.912858180050625378e+01
1.444439689469000101e+09 6.912858180050625378e+01
1.444439689719000101e+09 6.935166574831909259e+01
1.444439689969000101e+09 7.033122359589464168e+01
1.444439689969000101e+09 7.033122359589464168e+01
1.444439690219000101e+09 6.996565598627945803e+01
1.444439690469000101e+09 6.926171943944925147e+01
1.444439690469000101e+09 6.926171943944925147e+01
1.444439690719000101e+09 6.970157314050116781e+01
1.444439690969000101e+09 6.972415970773211313e+01
1.444439690969000101e+09 6.972415970773211313e+01
1.444439691219000101e+09 7.029845814438934326e+01
1.444439691469000101e+09 6.968862842707640937e+01
1.444439691469000101e+09 6.968862842707640937e+01
1.444439691719000101e+09 7.069998622296873236e+01
1.444439691969000101e+09 7.189223252945819809e+01
1.444439691969000101e+09 7.189223252945819809e+01
1.444439692219000101e+09 7.077991798950266400e+01
1.444439692469000101e+09 7.012771128898039308e+01
1.444439692719000101e+09 6.975106441264902912e+01
1.444439692719000101e+09 6.975106441264902912e+01
1.444439692969000101e+09 7.094469461132533183e+01
1.444439693219000101e+09 7.071051911584696370e+01
1.444439693219000101e+09 7.071051911584696370e+01
1.444439693469000101e+09 7.041465907595292606e+01
1.444439693719000101e+09 7.110432188399256859e+01
1.444439693719000101e+09 7.110432188399256859e+01
1.444439693969000101e+09 7.203982107689492409e+01
1.444439694219000101e+09 7.200486832106359714e+01
1.444439694219000101e+09 7.200486832106359714e+01
1.444439694469000101e+09 7.031411695646443150e+01
1.444439694719000101e+09 6.857480006439151055e+01
1.444439694719000101e+09 6.857480006439151055e+01
1.444439694969000101e+09 6.771522980921241697e+01
1.444439695219000101e+09 6.745253565112034266e+01
1.444439695219000101e+09 6.745253565112034266e+01
1.444439695469000101e+09 6.767003959222174103e+01
1.444439695719000101e+09 6.824084527799402622e+01
1.444439695969000101e+09 6.892919802062183976e+01
1.444439695969000101e+09 6.892919802062183976e+01
1.444439696219000101e+09 6.982357506653053747e+01
1.444439696469000101e+09 7.041323584979674877e+01
1.444439696469000101e+09 7.041323584979674877e+01
1.444439696719000101e+09 7.075021785560370802e+01
1.444439696969000101e+09 6.989385548690964356e+01
1.444439696969000101e+09 6.989385548690964356e+01
1.444439697219000101e+09 6.952710587713349355e+01
1.444439697469000101e+09 7.060657658712835882e+01
1.444439697469000101e+09 7.060657658712835882e+01
1.444439697719000101e+09 7.169744203627612933e+01
1.444439697969000101e+09 7.213790687191996653e+01
1.444439698223999977e+09 7.244673797914795443e+01
1.444439698223999977e+09 7.244673797914795443e+01
1.444439698470999956e+09 7.213392331117259459e+01
1.444439698720999956e+09 7.189080626428169296e+01
1.444439698720999956e+09 7.189080626428169296e+01
1.444439698970999956e+09 7.122449669626456625e+01
1.444439699220999956e+09 7.023186648536031385e+01
1.444439699220999956e+09 7.023186648536031385e+01
1.444439699473999977e+09 7.096534765373434084e+01
1.444439699723999977e+09 7.116410229844113644e+01
1.444439699723999977e+09 7.116410229844113644e+01
1.444439699973999977e+09 7.151499311453414975e+01
1.444439700223999977e+09 7.082486511950607166e+01
1.444439700223999977e+09 7.082486511950607166e+01
1.444439700473999977e+09 6.984023115737417697e+01
1.444439700723999977e+09 7.040261006146145917e+01
1.444439700973999977e+09 6.977551827465568124e+01
1.444439700973999977e+09 6.977551827465568124e+01
1.444439701223999977e+09 6.847883389842320412e+01
1.444439701473999977e+09 6.916852561905733410e+01
1.444439701473999977e+09 6.916852561905733410e+01
1.444439701723999977e+09 7.058870819181233003e+01
1.444439701973999977e+09 7.096774778504945402e+01
1.444439701973999977e+09 7.096774778504945402e+01
1.444439702223999977e+09 7.049262260485726017e+01
1.444439702473999977e+09 7.029510185603270145e+01
1.444439702473999977e+09 7.029510185603270145e+01
1.444439702719000101e+09 7.160979321793087138e+01
1.444439702969000101e+09 7.174937218830868346e+01
1.444439702969000101e+09 7.174937218830868346e+01
1.444439703219000101e+09 7.074345037371028866e+01
1.444439703469000101e+09 7.085548659173709041e+01
1.444439703469000101e+09 7.085548659173709041e+01
1.444439703719000101e+09 7.233307335795157655e+01
1.444439703969000101e+09 7.207988764262594827e+01
1.444439704219000101e+09 7.086717033102085850e+01
1.444439704219000101e+09 7.086717033102085850e+01
1.444439704469000101e+09 6.989819500213403103e+01
1.444439704719000101e+09 7.095238502685113247e+01
1.444439704719000101e+09 7.095238502685113247e+01
1.444439704969000101e+09 7.106424220428640126e+01
1.444439705219000101e+09 6.886025520633675967e+01
1.444439705219000101e+09 6.886025520633675967e+01
1.444439705469000101e+09 6.851585289880256369e+01
1.444439705719000101e+09 6.940160134563210192e+01
1.444439705719000101e+09 6.940160134563210192e+01
1.444439705967000008e+09 6.967069234065670003e+01
1.444439706217000008e+09 6.847745683918918758e+01
1.444439706467000008e+09 6.738388730687310613e+01
1.444439706467000008e+09 6.738388730687310613e+01
1.444439706717000008e+09 6.761564229165260542e+01
1.444439706967000008e+09 6.799562468124395309e+01
1.444439706967000008e+09 6.799562468124395309e+01
1.444439707217000008e+09 6.772074342135746861e+01
1.444439707467000008e+09 6.628480197693032494e+01
1.444439707467000008e+09 6.628480197693032494e+01
1.444439707717000008e+09 6.651331210929066629e+01
1.444439707967000008e+09 6.633828909571801091e+01
1.444439707967000008e+09 6.633828909571801091e+01
1.444439708217000008e+09 6.663837062767235864e+01
1.444439708467000008e+09 6.571339099384016436e+01
1.444439708467000008e+09 6.571339099384016436e+01
1.444439708717000008e+09 6.520238431799855050e+01
1.444439708967000008e+09 6.739454451822463454e+01
1.444439708967000008e+09 6.739454451822463454e+01
1.444439709217000008e+09 6.782748439757232006e+01
1.444439709470999956e+09 6.816587281315108271e+01
1.444439709470999956e+09 6.816587281315108271e+01
1.444439709720999956e+09 6.840910548712216155e+01
1.444439709970999956e+09 6.870056503216365229e+01
1.444439710220999956e+09 7.021991698862463238e+01
1.444439710220999956e+09 7.021991698862463238e+01
1.444439710470999956e+09 6.858401508957057047e+01
1.444439710720999956e+09 6.789949683656539037e+01
1.444439710720999956e+09 6.789949683656539037e+01
1.444439710970999956e+09 7.022075852904259818e+01
1.444439711220999956e+09 7.018873552058927601e+01
1.444439711220999956e+09 7.018873552058927601e+01
1.444439711470999956e+09 7.069020197040056530e+01
1.444439711720999956e+09 6.970693310495997252e+01
1.444439711970999956e+09 6.986106178339944961e+01
1.444439711970999956e+09 6.986106178339944961e+01
1.444439712220999956e+09 7.121064975232810923e+01
1.444439712470999956e+09 6.895974942456514611e+01
1.444439712470999956e+09 6.895974942456514611e+01
1.444439712720999956e+09 6.835821235466569590e+01
1.444439712970999956e+09 6.968772789846475746e+01
1.444439712970999956e+09 6.968772789846475746e+01
1.444439713220999956e+09 7.030991787789461966e+01
1.444439713470999956e+09 7.118915923932480894e+01
1.444439713470999956e+09 7.118915923932480894e+01
1.444439713720999956e+09 7.065246806842455385e+01
1.444439713970999956e+09 7.115633330446436844e+01
1.444439713970999956e+09 7.115633330446436844e+01
1.444439714220999956e+09 7.121395171247863232e+01
1.444439714470999956e+09 6.993357988140346038e+01
1.444439714721999884e+09 6.944223124105596412e+01
1.444439714721999884e+09 6.944223124105596412e+01
1.444439714971999884e+09 7.048030760101578096e+01
1.444439715221999884e+09 7.086996173544353894e+01
1.444439715221999884e+09 7.086996173544353894e+01
1.444439715471999884e+09 7.092418340119363052e+01
1.444439715721999884e+09 7.081292887581095385e+01
1.444439715721999884e+09 7.081292887581095385e+01
1.444439715971999884e+09 7.033192533688691128e+01
1.444439716221999884e+09 7.009712080485850549e+01
1.444439716221999884e+09 7.009712080485850549e+01
1.444439716471999884e+09 6.808648281600993357e+01
1.444439716721999884e+09 6.743415715140098143e+01
1.444439716721999884e+09 6.743415715140098143e+01
1.444439716971999884e+09 6.708748576181726264e+01
1.444439717221999884e+09 6.801670050184766581e+01
1.444439717471999884e+09 6.817224069465302705e+01
1.444439717471999884e+09 6.817224069465302705e+01
1.444439717721999884e+09 6.727967562699770099e+01
1.444439717971999884e+09 6.794133452539637119e+01
1.444439717971999884e+09 6.794133452539637119e+01
1.444439718223999977e+09 6.807118279412634365e+01
1.444439718470999956e+09 6.884102293455241295e+01
1.444439718470999956e+09 6.884102293455241295e+01
1.444439718720999956e+09 6.894475108074460934e+01
1.444439718970999956e+09 6.900029666815649421e+01
1.444439718970999956e+09 6.900029666815649421e+01
1.444439719220999956e+09 7.000667515234067650e+01
1.444439719470999956e+09 7.006450452788007510e+01
1.444439719470999956e+09 7.006450452788007510e+01
1.444439719720999956e+09 6.987665150118201041e+01
1.444439719970999956e+09 6.973530085484175345e+01
1.444439720220999956e+09 6.966139005651321270e+01
1.444439720220999956e+09 6.966139005651321270e+01
1.444439720470999956e+09 7.028526462050815837e+01
1.444439720716000080e+09 7.109777724536868959e+01
1.444439720716000080e+09 7.109777724536868959e+01
1.444439720966000080e+09 7.097486155969735933e+01
1.444439721220999956e+09 7.139750377498644696e+01
1.444439721220999956e+09 7.139750377498644696e+01
1.444439721471999884e+09 7.164151109869695233e+01
1.444439721720999956e+09 7.152516312074412497e+01
1.444439721720999956e+09 7.152516312074412497e+01
1.444439721970999956e+09 7.143469123283043132e+01
1.444439722220999956e+09 7.179715494598504222e+01
1.444439722471999884e+09 7.333047572393839175e+01
1.444439722471999884e+09 7.333047572393839175e+01
1.444439722720999956e+09 7.376602164178737553e+01
1.444439722970999956e+09 7.291335178022399077e+01
1.444439722970999956e+09 7.291335178022399077e+01
1.444439723220999956e+09 7.169347485070119319e+01
1.444439723470999956e+09 7.157713747576259777e+01
1.444439723470999956e+09 7.157713747576259777e+01
1.444439723720999956e+09 7.126727306572858822e+01
1.444439723970999956e+09 7.045907694209175531e+01
1.444439723970999956e+09 7.045907694209175531e+01
1.444439724220999956e+09 7.062378704685711739e+01
1.444439724470999956e+09 7.135524222856656706e+01
1.444439724470999956e+09 7.135524222856656706e+01
1.444439724720999956e+09 7.205841004439075448e+01
1.444439724971999884e+09 7.229700436760674620e+01
1.444439725220999956e+09 7.161308495486413506e+01
1.444439725220999956e+09 7.161308495486413506e+01
1.444439725470999956e+09 7.147899304419297550e+01
1.444439725721999884e+09 7.129386749546213764e+01
1.444439725721999884e+09 7.129386749546213764e+01
1.444439725970999956e+09 7.164049453146239443e+01
1.444439726220999956e+09 7.265963064512857272e+01
1.444439726220999956e+09 7.265963064512857272e+01
1.444439726470999956e+09 7.247073778057283278e+01
1.444439726720999956e+09 7.236914825303674093e+01
1.444439726720999956e+09 7.236914825303674093e+01
1.444439726970999956e+09 7.252923647318537803e+01
1.444439727220999956e+09 7.288204185326722495e+01
1.444439727470999956e+09 7.303639561786836509e+01
1.444439727470999956e+09 7.303639561786836509e+01
1.444439727721999884e+09 7.284506797384136689e+01
1.444439727971999884e+09 7.376740961594616408e+01
1.444439727971999884e+09 7.376740961594616408e+01
1.444439728220999956e+09 7.442949462013118023e+01
1.444439728470999956e+09 7.456832683941999562e+01
1.444439728470999956e+09 7.456832683941999562e+01
1.444439728721999884e+09 7.351549353767913431e+01
1.444439728970999956e+09 7.404628264009932082e+01
1.444439728970999956e+09 7.404628264009932082e+01
1.444439729220999956e+09 7.390687580549308677e+01
1.444439729466000080e+09 7.278274717643219560e+01
1.444439729716000080e+09 7.238723631801566682e+01
1.444439729716000080e+09 7.238723631801566682e+01
1.444439729966000080e+09 7.275799108276882521e+01
1.444439730216000080e+09 7.368186869691852792e+01
1.444439730216000080e+09 7.368186869691852792e+01
1.444439730466000080e+09 7.229377696455546243e+01
1.444439730716000080e+09 7.236035444200838640e+01
1.444439730716000080e+09 7.236035444200838640e+01
1.444439730966000080e+09 7.314631360325836340e+01
1.444439731216000080e+09 7.280777923678381569e+01
1.444439731216000080e+09 7.280777923678381569e+01
1.444439731466000080e+09 7.206355585026348365e+01
1.444439731716000080e+09 7.204667691505524374e+01
1.444439731966000080e+09 7.312176054816323756e+01
1.444439731966000080e+09 7.312176054816323756e+01
1.444439732216000080e+09 7.339998047164615969e+01
1.444439732466000080e+09 7.323834001845084174e+01
1.444439732466000080e+09 7.323834001845084174e+01
1.444439732716000080e+09 7.424586512006513317e+01
1.444439732967000008e+09 7.494620742692511328e+01
1.444439732967000008e+09 7.494620742692511328e+01
1.444439733217000008e+09 7.397488719201682272e+01
1.444439733467000008e+09 7.354220406372682817e+01
1.444439733467000008e+09 7.354220406372682817e+01
1.444439733717000008e+09 7.402678603424897119e+01
1.444439733967000008e+09 7.452448286622677642e+01
1.444439734217000008e+09 7.431203979080446231e+01
1.444439734217000008e+09 7.431203979080446231e+01
1.444439734467000008e+09 7.398572381708160606e+01
1.444439734717000008e+09 7.551870006278025471e+01
1.444439734717000008e+09 7.551870006278025471e+01
1.444439734967000008e+09 7.443790912876021082e+01
1.444439735217000008e+09 7.399084652465209899e+01
1.444439735217000008e+09 7.399084652465209899e+01
1.444439735467000008e+09 7.397725669237478030e+01
1.444439735717000008e+09 7.436755753270428215e+01
